2019-01-19 09:17:36,700:    |Namespace(batch_size=128, lr=0.1, mm=0.9, model_name='mine_dropout', num_epoch=200, optim='sgd', resume=None, wd=0.001)
2019-01-19 09:17:36,708:    |cuda
2019-01-19 09:17:38,368:    |==> Building model..
2019-01-19 09:17:43,875:    |restart
2019-01-19 09:19:15,862:    |Epoch: 0, train acc: 0.35, test acc: 0.45
2019-01-19 09:20:38,623:    |Epoch: 1, train acc: 0.52, test acc: 0.52
2019-01-19 09:22:00,833:    |Epoch: 2, train acc: 0.60, test acc: 0.49
2019-01-19 09:23:25,106:    |Epoch: 3, train acc: 0.64, test acc: 0.65
2019-01-19 09:24:47,420:    |Epoch: 4, train acc: 0.66, test acc: 0.66
2019-01-19 09:26:09,055:    |Epoch: 5, train acc: 0.69, test acc: 0.63
2019-01-19 09:27:32,964:    |Epoch: 6, train acc: 0.70, test acc: 0.63
2019-01-19 09:28:56,250:    |Epoch: 7, train acc: 0.71, test acc: 0.65
2019-01-19 09:30:18,197:    |Epoch: 8, train acc: 0.72, test acc: 0.64
2019-01-19 09:31:41,154:    |Epoch: 9, train acc: 0.72, test acc: 0.67
2019-01-19 09:33:04,494:    |Epoch: 10, train acc: 0.73, test acc: 0.67
2019-01-19 09:34:26,458:    |Epoch: 11, train acc: 0.73, test acc: 0.64
2019-01-19 09:35:49,288:    |Epoch: 12, train acc: 0.73, test acc: 0.69
2019-01-19 09:37:12,766:    |Epoch: 13, train acc: 0.74, test acc: 0.64
2019-01-19 09:38:34,697:    |Epoch: 14, train acc: 0.74, test acc: 0.59
2019-01-19 09:39:56,936:    |Epoch: 15, train acc: 0.74, test acc: 0.67
2019-01-19 09:41:21,072:    |Epoch: 16, train acc: 0.74, test acc: 0.70
2019-01-19 09:42:43,432:    |Epoch: 17, train acc: 0.74, test acc: 0.70
2019-01-19 09:44:06,074:    |Epoch: 18, train acc: 0.74, test acc: 0.65
2019-01-19 09:45:30,495:    |Epoch: 19, train acc: 0.74, test acc: 0.69
2019-01-19 09:46:51,538:    |Epoch: 20, train acc: 0.75, test acc: 0.60
2019-01-19 09:48:14,274:    |Epoch: 21, train acc: 0.75, test acc: 0.58
2019-01-19 09:49:38,444:    |Epoch: 22, train acc: 0.75, test acc: 0.62
2019-01-19 09:51:00,560:    |Epoch: 23, train acc: 0.75, test acc: 0.69
2019-01-19 09:52:22,545:    |Epoch: 24, train acc: 0.75, test acc: 0.59
2019-01-19 09:53:46,021:    |Epoch: 25, train acc: 0.75, test acc: 0.67
2019-01-19 09:55:07,573:    |Epoch: 26, train acc: 0.75, test acc: 0.69
2019-01-19 09:56:30,513:    |Epoch: 27, train acc: 0.75, test acc: 0.68
2019-01-19 09:57:54,222:    |Epoch: 28, train acc: 0.75, test acc: 0.63
2019-01-19 09:59:16,761:    |Epoch: 29, train acc: 0.75, test acc: 0.67
2019-01-19 10:00:38,754:    |Epoch: 30, train acc: 0.75, test acc: 0.63
2019-01-19 10:02:02,003:    |Epoch: 31, train acc: 0.75, test acc: 0.73
2019-01-19 10:03:23,702:    |Epoch: 32, train acc: 0.75, test acc: 0.71
2019-01-19 10:04:45,866:    |Epoch: 33, train acc: 0.75, test acc: 0.70
2019-01-19 10:06:10,307:    |Epoch: 34, train acc: 0.76, test acc: 0.67
2019-01-19 10:07:32,973:    |Epoch: 35, train acc: 0.76, test acc: 0.55
2019-01-19 10:08:53,626:    |Epoch: 36, train acc: 0.76, test acc: 0.64
2019-01-19 10:10:17,700:    |Epoch: 37, train acc: 0.75, test acc: 0.72
2019-01-19 10:11:39,680:    |Epoch: 38, train acc: 0.76, test acc: 0.71
2019-01-19 10:13:01,684:    |Epoch: 39, train acc: 0.76, test acc: 0.70
2019-01-19 10:13:01,685:    |Saving...
2019-01-19 10:13:01,715:    |./checkpoint/mine_dropout_train0.76_test0.70_eph39.ckpt
2019-01-19 10:14:25,771:    |Epoch: 40, train acc: 0.76, test acc: 0.71
2019-01-19 10:15:47,652:    |Epoch: 41, train acc: 0.76, test acc: 0.64
2019-01-19 10:17:09,451:    |Epoch: 42, train acc: 0.76, test acc: 0.65
2019-01-19 10:18:33,125:    |Epoch: 43, train acc: 0.76, test acc: 0.72
2019-01-19 10:19:55,460:    |Epoch: 44, train acc: 0.75, test acc: 0.66
2019-01-19 10:21:17,721:    |Epoch: 45, train acc: 0.76, test acc: 0.72
2019-01-19 10:22:41,428:    |Epoch: 46, train acc: 0.76, test acc: 0.70
2019-01-19 10:24:04,370:    |Epoch: 47, train acc: 0.76, test acc: 0.66
2019-01-19 10:25:26,343:    |Epoch: 48, train acc: 0.76, test acc: 0.71
2019-01-19 10:26:49,664:    |Epoch: 49, train acc: 0.75, test acc: 0.67
2019-01-19 10:28:12,615:    |Epoch: 50, train acc: 0.76, test acc: 0.71
2019-01-19 10:29:35,127:    |Epoch: 51, train acc: 0.76, test acc: 0.71
2019-01-19 10:30:57,417:    |Epoch: 52, train acc: 0.76, test acc: 0.69
2019-01-19 10:32:21,110:    |Epoch: 53, train acc: 0.76, test acc: 0.66
2019-01-19 10:33:43,219:    |Epoch: 54, train acc: 0.76, test acc: 0.68
2019-01-19 10:35:05,990:    |Epoch: 55, train acc: 0.76, test acc: 0.72
2019-01-19 10:36:29,910:    |Epoch: 56, train acc: 0.76, test acc: 0.63
2019-01-19 10:37:51,188:    |Epoch: 57, train acc: 0.76, test acc: 0.72
2019-01-19 10:39:13,366:    |Epoch: 58, train acc: 0.76, test acc: 0.71
2019-01-19 10:40:37,484:    |Epoch: 59, train acc: 0.76, test acc: 0.64
2019-01-19 10:41:59,496:    |Epoch: 60, train acc: 0.76, test acc: 0.62
2019-01-19 10:43:21,554:    |Epoch: 61, train acc: 0.76, test acc: 0.64
2019-01-19 10:44:45,440:    |Epoch: 62, train acc: 0.76, test acc: 0.66
2019-01-19 10:46:06,997:    |Epoch: 63, train acc: 0.76, test acc: 0.64
2019-01-19 10:47:29,637:    |Epoch: 64, train acc: 0.76, test acc: 0.69
2019-01-19 10:48:53,794:    |Epoch: 65, train acc: 0.76, test acc: 0.67
2019-01-19 10:50:16,950:    |Epoch: 66, train acc: 0.76, test acc: 0.70
2019-01-19 10:51:39,546:    |Epoch: 67, train acc: 0.76, test acc: 0.71
2019-01-19 10:53:02,869:    |Epoch: 68, train acc: 0.76, test acc: 0.68
2019-01-19 10:54:25,707:    |Epoch: 69, train acc: 0.76, test acc: 0.71
2019-01-19 10:55:48,102:    |Epoch: 70, train acc: 0.76, test acc: 0.73
2019-01-19 10:57:12,401:    |Epoch: 71, train acc: 0.76, test acc: 0.71
2019-01-19 10:58:34,828:    |Epoch: 72, train acc: 0.76, test acc: 0.69
2019-01-19 10:59:56,340:    |Epoch: 73, train acc: 0.76, test acc: 0.64
2019-01-19 11:01:20,284:    |Epoch: 74, train acc: 0.76, test acc: 0.62
2019-01-19 11:02:41,872:    |Epoch: 75, train acc: 0.76, test acc: 0.73
2019-01-19 11:04:04,479:    |Epoch: 76, train acc: 0.76, test acc: 0.73
2019-01-19 11:05:28,958:    |Epoch: 77, train acc: 0.76, test acc: 0.67
2019-01-19 11:06:50,797:    |Epoch: 78, train acc: 0.76, test acc: 0.56
2019-01-19 11:08:11,863:    |Epoch: 79, train acc: 0.76, test acc: 0.70
2019-01-19 11:08:11,863:    |Saving...
2019-01-19 11:08:11,886:    |./checkpoint/mine_dropout_train0.76_test0.70_eph79.ckpt
2019-01-19 11:09:36,408:    |Epoch: 80, train acc: 0.76, test acc: 0.65
2019-01-19 11:10:58,571:    |Epoch: 81, train acc: 0.76, test acc: 0.69
2019-01-19 11:12:20,783:    |Epoch: 82, train acc: 0.76, test acc: 0.71
2019-01-19 11:13:44,270:    |Epoch: 83, train acc: 0.76, test acc: 0.71
2019-01-19 11:15:06,886:    |Epoch: 84, train acc: 0.76, test acc: 0.72
2019-01-19 11:16:29,108:    |Epoch: 85, train acc: 0.76, test acc: 0.73
2019-01-19 11:17:41,843:    |Epoch: 86, train acc: 0.76, test acc: 0.54
2019-01-19 11:18:53,812:    |Epoch: 87, train acc: 0.76, test acc: 0.57
