2019-01-19 15:13:55,444:    |Namespace(batch_size=128, lr=0.1, mm=0.9, model_name='mine_1111_dropout', num_epoch=200, optim='sgd', resume=None, wd=1e-05)
2019-01-19 15:13:55,467:    |cuda
2019-01-19 15:13:57,087:    |==> Building model..
2019-01-19 15:14:02,576:    |restart
2019-01-19 15:15:21,386:    |Epoch: 0, train acc: 0.35, test acc: 0.47
2019-01-19 15:16:32,466:    |Epoch: 1, train acc: 0.51, test acc: 0.53
2019-01-19 15:17:45,655:    |Epoch: 2, train acc: 0.59, test acc: 0.60
2019-01-19 15:18:56,105:    |Epoch: 3, train acc: 0.64, test acc: 0.62
2019-01-19 15:20:08,051:    |Epoch: 4, train acc: 0.67, test acc: 0.68
2019-01-19 15:21:17,636:    |Epoch: 5, train acc: 0.69, test acc: 0.66
2019-01-19 15:22:29,704:    |Epoch: 6, train acc: 0.71, test acc: 0.72
2019-01-19 15:23:39,127:    |Epoch: 7, train acc: 0.73, test acc: 0.74
2019-01-19 15:24:49,806:    |Epoch: 8, train acc: 0.74, test acc: 0.76
2019-01-19 15:26:01,727:    |Epoch: 9, train acc: 0.76, test acc: 0.75
2019-01-19 15:27:13,056:    |Epoch: 10, train acc: 0.77, test acc: 0.77
2019-01-19 15:28:24,986:    |Epoch: 11, train acc: 0.78, test acc: 0.76
2019-01-19 15:29:34,667:    |Epoch: 12, train acc: 0.79, test acc: 0.79
2019-01-19 15:30:46,430:    |Epoch: 13, train acc: 0.80, test acc: 0.78
2019-01-19 15:31:55,807:    |Epoch: 14, train acc: 0.81, test acc: 0.80
2019-01-19 15:33:07,702:    |Epoch: 15, train acc: 0.81, test acc: 0.81
2019-01-19 15:33:56,456:    |Epoch: 16, train acc: 0.82, test acc: 0.81
2019-01-19 15:34:58,786:    |Epoch: 17, train acc: 0.82, test acc: 0.82
2019-01-19 15:36:08,092:    |Epoch: 18, train acc: 0.83, test acc: 0.82
2019-01-19 15:37:19,738:    |Epoch: 19, train acc: 0.83, test acc: 0.81
2019-01-19 15:38:29,819:    |Epoch: 20, train acc: 0.84, test acc: 0.82
2019-01-19 15:39:42,251:    |Epoch: 21, train acc: 0.84, test acc: 0.82
2019-01-19 15:40:52,544:    |Epoch: 22, train acc: 0.84, test acc: 0.81
2019-01-19 15:42:05,355:    |Epoch: 23, train acc: 0.85, test acc: 0.83
2019-01-19 15:43:15,367:    |Epoch: 24, train acc: 0.85, test acc: 0.83
2019-01-19 15:44:26,463:    |Epoch: 25, train acc: 0.85, test acc: 0.84
2019-01-19 15:45:37,728:    |Epoch: 26, train acc: 0.86, test acc: 0.83
2019-01-19 15:46:47,320:    |Epoch: 27, train acc: 0.86, test acc: 0.84
2019-01-19 15:47:59,625:    |Epoch: 28, train acc: 0.86, test acc: 0.84
2019-01-19 15:49:10,470:    |Epoch: 29, train acc: 0.87, test acc: 0.84
2019-01-19 15:50:23,174:    |Epoch: 30, train acc: 0.87, test acc: 0.85
2019-01-19 15:51:33,258:    |Epoch: 31, train acc: 0.87, test acc: 0.85
2019-01-19 15:52:44,821:    |Epoch: 32, train acc: 0.87, test acc: 0.85
2019-01-19 15:53:55,039:    |Epoch: 33, train acc: 0.87, test acc: 0.85
2019-01-19 15:55:04,915:    |Epoch: 34, train acc: 0.88, test acc: 0.85
2019-01-19 15:56:17,236:    |Epoch: 35, train acc: 0.88, test acc: 0.86
2019-01-19 15:57:28,222:    |Epoch: 36, train acc: 0.88, test acc: 0.86
2019-01-19 15:58:40,107:    |Epoch: 37, train acc: 0.88, test acc: 0.85
2019-01-19 15:59:50,875:    |Epoch: 38, train acc: 0.88, test acc: 0.86
2019-01-19 16:01:02,480:    |Epoch: 39, train acc: 0.88, test acc: 0.86
2019-01-19 16:01:02,480:    |Saving...
2019-01-19 16:01:02,516:    |./checkpoint/mine_1111_dropout_train0.88_test0.86_eph39.ckpt
2019-01-19 16:02:12,110:    |Epoch: 40, train acc: 0.89, test acc: 0.86
2019-01-19 16:03:22,298:    |Epoch: 41, train acc: 0.89, test acc: 0.86
2019-01-19 16:04:34,534:    |Epoch: 42, train acc: 0.89, test acc: 0.85
2019-01-19 16:05:45,459:    |Epoch: 43, train acc: 0.89, test acc: 0.86
2019-01-19 16:06:57,132:    |Epoch: 44, train acc: 0.89, test acc: 0.86
2019-01-19 16:08:07,353:    |Epoch: 45, train acc: 0.89, test acc: 0.86
2019-01-19 16:09:19,315:    |Epoch: 46, train acc: 0.89, test acc: 0.87
2019-01-19 16:10:28,554:    |Epoch: 47, train acc: 0.89, test acc: 0.87
2019-01-19 16:11:39,178:    |Epoch: 48, train acc: 0.90, test acc: 0.87
2019-01-19 16:12:51,188:    |Epoch: 49, train acc: 0.90, test acc: 0.86
2019-01-19 16:14:01,684:    |Epoch: 50, train acc: 0.90, test acc: 0.87
2019-01-19 16:15:13,560:    |Epoch: 51, train acc: 0.90, test acc: 0.86
2019-01-19 16:16:22,951:    |Epoch: 52, train acc: 0.90, test acc: 0.87
2019-01-19 16:17:34,811:    |Epoch: 53, train acc: 0.90, test acc: 0.86
2019-01-19 16:18:44,682:    |Epoch: 54, train acc: 0.90, test acc: 0.87
2019-01-19 16:19:56,305:    |Epoch: 55, train acc: 0.91, test acc: 0.87
2019-01-19 16:21:08,146:    |Epoch: 56, train acc: 0.91, test acc: 0.87
2019-01-19 16:22:18,999:    |Epoch: 57, train acc: 0.91, test acc: 0.87
2019-01-19 16:23:30,539:    |Epoch: 58, train acc: 0.91, test acc: 0.88
2019-01-19 16:24:40,030:    |Epoch: 59, train acc: 0.91, test acc: 0.87
2019-01-19 16:25:51,594:    |Epoch: 60, train acc: 0.91, test acc: 0.87
2019-01-19 16:27:01,106:    |Epoch: 61, train acc: 0.91, test acc: 0.87
2019-01-19 16:28:12,512:    |Epoch: 62, train acc: 0.91, test acc: 0.87
2019-01-19 16:29:23,820:    |Epoch: 63, train acc: 0.91, test acc: 0.87
2019-01-19 16:30:33,977:    |Epoch: 64, train acc: 0.91, test acc: 0.87
2019-01-19 16:31:46,466:    |Epoch: 65, train acc: 0.92, test acc: 0.87
2019-01-19 16:32:56,019:    |Epoch: 66, train acc: 0.91, test acc: 0.87
2019-01-19 16:34:07,764:    |Epoch: 67, train acc: 0.92, test acc: 0.87
2019-01-19 16:35:17,123:    |Epoch: 68, train acc: 0.92, test acc: 0.87
2019-01-19 16:36:29,030:    |Epoch: 69, train acc: 0.92, test acc: 0.87
2019-01-19 16:37:41,095:    |Epoch: 70, train acc: 0.92, test acc: 0.87
2019-01-19 16:38:52,075:    |Epoch: 71, train acc: 0.92, test acc: 0.88
2019-01-19 16:40:04,120:    |Epoch: 72, train acc: 0.92, test acc: 0.87
2019-01-19 16:41:14,070:    |Epoch: 73, train acc: 0.92, test acc: 0.88
2019-01-19 16:42:26,391:    |Epoch: 74, train acc: 0.92, test acc: 0.87
2019-01-19 16:43:35,317:    |Epoch: 75, train acc: 0.92, test acc: 0.87
2019-01-19 16:44:48,078:    |Epoch: 76, train acc: 0.92, test acc: 0.88
2019-01-19 16:46:00,235:    |Epoch: 77, train acc: 0.92, test acc: 0.87
2019-01-19 16:47:10,673:    |Epoch: 78, train acc: 0.92, test acc: 0.87
2019-01-19 16:48:21,780:    |Epoch: 79, train acc: 0.93, test acc: 0.87
2019-01-19 16:48:21,781:    |Saving...
2019-01-19 16:48:21,820:    |./checkpoint/mine_1111_dropout_train0.93_test0.87_eph79.ckpt
2019-01-19 16:49:31,005:    |Epoch: 80, train acc: 0.93, test acc: 0.88
2019-01-19 16:50:42,759:    |Epoch: 81, train acc: 0.92, test acc: 0.88
2019-01-19 16:51:52,185:    |Epoch: 82, train acc: 0.93, test acc: 0.87
2019-01-19 16:53:05,130:    |Epoch: 83, train acc: 0.93, test acc: 0.88
2019-01-19 16:54:17,042:    |Epoch: 84, train acc: 0.93, test acc: 0.87
2019-01-19 16:55:27,661:    |Epoch: 85, train acc: 0.93, test acc: 0.88
2019-01-19 16:56:38,509:    |Epoch: 86, train acc: 0.93, test acc: 0.87
2019-01-19 16:57:47,619:    |Epoch: 87, train acc: 0.93, test acc: 0.88
2019-01-19 16:58:59,498:    |Epoch: 88, train acc: 0.93, test acc: 0.89
2019-01-19 17:00:08,822:    |Epoch: 89, train acc: 0.93, test acc: 0.88
2019-01-19 17:01:21,832:    |Epoch: 90, train acc: 0.93, test acc: 0.88
2019-01-19 17:02:33,030:    |Epoch: 91, train acc: 0.93, test acc: 0.88
2019-01-19 17:03:44,117:    |Epoch: 92, train acc: 0.93, test acc: 0.89
2019-01-19 17:04:54,559:    |Epoch: 93, train acc: 0.93, test acc: 0.88
2019-01-19 17:06:04,185:    |Epoch: 94, train acc: 0.93, test acc: 0.88
2019-01-19 17:07:16,023:    |Epoch: 95, train acc: 0.93, test acc: 0.88
2019-01-19 17:08:25,645:    |Epoch: 96, train acc: 0.93, test acc: 0.88
2019-01-19 17:09:38,678:    |Epoch: 97, train acc: 0.93, test acc: 0.88
2019-01-19 17:10:48,788:    |Epoch: 98, train acc: 0.94, test acc: 0.88
2019-01-19 17:11:59,963:    |Epoch: 99, train acc: 0.93, test acc: 0.89
2019-01-19 17:13:09,094:    |Epoch: 100, train acc: 0.94, test acc: 0.88
2019-01-19 17:14:19,789:    |Epoch: 101, train acc: 0.93, test acc: 0.88
2019-01-19 17:15:31,103:    |Epoch: 102, train acc: 0.94, test acc: 0.88
2019-01-19 17:16:41,562:    |Epoch: 103, train acc: 0.94, test acc: 0.88
2019-01-19 17:17:55,304:    |Epoch: 104, train acc: 0.94, test acc: 0.89
2019-01-19 17:19:05,479:    |Epoch: 105, train acc: 0.94, test acc: 0.88
2019-01-19 17:20:17,514:    |Epoch: 106, train acc: 0.94, test acc: 0.89
2019-01-19 17:21:27,143:    |Epoch: 107, train acc: 0.94, test acc: 0.88
2019-01-19 17:22:37,605:    |Epoch: 108, train acc: 0.94, test acc: 0.88
2019-01-19 17:23:48,361:    |Epoch: 109, train acc: 0.94, test acc: 0.89
2019-01-19 17:24:57,289:    |Epoch: 110, train acc: 0.94, test acc: 0.89
2019-01-19 17:26:10,433:    |Epoch: 111, train acc: 0.94, test acc: 0.89
2019-01-19 17:27:20,020:    |Epoch: 112, train acc: 0.94, test acc: 0.88
2019-01-19 17:28:32,639:    |Epoch: 113, train acc: 0.94, test acc: 0.88
2019-01-19 17:29:42,435:    |Epoch: 114, train acc: 0.94, test acc: 0.89
2019-01-19 17:30:53,622:    |Epoch: 115, train acc: 0.94, test acc: 0.89
2019-01-19 17:32:03,669:    |Epoch: 116, train acc: 0.94, test acc: 0.88
2019-01-19 17:33:14,549:    |Epoch: 117, train acc: 0.94, test acc: 0.88
2019-01-19 17:34:27,825:    |Epoch: 118, train acc: 0.94, test acc: 0.88
2019-01-19 17:35:37,124:    |Epoch: 119, train acc: 0.94, test acc: 0.89
2019-01-19 17:35:37,124:    |Saving...
2019-01-19 17:35:37,162:    |./checkpoint/mine_1111_dropout_train0.94_test0.89_eph119.ckpt
2019-01-19 17:36:49,655:    |Epoch: 120, train acc: 0.94, test acc: 0.88
2019-01-19 17:37:59,367:    |Epoch: 121, train acc: 0.94, test acc: 0.89
2019-01-19 17:39:11,513:    |Epoch: 122, train acc: 0.94, test acc: 0.88
2019-01-19 17:40:22,071:    |Epoch: 123, train acc: 0.94, test acc: 0.89
2019-01-19 17:41:33,390:    |Epoch: 124, train acc: 0.94, test acc: 0.88
2019-01-19 17:42:46,750:    |Epoch: 125, train acc: 0.94, test acc: 0.89
2019-01-19 17:43:56,366:    |Epoch: 126, train acc: 0.95, test acc: 0.89
2019-01-19 17:45:07,789:    |Epoch: 127, train acc: 0.94, test acc: 0.89
2019-01-19 17:46:17,400:    |Epoch: 128, train acc: 0.94, test acc: 0.89
2019-01-19 17:47:30,522:    |Epoch: 129, train acc: 0.95, test acc: 0.89
