2019-01-19 07:12:51,932:    |Namespace(batch_size=128, lr=0.1, mm=0.9, model_name='mine_1122_dropout', num_epoch=200, optim='sgd', resume=None, wd=0.01)
2019-01-19 07:12:51,941:    |cuda
2019-01-19 07:12:54,437:    |==> Building model..
2019-01-19 07:13:00,214:    |restart
2019-01-19 07:15:11,953:    |Epoch: 0, train acc: 0.29, test acc: 0.26
2019-01-19 07:17:14,241:    |Epoch: 1, train acc: 0.34, test acc: 0.30
2019-01-19 07:19:18,734:    |Epoch: 2, train acc: 0.36, test acc: 0.19
2019-01-19 07:21:19,834:    |Epoch: 3, train acc: 0.36, test acc: 0.21
2019-01-19 07:23:22,626:    |Epoch: 4, train acc: 0.36, test acc: 0.12
2019-01-19 07:25:25,089:    |Epoch: 5, train acc: 0.36, test acc: 0.30
2019-01-19 07:27:29,217:    |Epoch: 6, train acc: 0.35, test acc: 0.30
2019-01-19 07:29:30,940:    |Epoch: 7, train acc: 0.34, test acc: 0.30
2019-01-19 07:31:33,955:    |Epoch: 8, train acc: 0.34, test acc: 0.26
2019-01-19 07:33:35,014:    |Epoch: 9, train acc: 0.34, test acc: 0.25
2019-01-19 07:35:39,395:    |Epoch: 10, train acc: 0.34, test acc: 0.27
2019-01-19 07:37:41,068:    |Epoch: 11, train acc: 0.34, test acc: 0.21
2019-01-19 07:39:43,248:    |Epoch: 12, train acc: 0.33, test acc: 0.25
2019-01-19 07:41:43,866:    |Epoch: 13, train acc: 0.32, test acc: 0.24
2019-01-19 07:43:47,999:    |Epoch: 14, train acc: 0.32, test acc: 0.23
2019-01-19 07:45:50,818:    |Epoch: 15, train acc: 0.31, test acc: 0.17
2019-01-19 07:47:53,547:    |Epoch: 16, train acc: 0.31, test acc: 0.17
2019-01-19 07:49:54,699:    |Epoch: 17, train acc: 0.31, test acc: 0.19
2019-01-19 07:51:58,097:    |Epoch: 18, train acc: 0.31, test acc: 0.22
2019-01-19 07:54:00,672:    |Epoch: 19, train acc: 0.31, test acc: 0.28
2019-01-19 07:56:03,449:    |Epoch: 20, train acc: 0.31, test acc: 0.33
2019-01-19 07:58:04,640:    |Epoch: 21, train acc: 0.31, test acc: 0.26
2019-01-19 08:00:07,778:    |Epoch: 22, train acc: 0.31, test acc: 0.12
2019-01-19 08:02:10,137:    |Epoch: 23, train acc: 0.30, test acc: 0.24
2019-01-19 08:04:01,440:    |Epoch: 24, train acc: 0.30, test acc: 0.17
2019-01-19 08:06:03,192:    |Epoch: 25, train acc: 0.29, test acc: 0.26
2019-01-19 08:08:07,383:    |Epoch: 26, train acc: 0.30, test acc: 0.22
2019-01-19 08:10:09,513:    |Epoch: 27, train acc: 0.30, test acc: 0.24
2019-01-19 08:12:12,418:    |Epoch: 28, train acc: 0.29, test acc: 0.28
2019-01-19 08:14:14,975:    |Epoch: 29, train acc: 0.29, test acc: 0.15
2019-01-19 08:16:19,302:    |Epoch: 30, train acc: 0.29, test acc: 0.14
2019-01-19 08:18:21,744:    |Epoch: 31, train acc: 0.29, test acc: 0.19
2019-01-19 08:20:24,251:    |Epoch: 32, train acc: 0.29, test acc: 0.25
2019-01-19 08:22:26,544:    |Epoch: 33, train acc: 0.29, test acc: 0.27
2019-01-19 08:24:30,156:    |Epoch: 34, train acc: 0.29, test acc: 0.17
2019-01-19 08:26:31,945:    |Epoch: 35, train acc: 0.28, test acc: 0.15
2019-01-19 08:28:34,004:    |Epoch: 36, train acc: 0.29, test acc: 0.24
2019-01-19 08:30:36,151:    |Epoch: 37, train acc: 0.27, test acc: 0.23
2019-01-19 08:32:39,357:    |Epoch: 38, train acc: 0.27, test acc: 0.27
2019-01-19 08:34:42,097:    |Epoch: 39, train acc: 0.27, test acc: 0.19
2019-01-19 08:34:42,097:    |Saving...
2019-01-19 08:34:42,152:    |./checkpoint/mine_1122_dropout_train0.27_test0.19_eph39.ckpt
2019-01-19 08:36:44,381:    |Epoch: 40, train acc: 0.28, test acc: 0.28
2019-01-19 08:38:46,453:    |Epoch: 41, train acc: 0.27, test acc: 0.23
2019-01-19 08:40:49,486:    |Epoch: 42, train acc: 0.27, test acc: 0.29
2019-01-19 08:42:52,352:    |Epoch: 43, train acc: 0.27, test acc: 0.17
2019-01-19 08:44:54,685:    |Epoch: 44, train acc: 0.27, test acc: 0.23
2019-01-19 08:46:57,015:    |Epoch: 45, train acc: 0.27, test acc: 0.16
2019-01-19 08:49:00,375:    |Epoch: 46, train acc: 0.27, test acc: 0.19
2019-01-19 08:51:03,754:    |Epoch: 47, train acc: 0.27, test acc: 0.20
2019-01-19 08:53:05,091:    |Epoch: 48, train acc: 0.27, test acc: 0.20
2019-01-19 08:55:07,460:    |Epoch: 49, train acc: 0.27, test acc: 0.25
2019-01-19 08:57:10,251:    |Epoch: 50, train acc: 0.27, test acc: 0.28
2019-01-19 08:59:13,486:    |Epoch: 51, train acc: 0.27, test acc: 0.22
2019-01-19 09:01:15,292:    |Epoch: 52, train acc: 0.27, test acc: 0.15
2019-01-19 09:03:18,148:    |Epoch: 53, train acc: 0.27, test acc: 0.11
2019-01-19 09:05:20,356:    |Epoch: 54, train acc: 0.27, test acc: 0.15
2019-01-19 09:07:24,454:    |Epoch: 55, train acc: 0.27, test acc: 0.30
2019-01-19 09:09:26,603:    |Epoch: 56, train acc: 0.27, test acc: 0.25
2019-01-19 09:11:29,331:    |Epoch: 57, train acc: 0.27, test acc: 0.19
2019-01-19 09:13:31,692:    |Epoch: 58, train acc: 0.27, test acc: 0.21
2019-01-19 09:15:35,501:    |Epoch: 59, train acc: 0.26, test acc: 0.16
2019-01-19 09:17:36,793:    |Epoch: 60, train acc: 0.25, test acc: 0.26
2019-01-19 09:19:29,771:    |Epoch: 61, train acc: 0.26, test acc: 0.26
2019-01-19 09:21:32,735:    |Epoch: 62, train acc: 0.26, test acc: 0.10
2019-01-19 09:23:34,919:    |Epoch: 63, train acc: 0.26, test acc: 0.23
2019-01-19 09:25:39,311:    |Epoch: 64, train acc: 0.27, test acc: 0.28
2019-01-19 09:27:40,972:    |Epoch: 65, train acc: 0.26, test acc: 0.20
2019-01-19 09:29:43,637:    |Epoch: 66, train acc: 0.26, test acc: 0.19
2019-01-19 09:31:46,105:    |Epoch: 67, train acc: 0.26, test acc: 0.28
2019-01-19 09:33:50,435:    |Epoch: 68, train acc: 0.26, test acc: 0.21
2019-01-19 09:35:52,129:    |Epoch: 69, train acc: 0.26, test acc: 0.18
2019-01-19 09:37:54,742:    |Epoch: 70, train acc: 0.27, test acc: 0.19
2019-01-19 09:39:57,220:    |Epoch: 71, train acc: 0.26, test acc: 0.15
2019-01-19 09:42:01,246:    |Epoch: 72, train acc: 0.26, test acc: 0.20
2019-01-19 09:44:03,469:    |Epoch: 73, train acc: 0.26, test acc: 0.16
2019-01-19 09:46:05,903:    |Epoch: 74, train acc: 0.26, test acc: 0.29
2019-01-19 09:48:09,360:    |Epoch: 75, train acc: 0.26, test acc: 0.19
2019-01-19 09:50:12,243:    |Epoch: 76, train acc: 0.26, test acc: 0.26
2019-01-19 09:52:14,361:    |Epoch: 77, train acc: 0.26, test acc: 0.11
2019-01-19 09:54:16,148:    |Epoch: 78, train acc: 0.26, test acc: 0.22
2019-01-19 09:56:19,273:    |Epoch: 79, train acc: 0.26, test acc: 0.15
2019-01-19 09:56:19,273:    |Saving...
2019-01-19 09:56:19,327:    |./checkpoint/mine_1122_dropout_train0.26_test0.15_eph79.ckpt
2019-01-19 09:58:21,521:    |Epoch: 80, train acc: 0.26, test acc: 0.19
2019-01-19 10:00:24,826:    |Epoch: 81, train acc: 0.26, test acc: 0.16
2019-01-19 10:02:26,325:    |Epoch: 82, train acc: 0.26, test acc: 0.25
2019-01-19 10:04:28,583:    |Epoch: 83, train acc: 0.26, test acc: 0.12
2019-01-19 10:06:31,088:    |Epoch: 84, train acc: 0.26, test acc: 0.16
2019-01-19 10:08:34,241:    |Epoch: 85, train acc: 0.26, test acc: 0.22
2019-01-19 10:10:35,428:    |Epoch: 86, train acc: 0.26, test acc: 0.25
2019-01-19 10:12:38,431:    |Epoch: 87, train acc: 0.26, test acc: 0.17
2019-01-19 10:14:39,719:    |Epoch: 88, train acc: 0.26, test acc: 0.14
2019-01-19 10:16:44,715:    |Epoch: 89, train acc: 0.26, test acc: 0.15
2019-01-19 10:18:45,923:    |Epoch: 90, train acc: 0.25, test acc: 0.25
2019-01-19 10:20:48,258:    |Epoch: 91, train acc: 0.26, test acc: 0.23
2019-01-19 10:22:50,318:    |Epoch: 92, train acc: 0.26, test acc: 0.26
2019-01-19 10:24:54,911:    |Epoch: 93, train acc: 0.26, test acc: 0.12
2019-01-19 10:26:56,139:    |Epoch: 94, train acc: 0.26, test acc: 0.23
2019-01-19 10:28:58,799:    |Epoch: 95, train acc: 0.25, test acc: 0.24
2019-01-19 10:31:01,525:    |Epoch: 96, train acc: 0.26, test acc: 0.13
2019-01-19 10:33:05,668:    |Epoch: 97, train acc: 0.26, test acc: 0.22
2019-01-19 10:35:07,096:    |Epoch: 98, train acc: 0.25, test acc: 0.14
2019-01-19 10:37:09,900:    |Epoch: 99, train acc: 0.25, test acc: 0.27
2019-01-19 10:39:12,884:    |Epoch: 100, train acc: 0.25, test acc: 0.11
2019-01-19 10:41:16,136:    |Epoch: 101, train acc: 0.25, test acc: 0.23
2019-01-19 10:43:18,482:    |Epoch: 102, train acc: 0.25, test acc: 0.25
2019-01-19 10:45:20,568:    |Epoch: 103, train acc: 0.25, test acc: 0.19
2019-01-19 10:47:23,799:    |Epoch: 104, train acc: 0.25, test acc: 0.18
2019-01-19 10:49:26,082:    |Epoch: 105, train acc: 0.25, test acc: 0.21
2019-01-19 10:51:30,429:    |Epoch: 106, train acc: 0.25, test acc: 0.10
2019-01-19 10:53:31,556:    |Epoch: 107, train acc: 0.25, test acc: 0.14
2019-01-19 10:55:34,586:    |Epoch: 108, train acc: 0.25, test acc: 0.26
2019-01-19 10:57:36,848:    |Epoch: 109, train acc: 0.26, test acc: 0.15
2019-01-19 10:59:41,182:    |Epoch: 110, train acc: 0.25, test acc: 0.11
2019-01-19 11:01:42,323:    |Epoch: 111, train acc: 0.25, test acc: 0.24
2019-01-19 11:03:45,290:    |Epoch: 112, train acc: 0.25, test acc: 0.25
2019-01-19 11:05:47,571:    |Epoch: 113, train acc: 0.25, test acc: 0.22
2019-01-19 11:07:51,543:    |Epoch: 114, train acc: 0.24, test acc: 0.21
2019-01-19 11:09:52,645:    |Epoch: 115, train acc: 0.24, test acc: 0.10
2019-01-19 11:11:55,622:    |Epoch: 116, train acc: 0.25, test acc: 0.21
2019-01-19 11:13:57,482:    |Epoch: 117, train acc: 0.24, test acc: 0.15
