2019-01-19 11:18:23,926:    |Namespace(batch_size=128, lr=0.1, mm=0.9, model_name='mine_1122_dropout', num_epoch=200, optim='sgd', resume=None, wd=0.0001)
2019-01-19 11:18:23,938:    |cuda
2019-01-19 11:18:25,658:    |==> Building model..
2019-01-19 11:18:31,683:    |restart
2019-01-19 11:20:27,065:    |Epoch: 0, train acc: 0.35, test acc: 0.45
2019-01-19 11:22:32,645:    |Epoch: 1, train acc: 0.50, test acc: 0.54
2019-01-19 11:24:37,677:    |Epoch: 2, train acc: 0.59, test acc: 0.61
2019-01-19 11:26:44,084:    |Epoch: 3, train acc: 0.64, test acc: 0.68
2019-01-19 11:28:49,034:    |Epoch: 4, train acc: 0.67, test acc: 0.67
2019-01-19 11:30:57,049:    |Epoch: 5, train acc: 0.70, test acc: 0.70
2019-01-19 11:33:02,231:    |Epoch: 6, train acc: 0.73, test acc: 0.71
2019-01-19 11:35:08,274:    |Epoch: 7, train acc: 0.75, test acc: 0.75
2019-01-19 11:37:13,735:    |Epoch: 8, train acc: 0.77, test acc: 0.75
2019-01-19 11:39:20,950:    |Epoch: 9, train acc: 0.78, test acc: 0.76
2019-01-19 11:41:27,723:    |Epoch: 10, train acc: 0.79, test acc: 0.78
2019-01-19 11:43:33,664:    |Epoch: 11, train acc: 0.80, test acc: 0.80
2019-01-19 11:45:40,298:    |Epoch: 12, train acc: 0.81, test acc: 0.76
2019-01-19 11:47:45,561:    |Epoch: 13, train acc: 0.82, test acc: 0.80
2019-01-19 11:49:52,559:    |Epoch: 14, train acc: 0.83, test acc: 0.81
2019-01-19 11:51:59,136:    |Epoch: 15, train acc: 0.83, test acc: 0.82
2019-01-19 11:54:05,981:    |Epoch: 16, train acc: 0.84, test acc: 0.83
2019-01-19 11:56:11,038:    |Epoch: 17, train acc: 0.84, test acc: 0.81
2019-01-19 11:58:17,489:    |Epoch: 18, train acc: 0.85, test acc: 0.83
2019-01-19 12:00:23,087:    |Epoch: 19, train acc: 0.85, test acc: 0.83
2019-01-19 12:02:31,287:    |Epoch: 20, train acc: 0.85, test acc: 0.83
2019-01-19 12:04:36,578:    |Epoch: 21, train acc: 0.86, test acc: 0.83
2019-01-19 12:06:42,825:    |Epoch: 22, train acc: 0.86, test acc: 0.83
2019-01-19 12:08:47,210:    |Epoch: 23, train acc: 0.86, test acc: 0.84
2019-01-19 12:10:54,090:    |Epoch: 24, train acc: 0.86, test acc: 0.83
2019-01-19 12:13:00,351:    |Epoch: 25, train acc: 0.87, test acc: 0.81
2019-01-19 12:15:06,781:    |Epoch: 26, train acc: 0.87, test acc: 0.84
2019-01-19 12:17:12,114:    |Epoch: 27, train acc: 0.87, test acc: 0.85
2019-01-19 12:19:18,463:    |Epoch: 28, train acc: 0.88, test acc: 0.86
2019-01-19 12:21:24,778:    |Epoch: 29, train acc: 0.88, test acc: 0.84
2019-01-19 12:23:31,987:    |Epoch: 30, train acc: 0.88, test acc: 0.84
2019-01-19 12:25:38,849:    |Epoch: 31, train acc: 0.88, test acc: 0.84
2019-01-19 12:27:44,330:    |Epoch: 32, train acc: 0.88, test acc: 0.82
2019-01-19 12:29:50,558:    |Epoch: 33, train acc: 0.88, test acc: 0.85
2019-01-19 12:31:56,507:    |Epoch: 34, train acc: 0.89, test acc: 0.84
2019-01-19 12:34:04,201:    |Epoch: 35, train acc: 0.88, test acc: 0.86
2019-01-19 12:36:09,627:    |Epoch: 36, train acc: 0.89, test acc: 0.83
2019-01-19 12:38:15,763:    |Epoch: 37, train acc: 0.89, test acc: 0.85
2019-01-19 12:40:21,513:    |Epoch: 38, train acc: 0.89, test acc: 0.86
2019-01-19 12:42:28,473:    |Epoch: 39, train acc: 0.89, test acc: 0.86
2019-01-19 12:42:28,473:    |Saving...
2019-01-19 12:42:28,523:    |./checkpoint/mine_1122_dropout_train0.89_test0.86_eph39.ckpt
2019-01-19 12:44:35,318:    |Epoch: 40, train acc: 0.89, test acc: 0.84
2019-01-19 12:46:41,322:    |Epoch: 41, train acc: 0.89, test acc: 0.83
2019-01-19 12:48:45,974:    |Epoch: 42, train acc: 0.89, test acc: 0.85
2019-01-19 12:50:52,862:    |Epoch: 43, train acc: 0.89, test acc: 0.86
2019-01-19 12:52:58,044:    |Epoch: 44, train acc: 0.90, test acc: 0.86
2019-01-19 12:55:06,425:    |Epoch: 45, train acc: 0.90, test acc: 0.84
2019-01-19 12:57:11,657:    |Epoch: 46, train acc: 0.90, test acc: 0.86
2019-01-19 12:59:17,938:    |Epoch: 47, train acc: 0.90, test acc: 0.85
2019-01-19 13:01:23,282:    |Epoch: 48, train acc: 0.90, test acc: 0.84
2019-01-19 13:03:30,390:    |Epoch: 49, train acc: 0.90, test acc: 0.85
2019-01-19 13:05:36,836:    |Epoch: 50, train acc: 0.90, test acc: 0.85
2019-01-19 13:07:42,518:    |Epoch: 51, train acc: 0.90, test acc: 0.86
2019-01-19 13:09:47,982:    |Epoch: 52, train acc: 0.90, test acc: 0.86
2019-01-19 13:11:53,751:    |Epoch: 53, train acc: 0.90, test acc: 0.86
2019-01-19 13:14:00,152:    |Epoch: 54, train acc: 0.91, test acc: 0.86
2019-01-19 13:16:07,485:    |Epoch: 55, train acc: 0.90, test acc: 0.86
2019-01-19 13:18:13,818:    |Epoch: 56, train acc: 0.91, test acc: 0.87
2019-01-19 13:20:19,356:    |Epoch: 57, train acc: 0.91, test acc: 0.87
2019-01-19 13:22:26,366:    |Epoch: 58, train acc: 0.90, test acc: 0.87
2019-01-19 13:24:32,021:    |Epoch: 59, train acc: 0.91, test acc: 0.85
2019-01-19 13:26:40,071:    |Epoch: 60, train acc: 0.91, test acc: 0.87
2019-01-19 13:28:44,568:    |Epoch: 61, train acc: 0.91, test acc: 0.84
2019-01-19 13:30:50,722:    |Epoch: 62, train acc: 0.91, test acc: 0.87
2019-01-19 13:32:55,985:    |Epoch: 63, train acc: 0.91, test acc: 0.87
2019-01-19 13:35:04,002:    |Epoch: 64, train acc: 0.91, test acc: 0.85
2019-01-19 13:37:10,728:    |Epoch: 65, train acc: 0.91, test acc: 0.87
2019-01-19 13:39:17,110:    |Epoch: 66, train acc: 0.91, test acc: 0.86
2019-01-19 13:41:22,485:    |Epoch: 67, train acc: 0.91, test acc: 0.87
2019-01-19 13:43:28,972:    |Epoch: 68, train acc: 0.91, test acc: 0.86
2019-01-19 13:45:35,252:    |Epoch: 69, train acc: 0.91, test acc: 0.86
2019-01-19 13:47:42,948:    |Epoch: 70, train acc: 0.91, test acc: 0.86
2019-01-19 13:49:49,702:    |Epoch: 71, train acc: 0.91, test acc: 0.86
2019-01-19 13:51:55,786:    |Epoch: 72, train acc: 0.91, test acc: 0.85
2019-01-19 13:54:03,176:    |Epoch: 73, train acc: 0.91, test acc: 0.87
2019-01-19 13:56:09,855:    |Epoch: 74, train acc: 0.91, test acc: 0.87
2019-01-19 13:58:18,207:    |Epoch: 75, train acc: 0.92, test acc: 0.85
2019-01-19 14:00:23,730:    |Epoch: 76, train acc: 0.91, test acc: 0.88
2019-01-19 14:02:30,235:    |Epoch: 77, train acc: 0.91, test acc: 0.86
2019-01-19 14:04:36,616:    |Epoch: 78, train acc: 0.92, test acc: 0.86
2019-01-19 14:06:44,816:    |Epoch: 79, train acc: 0.92, test acc: 0.86
2019-01-19 14:06:44,816:    |Saving...
2019-01-19 14:06:44,874:    |./checkpoint/mine_1122_dropout_train0.92_test0.86_eph79.ckpt
2019-01-19 14:08:50,991:    |Epoch: 80, train acc: 0.92, test acc: 0.87
2019-01-19 14:10:58,325:    |Epoch: 81, train acc: 0.92, test acc: 0.85
2019-01-19 14:13:04,031:    |Epoch: 82, train acc: 0.92, test acc: 0.88
2019-01-19 14:15:11,755:    |Epoch: 83, train acc: 0.92, test acc: 0.88
2019-01-19 14:17:19,040:    |Epoch: 84, train acc: 0.92, test acc: 0.86
2019-01-19 14:19:27,355:    |Epoch: 85, train acc: 0.92, test acc: 0.87
2019-01-19 14:21:32,875:    |Epoch: 86, train acc: 0.92, test acc: 0.87
2019-01-19 14:23:39,874:    |Epoch: 87, train acc: 0.92, test acc: 0.87
2019-01-19 14:25:46,110:    |Epoch: 88, train acc: 0.92, test acc: 0.87
2019-01-19 14:27:53,527:    |Epoch: 89, train acc: 0.92, test acc: 0.87
2019-01-19 14:30:01,653:    |Epoch: 90, train acc: 0.92, test acc: 0.88
2019-01-19 14:32:07,666:    |Epoch: 91, train acc: 0.92, test acc: 0.86
2019-01-19 14:34:14,851:    |Epoch: 92, train acc: 0.92, test acc: 0.85
2019-01-19 14:36:20,949:    |Epoch: 93, train acc: 0.92, test acc: 0.85
2019-01-19 14:38:29,301:    |Epoch: 94, train acc: 0.92, test acc: 0.86
2019-01-19 14:40:37,037:    |Epoch: 95, train acc: 0.92, test acc: 0.85
2019-01-19 14:42:45,106:    |Epoch: 96, train acc: 0.92, test acc: 0.87
2019-01-19 14:44:50,831:    |Epoch: 97, train acc: 0.92, test acc: 0.87
2019-01-19 14:46:58,581:    |Epoch: 98, train acc: 0.92, test acc: 0.87
2019-01-19 14:49:05,673:    |Epoch: 99, train acc: 0.92, test acc: 0.86
2019-01-19 14:51:14,401:    |Epoch: 100, train acc: 0.92, test acc: 0.87
2019-01-19 14:53:20,517:    |Epoch: 101, train acc: 0.92, test acc: 0.85
2019-01-19 14:55:28,810:    |Epoch: 102, train acc: 0.92, test acc: 0.86
2019-01-19 14:57:34,520:    |Epoch: 103, train acc: 0.92, test acc: 0.88
2019-01-19 14:59:43,418:    |Epoch: 104, train acc: 0.92, test acc: 0.86
2019-01-19 15:01:49,922:    |Epoch: 105, train acc: 0.92, test acc: 0.86
2019-01-19 15:03:56,208:    |Epoch: 106, train acc: 0.92, test acc: 0.88
2019-01-19 15:06:02,644:    |Epoch: 107, train acc: 0.92, test acc: 0.86
2019-01-19 15:08:09,648:    |Epoch: 108, train acc: 0.92, test acc: 0.87
2019-01-19 15:10:17,341:    |Epoch: 109, train acc: 0.92, test acc: 0.86
2019-01-19 15:12:24,327:    |Epoch: 110, train acc: 0.92, test acc: 0.88
2019-01-19 15:14:22,153:    |Epoch: 111, train acc: 0.92, test acc: 0.87
2019-01-19 15:16:29,608:    |Epoch: 112, train acc: 0.92, test acc: 0.87
2019-01-19 15:18:38,221:    |Epoch: 113, train acc: 0.92, test acc: 0.87
2019-01-19 15:20:44,293:    |Epoch: 114, train acc: 0.92, test acc: 0.87
2019-01-19 15:22:51,757:    |Epoch: 115, train acc: 0.93, test acc: 0.86
2019-01-19 15:24:57,596:    |Epoch: 116, train acc: 0.92, test acc: 0.87
2019-01-19 15:27:06,966:    |Epoch: 117, train acc: 0.92, test acc: 0.87
2019-01-19 15:29:13,214:    |Epoch: 118, train acc: 0.92, test acc: 0.86
2019-01-19 15:31:20,717:    |Epoch: 119, train acc: 0.93, test acc: 0.88
2019-01-19 15:31:20,717:    |Saving...
2019-01-19 15:31:20,769:    |./checkpoint/mine_1122_dropout_train0.93_test0.88_eph119.ckpt
2019-01-19 15:33:26,649:    |Epoch: 120, train acc: 0.92, test acc: 0.87
