2019-01-19 11:19:21,114:    |Namespace(batch_size=128, lr=0.1, mm=0.9, model_name='mine_1111_dropout', num_epoch=200, optim='sgd', resume=None, wd=0.0001)
2019-01-19 11:19:21,124:    |cuda
2019-01-19 11:19:22,739:    |==> Building model..
2019-01-19 11:19:28,355:    |restart
2019-01-19 11:20:35,759:    |Epoch: 0, train acc: 0.35, test acc: 0.45
2019-01-19 11:21:45,670:    |Epoch: 1, train acc: 0.50, test acc: 0.53
2019-01-19 11:22:54,588:    |Epoch: 2, train acc: 0.58, test acc: 0.59
2019-01-19 11:24:07,743:    |Epoch: 3, train acc: 0.63, test acc: 0.63
2019-01-19 11:25:16,267:    |Epoch: 4, train acc: 0.66, test acc: 0.67
2019-01-19 11:26:27,593:    |Epoch: 5, train acc: 0.68, test acc: 0.67
2019-01-19 11:27:35,892:    |Epoch: 6, train acc: 0.70, test acc: 0.71
2019-01-19 11:28:45,738:    |Epoch: 7, train acc: 0.72, test acc: 0.70
2019-01-19 11:29:55,943:    |Epoch: 8, train acc: 0.74, test acc: 0.74
2019-01-19 11:31:05,741:    |Epoch: 9, train acc: 0.75, test acc: 0.75
2019-01-19 11:32:17,935:    |Epoch: 10, train acc: 0.76, test acc: 0.74
2019-01-19 11:33:26,288:    |Epoch: 11, train acc: 0.77, test acc: 0.76
2019-01-19 11:34:37,476:    |Epoch: 12, train acc: 0.78, test acc: 0.76
2019-01-19 11:35:45,711:    |Epoch: 13, train acc: 0.79, test acc: 0.78
2019-01-19 11:36:56,936:    |Epoch: 14, train acc: 0.79, test acc: 0.77
2019-01-19 11:38:06,243:    |Epoch: 15, train acc: 0.80, test acc: 0.78
2019-01-19 11:39:18,084:    |Epoch: 16, train acc: 0.81, test acc: 0.78
2019-01-19 11:40:29,221:    |Epoch: 17, train acc: 0.81, test acc: 0.80
2019-01-19 11:41:37,290:    |Epoch: 18, train acc: 0.82, test acc: 0.80
2019-01-19 11:42:48,430:    |Epoch: 19, train acc: 0.82, test acc: 0.81
2019-01-19 11:43:57,323:    |Epoch: 20, train acc: 0.82, test acc: 0.81
2019-01-19 11:45:08,389:    |Epoch: 21, train acc: 0.82, test acc: 0.81
2019-01-19 11:46:17,581:    |Epoch: 22, train acc: 0.83, test acc: 0.80
2019-01-19 11:47:29,513:    |Epoch: 23, train acc: 0.83, test acc: 0.81
2019-01-19 11:48:39,333:    |Epoch: 24, train acc: 0.84, test acc: 0.82
2019-01-19 11:49:48,876:    |Epoch: 25, train acc: 0.83, test acc: 0.82
2019-01-19 11:50:59,102:    |Epoch: 26, train acc: 0.84, test acc: 0.82
2019-01-19 11:52:08,111:    |Epoch: 27, train acc: 0.84, test acc: 0.84
2019-01-19 11:53:19,432:    |Epoch: 28, train acc: 0.84, test acc: 0.81
2019-01-19 11:54:29,270:    |Epoch: 29, train acc: 0.85, test acc: 0.83
2019-01-19 11:55:40,701:    |Epoch: 30, train acc: 0.85, test acc: 0.83
2019-01-19 11:56:49,016:    |Epoch: 31, train acc: 0.85, test acc: 0.82
2019-01-19 11:58:00,197:    |Epoch: 32, train acc: 0.85, test acc: 0.83
2019-01-19 11:59:08,968:    |Epoch: 33, train acc: 0.85, test acc: 0.83
2019-01-19 12:00:18,508:    |Epoch: 34, train acc: 0.85, test acc: 0.82
2019-01-19 12:01:29,621:    |Epoch: 35, train acc: 0.85, test acc: 0.83
2019-01-19 12:02:39,673:    |Epoch: 36, train acc: 0.85, test acc: 0.84
2019-01-19 12:03:50,884:    |Epoch: 37, train acc: 0.86, test acc: 0.83
2019-01-19 12:04:59,261:    |Epoch: 38, train acc: 0.86, test acc: 0.82
2019-01-19 12:06:10,307:    |Epoch: 39, train acc: 0.86, test acc: 0.83
2019-01-19 12:06:10,307:    |Saving...
2019-01-19 12:06:10,335:    |./checkpoint/mine_1111_dropout_train0.86_test0.83_eph39.ckpt
2019-01-19 12:07:18,708:    |Epoch: 40, train acc: 0.86, test acc: 0.84
2019-01-19 12:08:30,149:    |Epoch: 41, train acc: 0.86, test acc: 0.82
2019-01-19 12:09:39,957:    |Epoch: 42, train acc: 0.86, test acc: 0.84
2019-01-19 12:10:50,365:    |Epoch: 43, train acc: 0.86, test acc: 0.83
2019-01-19 12:12:00,505:    |Epoch: 44, train acc: 0.86, test acc: 0.83
2019-01-19 12:13:09,285:    |Epoch: 45, train acc: 0.87, test acc: 0.83
2019-01-19 12:14:20,370:    |Epoch: 46, train acc: 0.87, test acc: 0.81
2019-01-19 12:15:29,219:    |Epoch: 47, train acc: 0.87, test acc: 0.84
2019-01-19 12:16:40,849:    |Epoch: 48, train acc: 0.87, test acc: 0.83
2019-01-19 12:17:51,092:    |Epoch: 49, train acc: 0.87, test acc: 0.85
2019-01-19 12:19:02,375:    |Epoch: 50, train acc: 0.87, test acc: 0.84
2019-01-19 12:20:10,890:    |Epoch: 51, train acc: 0.87, test acc: 0.84
2019-01-19 12:21:21,150:    |Epoch: 52, train acc: 0.87, test acc: 0.84
2019-01-19 12:22:31,291:    |Epoch: 53, train acc: 0.87, test acc: 0.85
2019-01-19 12:23:40,399:    |Epoch: 54, train acc: 0.87, test acc: 0.85
2019-01-19 12:24:53,262:    |Epoch: 55, train acc: 0.87, test acc: 0.84
2019-01-19 12:26:02,502:    |Epoch: 56, train acc: 0.87, test acc: 0.85
2019-01-19 12:27:13,597:    |Epoch: 57, train acc: 0.87, test acc: 0.83
2019-01-19 12:28:23,360:    |Epoch: 58, train acc: 0.88, test acc: 0.85
2019-01-19 12:29:34,379:    |Epoch: 59, train acc: 0.87, test acc: 0.85
2019-01-19 12:30:42,713:    |Epoch: 60, train acc: 0.87, test acc: 0.83
2019-01-19 12:31:53,712:    |Epoch: 61, train acc: 0.88, test acc: 0.85
2019-01-19 12:33:05,989:    |Epoch: 62, train acc: 0.88, test acc: 0.85
2019-01-19 12:34:14,118:    |Epoch: 63, train acc: 0.88, test acc: 0.85
2019-01-19 12:35:25,443:    |Epoch: 64, train acc: 0.88, test acc: 0.85
2019-01-19 12:36:34,627:    |Epoch: 65, train acc: 0.88, test acc: 0.84
2019-01-19 12:37:45,166:    |Epoch: 66, train acc: 0.88, test acc: 0.85
2019-01-19 12:38:53,385:    |Epoch: 67, train acc: 0.88, test acc: 0.83
2019-01-19 12:40:06,019:    |Epoch: 68, train acc: 0.88, test acc: 0.86
2019-01-19 12:41:15,485:    |Epoch: 69, train acc: 0.88, test acc: 0.85
2019-01-19 12:42:25,064:    |Epoch: 70, train acc: 0.88, test acc: 0.85
2019-01-19 12:43:35,354:    |Epoch: 71, train acc: 0.88, test acc: 0.86
2019-01-19 12:44:43,713:    |Epoch: 72, train acc: 0.88, test acc: 0.86
2019-01-19 12:45:54,409:    |Epoch: 73, train acc: 0.88, test acc: 0.85
2019-01-19 12:47:03,488:    |Epoch: 74, train acc: 0.88, test acc: 0.85
2019-01-19 12:48:16,492:    |Epoch: 75, train acc: 0.88, test acc: 0.84
2019-01-19 12:49:25,739:    |Epoch: 76, train acc: 0.88, test acc: 0.86
2019-01-19 12:50:36,979:    |Epoch: 77, train acc: 0.88, test acc: 0.85
2019-01-19 12:51:46,209:    |Epoch: 78, train acc: 0.88, test acc: 0.85
2019-01-19 12:52:55,363:    |Epoch: 79, train acc: 0.88, test acc: 0.85
2019-01-19 12:52:55,363:    |Saving...
2019-01-19 12:52:55,391:    |./checkpoint/mine_1111_dropout_train0.88_test0.85_eph79.ckpt
2019-01-19 12:54:05,942:    |Epoch: 80, train acc: 0.88, test acc: 0.85
2019-01-19 12:55:16,335:    |Epoch: 81, train acc: 0.88, test acc: 0.85
2019-01-19 12:56:28,826:    |Epoch: 82, train acc: 0.88, test acc: 0.86
2019-01-19 12:57:37,399:    |Epoch: 83, train acc: 0.89, test acc: 0.86
2019-01-19 12:58:48,411:    |Epoch: 84, train acc: 0.88, test acc: 0.85
2019-01-19 12:59:56,588:    |Epoch: 85, train acc: 0.88, test acc: 0.86
2019-01-19 13:01:07,965:    |Epoch: 86, train acc: 0.88, test acc: 0.82
2019-01-19 13:02:17,115:    |Epoch: 87, train acc: 0.89, test acc: 0.87
2019-01-19 13:03:29,076:    |Epoch: 88, train acc: 0.88, test acc: 0.86
2019-01-19 13:04:39,978:    |Epoch: 89, train acc: 0.89, test acc: 0.85
2019-01-19 13:05:48,469:    |Epoch: 90, train acc: 0.89, test acc: 0.85
2019-01-19 13:06:59,259:    |Epoch: 91, train acc: 0.89, test acc: 0.85
2019-01-19 13:08:08,091:    |Epoch: 92, train acc: 0.89, test acc: 0.86
2019-01-19 13:09:19,016:    |Epoch: 93, train acc: 0.89, test acc: 0.83
2019-01-19 13:10:28,420:    |Epoch: 94, train acc: 0.89, test acc: 0.87
2019-01-19 13:11:41,205:    |Epoch: 95, train acc: 0.89, test acc: 0.83
2019-01-19 13:12:50,742:    |Epoch: 96, train acc: 0.89, test acc: 0.86
2019-01-19 13:13:59,729:    |Epoch: 97, train acc: 0.89, test acc: 0.85
2019-01-19 13:15:11,039:    |Epoch: 98, train acc: 0.89, test acc: 0.85
2019-01-19 13:16:20,903:    |Epoch: 99, train acc: 0.89, test acc: 0.85
2019-01-19 13:17:32,407:    |Epoch: 100, train acc: 0.89, test acc: 0.85
2019-01-19 13:18:42,148:    |Epoch: 101, train acc: 0.89, test acc: 0.87
2019-01-19 13:19:54,506:    |Epoch: 102, train acc: 0.89, test acc: 0.85
2019-01-19 13:21:03,677:    |Epoch: 103, train acc: 0.89, test acc: 0.86
2019-01-19 13:22:14,676:    |Epoch: 104, train acc: 0.89, test acc: 0.86
2019-01-19 13:23:23,667:    |Epoch: 105, train acc: 0.89, test acc: 0.86
2019-01-19 13:24:32,774:    |Epoch: 106, train acc: 0.89, test acc: 0.85
2019-01-19 13:25:44,466:    |Epoch: 107, train acc: 0.89, test acc: 0.87
2019-01-19 13:26:55,267:    |Epoch: 108, train acc: 0.89, test acc: 0.86
2019-01-19 13:28:06,659:    |Epoch: 109, train acc: 0.89, test acc: 0.87
2019-01-19 13:29:15,235:    |Epoch: 110, train acc: 0.89, test acc: 0.85
2019-01-19 13:30:25,898:    |Epoch: 111, train acc: 0.89, test acc: 0.85
2019-01-19 13:31:34,879:    |Epoch: 112, train acc: 0.89, test acc: 0.86
2019-01-19 13:32:45,778:    |Epoch: 113, train acc: 0.89, test acc: 0.86
2019-01-19 13:33:56,490:    |Epoch: 114, train acc: 0.89, test acc: 0.86
2019-01-19 13:35:06,241:    |Epoch: 115, train acc: 0.89, test acc: 0.86
2019-01-19 13:36:17,956:    |Epoch: 116, train acc: 0.89, test acc: 0.85
2019-01-19 13:37:27,173:    |Epoch: 117, train acc: 0.89, test acc: 0.86
2019-01-19 13:38:38,179:    |Epoch: 118, train acc: 0.89, test acc: 0.86
2019-01-19 13:39:46,755:    |Epoch: 119, train acc: 0.89, test acc: 0.86
2019-01-19 13:39:46,755:    |Saving...
2019-01-19 13:39:46,790:    |./checkpoint/mine_1111_dropout_train0.89_test0.86_eph119.ckpt
2019-01-19 13:40:58,078:    |Epoch: 120, train acc: 0.89, test acc: 0.86
2019-01-19 13:42:07,646:    |Epoch: 121, train acc: 0.89, test acc: 0.84
2019-01-19 13:43:19,020:    |Epoch: 122, train acc: 0.89, test acc: 0.85
2019-01-19 13:44:28,460:    |Epoch: 123, train acc: 0.89, test acc: 0.85
2019-01-19 13:45:37,546:    |Epoch: 124, train acc: 0.89, test acc: 0.86
2019-01-19 13:46:49,307:    |Epoch: 125, train acc: 0.89, test acc: 0.86
2019-01-19 13:47:58,550:    |Epoch: 126, train acc: 0.89, test acc: 0.85
2019-01-19 13:49:10,519:    |Epoch: 127, train acc: 0.89, test acc: 0.87
2019-01-19 13:50:21,667:    |Epoch: 128, train acc: 0.89, test acc: 0.85
2019-01-19 13:51:32,835:    |Epoch: 129, train acc: 0.89, test acc: 0.85
2019-01-19 13:52:42,416:    |Epoch: 130, train acc: 0.89, test acc: 0.86
2019-01-19 13:53:53,785:    |Epoch: 131, train acc: 0.89, test acc: 0.87
2019-01-19 13:55:03,246:    |Epoch: 132, train acc: 0.89, test acc: 0.86
2019-01-19 13:56:12,982:    |Epoch: 133, train acc: 0.89, test acc: 0.87
2019-01-19 13:57:25,882:    |Epoch: 134, train acc: 0.89, test acc: 0.86
2019-01-19 13:58:35,722:    |Epoch: 135, train acc: 0.90, test acc: 0.86
2019-01-19 13:59:46,619:    |Epoch: 136, train acc: 0.89, test acc: 0.86
2019-01-19 14:00:56,203:    |Epoch: 137, train acc: 0.89, test acc: 0.87
2019-01-19 14:02:07,383:    |Epoch: 138, train acc: 0.89, test acc: 0.85
2019-01-19 14:03:16,015:    |Epoch: 139, train acc: 0.89, test acc: 0.85
2019-01-19 14:04:27,258:    |Epoch: 140, train acc: 0.89, test acc: 0.87
2019-01-19 14:05:38,463:    |Epoch: 141, train acc: 0.89, test acc: 0.85
2019-01-19 14:06:47,919:    |Epoch: 142, train acc: 0.89, test acc: 0.86
2019-01-19 14:07:59,099:    |Epoch: 143, train acc: 0.89, test acc: 0.86
2019-01-19 14:09:07,879:    |Epoch: 144, train acc: 0.89, test acc: 0.85
2019-01-19 14:10:19,194:    |Epoch: 145, train acc: 0.89, test acc: 0.85
2019-01-19 14:11:27,973:    |Epoch: 146, train acc: 0.90, test acc: 0.86
2019-01-19 14:12:40,866:    |Epoch: 147, train acc: 0.90, test acc: 0.87
2019-01-19 14:13:50,806:    |Epoch: 148, train acc: 0.89, test acc: 0.86
2019-01-19 14:15:01,544:    |Epoch: 149, train acc: 0.89, test acc: 0.85
2019-01-19 14:16:11,809:    |Epoch: 150, train acc: 0.90, test acc: 0.84
2019-01-19 14:17:21,283:    |Epoch: 151, train acc: 0.89, test acc: 0.85
2019-01-19 14:18:32,511:    |Epoch: 152, train acc: 0.90, test acc: 0.86
2019-01-19 14:19:42,024:    |Epoch: 153, train acc: 0.89, test acc: 0.86
2019-01-19 14:20:54,957:    |Epoch: 154, train acc: 0.90, test acc: 0.85
2019-01-19 14:22:04,393:    |Epoch: 155, train acc: 0.89, test acc: 0.87
2019-01-19 14:23:15,409:    |Epoch: 156, train acc: 0.90, test acc: 0.86
2019-01-19 14:24:24,922:    |Epoch: 157, train acc: 0.90, test acc: 0.85
2019-01-19 14:25:35,925:    |Epoch: 158, train acc: 0.90, test acc: 0.86
2019-01-19 14:26:45,362:    |Epoch: 159, train acc: 0.90, test acc: 0.86
2019-01-19 14:26:45,362:    |Saving...
2019-01-19 14:26:45,387:    |./checkpoint/mine_1111_dropout_train0.90_test0.86_eph159.ckpt
2019-01-19 14:27:55,690:    |Epoch: 160, train acc: 0.90, test acc: 0.86
2019-01-19 14:29:09,119:    |Epoch: 161, train acc: 0.90, test acc: 0.87
2019-01-19 14:30:17,494:    |Epoch: 162, train acc: 0.89, test acc: 0.87
2019-01-19 14:31:29,177:    |Epoch: 163, train acc: 0.90, test acc: 0.86
2019-01-19 14:32:38,005:    |Epoch: 164, train acc: 0.90, test acc: 0.86
2019-01-19 14:33:49,314:    |Epoch: 165, train acc: 0.90, test acc: 0.86
2019-01-19 14:34:58,366:    |Epoch: 166, train acc: 0.90, test acc: 0.85
2019-01-19 14:36:11,164:    |Epoch: 167, train acc: 0.90, test acc: 0.86
2019-01-19 14:37:21,989:    |Epoch: 168, train acc: 0.90, test acc: 0.86
2019-01-19 14:38:31,195:    |Epoch: 169, train acc: 0.90, test acc: 0.85
2019-01-19 14:39:42,806:    |Epoch: 170, train acc: 0.90, test acc: 0.86
2019-01-19 14:40:52,605:    |Epoch: 171, train acc: 0.90, test acc: 0.86
2019-01-19 14:42:04,745:    |Epoch: 172, train acc: 0.90, test acc: 0.86
2019-01-19 14:43:14,599:    |Epoch: 173, train acc: 0.90, test acc: 0.85
2019-01-19 14:44:27,365:    |Epoch: 174, train acc: 0.90, test acc: 0.87
2019-01-19 14:45:36,778:    |Epoch: 175, train acc: 0.90, test acc: 0.85
2019-01-19 14:46:47,537:    |Epoch: 176, train acc: 0.90, test acc: 0.87
2019-01-19 14:47:57,609:    |Epoch: 177, train acc: 0.90, test acc: 0.85
2019-01-19 14:49:07,484:    |Epoch: 178, train acc: 0.90, test acc: 0.87
2019-01-19 14:50:19,359:    |Epoch: 179, train acc: 0.90, test acc: 0.87
2019-01-19 14:51:29,642:    |Epoch: 180, train acc: 0.90, test acc: 0.87
2019-01-19 14:52:42,741:    |Epoch: 181, train acc: 0.90, test acc: 0.86
2019-01-19 14:53:52,265:    |Epoch: 182, train acc: 0.90, test acc: 0.87
2019-01-19 14:55:04,284:    |Epoch: 183, train acc: 0.90, test acc: 0.85
2019-01-19 14:56:13,105:    |Epoch: 184, train acc: 0.90, test acc: 0.86
2019-01-19 14:57:24,202:    |Epoch: 185, train acc: 0.90, test acc: 0.86
2019-01-19 14:58:34,732:    |Epoch: 186, train acc: 0.90, test acc: 0.86
2019-01-19 14:59:45,996:    |Epoch: 187, train acc: 0.90, test acc: 0.86
2019-01-19 15:00:57,661:    |Epoch: 188, train acc: 0.90, test acc: 0.85
2019-01-19 15:02:06,830:    |Epoch: 189, train acc: 0.90, test acc: 0.85
2019-01-19 15:03:17,787:    |Epoch: 190, train acc: 0.90, test acc: 0.87
2019-01-19 15:04:26,931:    |Epoch: 191, train acc: 0.90, test acc: 0.87
2019-01-19 15:05:39,181:    |Epoch: 192, train acc: 0.90, test acc: 0.86
2019-01-19 15:06:49,381:    |Epoch: 193, train acc: 0.90, test acc: 0.86
2019-01-19 15:08:01,400:    |Epoch: 194, train acc: 0.90, test acc: 0.86
2019-01-19 15:09:11,876:    |Epoch: 195, train acc: 0.90, test acc: 0.86
2019-01-19 15:10:21,263:    |Epoch: 196, train acc: 0.90, test acc: 0.86
2019-01-19 15:11:32,986:    |Epoch: 197, train acc: 0.90, test acc: 0.86
2019-01-19 15:12:42,314:    |Epoch: 198, train acc: 0.90, test acc: 0.86
2019-01-19 15:13:54,378:    |Epoch: 199, train acc: 0.90, test acc: 0.86
2019-01-19 15:13:54,378:    |Saving...
2019-01-19 15:13:54,402:    |./checkpoint/mine_1111_dropout_train0.90_test0.86_eph199.ckpt
