2019-01-19 04:48:21,834:    |Namespace(batch_size=128, lr=0.1, mm=0.9, model_name='mine_dropout', num_epoch=200, optim='sgd', resume=None, wd=0.01)
2019-01-19 04:48:21,844:    |cuda
2019-01-19 04:48:23,431:    |==> Building model..
2019-01-19 04:48:28,548:    |restart
2019-01-19 04:49:59,277:    |Epoch: 0, train acc: 0.31, test acc: 0.29
2019-01-19 04:51:18,961:    |Epoch: 1, train acc: 0.39, test acc: 0.32
2019-01-19 04:52:38,673:    |Epoch: 2, train acc: 0.40, test acc: 0.38
2019-01-19 04:54:00,468:    |Epoch: 3, train acc: 0.40, test acc: 0.22
2019-01-19 04:55:19,648:    |Epoch: 4, train acc: 0.41, test acc: 0.26
2019-01-19 04:56:40,480:    |Epoch: 5, train acc: 0.39, test acc: 0.14
2019-01-19 04:58:01,968:    |Epoch: 6, train acc: 0.38, test acc: 0.28
2019-01-19 04:59:21,037:    |Epoch: 7, train acc: 0.38, test acc: 0.15
2019-01-19 05:00:41,034:    |Epoch: 8, train acc: 0.36, test acc: 0.10
2019-01-19 05:02:01,847:    |Epoch: 9, train acc: 0.35, test acc: 0.29
2019-01-19 05:03:22,678:    |Epoch: 10, train acc: 0.35, test acc: 0.12
2019-01-19 05:04:43,676:    |Epoch: 11, train acc: 0.35, test acc: 0.23
2019-01-19 05:06:04,775:    |Epoch: 12, train acc: 0.32, test acc: 0.21
2019-01-19 05:07:23,622:    |Epoch: 13, train acc: 0.32, test acc: 0.23
2019-01-19 05:08:44,124:    |Epoch: 14, train acc: 0.31, test acc: 0.22
2019-01-19 05:10:05,001:    |Epoch: 15, train acc: 0.32, test acc: 0.26
2019-01-19 05:11:25,207:    |Epoch: 16, train acc: 0.31, test acc: 0.21
2019-01-19 05:12:46,800:    |Epoch: 17, train acc: 0.31, test acc: 0.10
2019-01-19 05:14:06,754:    |Epoch: 18, train acc: 0.30, test acc: 0.18
2019-01-19 05:15:25,407:    |Epoch: 19, train acc: 0.30, test acc: 0.12
2019-01-19 05:16:47,347:    |Epoch: 20, train acc: 0.30, test acc: 0.19
2019-01-19 05:18:07,418:    |Epoch: 21, train acc: 0.30, test acc: 0.14
2019-01-19 05:19:26,891:    |Epoch: 22, train acc: 0.29, test acc: 0.16
2019-01-19 05:20:48,559:    |Epoch: 23, train acc: 0.29, test acc: 0.10
2019-01-19 05:22:08,285:    |Epoch: 24, train acc: 0.29, test acc: 0.21
2019-01-19 05:23:26,571:    |Epoch: 25, train acc: 0.29, test acc: 0.22
2019-01-19 05:24:47,912:    |Epoch: 26, train acc: 0.29, test acc: 0.21
2019-01-19 05:26:07,312:    |Epoch: 27, train acc: 0.28, test acc: 0.21
2019-01-19 05:27:26,939:    |Epoch: 28, train acc: 0.29, test acc: 0.25
2019-01-19 05:28:48,371:    |Epoch: 29, train acc: 0.29, test acc: 0.18
2019-01-19 05:30:07,517:    |Epoch: 30, train acc: 0.29, test acc: 0.22
2019-01-19 05:31:26,860:    |Epoch: 31, train acc: 0.28, test acc: 0.21
2019-01-19 05:32:48,344:    |Epoch: 32, train acc: 0.28, test acc: 0.14
2019-01-19 05:34:08,341:    |Epoch: 33, train acc: 0.28, test acc: 0.22
2019-01-19 05:35:27,794:    |Epoch: 34, train acc: 0.28, test acc: 0.15
2019-01-19 05:36:49,422:    |Epoch: 35, train acc: 0.28, test acc: 0.19
2019-01-19 05:38:08,203:    |Epoch: 36, train acc: 0.28, test acc: 0.13
2019-01-19 05:39:27,561:    |Epoch: 37, train acc: 0.28, test acc: 0.25
2019-01-19 05:40:49,411:    |Epoch: 38, train acc: 0.27, test acc: 0.18
2019-01-19 05:42:09,526:    |Epoch: 39, train acc: 0.28, test acc: 0.20
2019-01-19 05:42:09,526:    |Saving...
2019-01-19 05:42:09,561:    |./checkpoint/mine_dropout_train0.28_test0.20_eph39.ckpt
2019-01-19 05:43:30,116:    |Epoch: 40, train acc: 0.28, test acc: 0.22
2019-01-19 05:44:51,193:    |Epoch: 41, train acc: 0.28, test acc: 0.10
2019-01-19 05:46:09,483:    |Epoch: 42, train acc: 0.28, test acc: 0.21
2019-01-19 05:47:30,102:    |Epoch: 43, train acc: 0.28, test acc: 0.23
2019-01-19 05:48:51,426:    |Epoch: 44, train acc: 0.28, test acc: 0.12
2019-01-19 05:50:11,424:    |Epoch: 45, train acc: 0.28, test acc: 0.15
2019-01-19 05:51:32,149:    |Epoch: 46, train acc: 0.28, test acc: 0.20
2019-01-19 05:52:52,572:    |Epoch: 47, train acc: 0.28, test acc: 0.17
2019-01-19 05:54:11,605:    |Epoch: 48, train acc: 0.28, test acc: 0.15
2019-01-19 05:55:32,358:    |Epoch: 49, train acc: 0.28, test acc: 0.11
2019-01-19 05:56:52,824:    |Epoch: 50, train acc: 0.28, test acc: 0.22
2019-01-19 05:58:12,622:    |Epoch: 51, train acc: 0.27, test acc: 0.10
2019-01-19 05:59:33,483:    |Epoch: 52, train acc: 0.28, test acc: 0.19
2019-01-19 06:00:53,343:    |Epoch: 53, train acc: 0.28, test acc: 0.20
2019-01-19 06:02:12,257:    |Epoch: 54, train acc: 0.27, test acc: 0.11
2019-01-19 06:03:33,752:    |Epoch: 55, train acc: 0.27, test acc: 0.16
2019-01-19 06:04:53,520:    |Epoch: 56, train acc: 0.26, test acc: 0.25
2019-01-19 06:06:13,492:    |Epoch: 57, train acc: 0.27, test acc: 0.17
2019-01-19 06:07:35,135:    |Epoch: 58, train acc: 0.27, test acc: 0.19
2019-01-19 06:08:54,613:    |Epoch: 59, train acc: 0.26, test acc: 0.18
2019-01-19 06:10:13,696:    |Epoch: 60, train acc: 0.27, test acc: 0.19
2019-01-19 06:11:34,718:    |Epoch: 61, train acc: 0.27, test acc: 0.18
2019-01-19 06:12:54,128:    |Epoch: 62, train acc: 0.26, test acc: 0.24
2019-01-19 06:14:13,369:    |Epoch: 63, train acc: 0.26, test acc: 0.22
2019-01-19 06:15:34,770:    |Epoch: 64, train acc: 0.26, test acc: 0.22
2019-01-19 06:16:53,719:    |Epoch: 65, train acc: 0.26, test acc: 0.19
2019-01-19 06:18:13,137:    |Epoch: 66, train acc: 0.26, test acc: 0.18
2019-01-19 06:19:33,924:    |Epoch: 67, train acc: 0.26, test acc: 0.12
2019-01-19 06:20:53,766:    |Epoch: 68, train acc: 0.25, test acc: 0.21
2019-01-19 06:22:13,530:    |Epoch: 69, train acc: 0.26, test acc: 0.11
2019-01-19 06:23:35,342:    |Epoch: 70, train acc: 0.26, test acc: 0.17
2019-01-19 06:24:53,427:    |Epoch: 71, train acc: 0.26, test acc: 0.26
2019-01-19 06:26:14,157:    |Epoch: 72, train acc: 0.25, test acc: 0.17
2019-01-19 06:27:35,377:    |Epoch: 73, train acc: 0.25, test acc: 0.19
2019-01-19 06:28:55,372:    |Epoch: 74, train acc: 0.26, test acc: 0.24
2019-01-19 06:30:15,286:    |Epoch: 75, train acc: 0.25, test acc: 0.21
2019-01-19 06:31:36,643:    |Epoch: 76, train acc: 0.26, test acc: 0.13
2019-01-19 06:32:54,970:    |Epoch: 77, train acc: 0.26, test acc: 0.25
2019-01-19 06:34:15,336:    |Epoch: 78, train acc: 0.26, test acc: 0.18
2019-01-19 06:35:36,098:    |Epoch: 79, train acc: 0.26, test acc: 0.24
2019-01-19 06:35:36,098:    |Saving...
2019-01-19 06:35:36,122:    |./checkpoint/mine_dropout_train0.26_test0.24_eph79.ckpt
2019-01-19 06:36:55,928:    |Epoch: 80, train acc: 0.26, test acc: 0.26
2019-01-19 06:38:16,461:    |Epoch: 81, train acc: 0.26, test acc: 0.22
2019-01-19 06:39:36,509:    |Epoch: 82, train acc: 0.26, test acc: 0.14
2019-01-19 06:40:55,290:    |Epoch: 83, train acc: 0.26, test acc: 0.20
2019-01-19 06:42:15,739:    |Epoch: 84, train acc: 0.25, test acc: 0.25
2019-01-19 06:43:35,856:    |Epoch: 85, train acc: 0.25, test acc: 0.14
2019-01-19 06:44:55,928:    |Epoch: 86, train acc: 0.26, test acc: 0.11
2019-01-19 06:46:17,050:    |Epoch: 87, train acc: 0.26, test acc: 0.18
2019-01-19 06:47:37,206:    |Epoch: 88, train acc: 0.25, test acc: 0.12
2019-01-19 06:48:56,465:    |Epoch: 89, train acc: 0.25, test acc: 0.19
2019-01-19 06:50:17,507:    |Epoch: 90, train acc: 0.26, test acc: 0.13
2019-01-19 06:51:36,719:    |Epoch: 91, train acc: 0.25, test acc: 0.18
2019-01-19 06:52:56,311:    |Epoch: 92, train acc: 0.26, test acc: 0.23
2019-01-19 06:54:17,438:    |Epoch: 93, train acc: 0.26, test acc: 0.13
2019-01-19 06:55:36,382:    |Epoch: 94, train acc: 0.25, test acc: 0.22
2019-01-19 06:56:56,433:    |Epoch: 95, train acc: 0.25, test acc: 0.13
2019-01-19 06:58:17,606:    |Epoch: 96, train acc: 0.25, test acc: 0.15
2019-01-19 06:59:37,114:    |Epoch: 97, train acc: 0.25, test acc: 0.23
2019-01-19 07:00:57,448:    |Epoch: 98, train acc: 0.25, test acc: 0.17
2019-01-19 07:02:18,886:    |Epoch: 99, train acc: 0.25, test acc: 0.22
2019-01-19 07:03:37,735:    |Epoch: 100, train acc: 0.25, test acc: 0.22
2019-01-19 07:04:57,515:    |Epoch: 101, train acc: 0.25, test acc: 0.11
2019-01-19 07:06:19,218:    |Epoch: 102, train acc: 0.25, test acc: 0.21
2019-01-19 07:07:39,082:    |Epoch: 103, train acc: 0.26, test acc: 0.17
2019-01-19 07:08:58,280:    |Epoch: 104, train acc: 0.26, test acc: 0.19
2019-01-19 07:10:19,723:    |Epoch: 105, train acc: 0.25, test acc: 0.25
2019-01-19 07:11:37,939:    |Epoch: 106, train acc: 0.25, test acc: 0.22
2019-01-19 07:12:54,853:    |Epoch: 107, train acc: 0.25, test acc: 0.25
2019-01-19 07:14:09,098:    |Epoch: 108, train acc: 0.24, test acc: 0.15
2019-01-19 07:15:29,503:    |Epoch: 109, train acc: 0.25, test acc: 0.21
2019-01-19 07:16:52,714:    |Epoch: 110, train acc: 0.25, test acc: 0.22
2019-01-19 07:18:14,153:    |Epoch: 111, train acc: 0.25, test acc: 0.23
2019-01-19 07:19:33,995:    |Epoch: 112, train acc: 0.25, test acc: 0.20
2019-01-19 07:20:56,473:    |Epoch: 113, train acc: 0.25, test acc: 0.24
2019-01-19 07:22:17,442:    |Epoch: 114, train acc: 0.25, test acc: 0.21
2019-01-19 07:23:38,411:    |Epoch: 115, train acc: 0.24, test acc: 0.15
2019-01-19 07:25:01,632:    |Epoch: 116, train acc: 0.25, test acc: 0.24
2019-01-19 07:26:22,299:    |Epoch: 117, train acc: 0.24, test acc: 0.21
2019-01-19 07:27:42,292:    |Epoch: 118, train acc: 0.25, test acc: 0.22
2019-01-19 07:29:05,319:    |Epoch: 119, train acc: 0.25, test acc: 0.19
2019-01-19 07:29:05,319:    |Saving...
2019-01-19 07:29:05,343:    |./checkpoint/mine_dropout_train0.25_test0.19_eph119.ckpt
2019-01-19 07:30:26,297:    |Epoch: 120, train acc: 0.25, test acc: 0.21
2019-01-19 07:31:47,372:    |Epoch: 121, train acc: 0.24, test acc: 0.25
2019-01-19 07:33:10,305:    |Epoch: 122, train acc: 0.24, test acc: 0.21
2019-01-19 07:34:30,551:    |Epoch: 123, train acc: 0.25, test acc: 0.18
2019-01-19 07:35:51,631:    |Epoch: 124, train acc: 0.24, test acc: 0.21
2019-01-19 07:37:14,436:    |Epoch: 125, train acc: 0.24, test acc: 0.20
2019-01-19 07:38:34,917:    |Epoch: 126, train acc: 0.25, test acc: 0.11
2019-01-19 07:39:55,749:    |Epoch: 127, train acc: 0.25, test acc: 0.25
2019-01-19 07:41:18,644:    |Epoch: 128, train acc: 0.25, test acc: 0.16
2019-01-19 07:42:37,933:    |Epoch: 129, train acc: 0.25, test acc: 0.17
2019-01-19 07:43:59,756:    |Epoch: 130, train acc: 0.24, test acc: 0.22
2019-01-19 07:45:22,364:    |Epoch: 131, train acc: 0.25, test acc: 0.26
2019-01-19 07:46:43,554:    |Epoch: 132, train acc: 0.25, test acc: 0.24
2019-01-19 07:48:04,095:    |Epoch: 133, train acc: 0.25, test acc: 0.12
2019-01-19 07:49:26,624:    |Epoch: 134, train acc: 0.25, test acc: 0.17
2019-01-19 07:50:46,512:    |Epoch: 135, train acc: 0.25, test acc: 0.18
2019-01-19 07:52:07,825:    |Epoch: 136, train acc: 0.25, test acc: 0.19
2019-01-19 07:53:30,714:    |Epoch: 137, train acc: 0.25, test acc: 0.10
2019-01-19 07:54:50,878:    |Epoch: 138, train acc: 0.24, test acc: 0.19
2019-01-19 07:56:11,816:    |Epoch: 139, train acc: 0.25, test acc: 0.25
2019-01-19 07:57:34,150:    |Epoch: 140, train acc: 0.24, test acc: 0.12
2019-01-19 07:58:54,728:    |Epoch: 141, train acc: 0.24, test acc: 0.21
2019-01-19 08:00:16,212:    |Epoch: 142, train acc: 0.24, test acc: 0.14
2019-01-19 08:01:39,237:    |Epoch: 143, train acc: 0.24, test acc: 0.26
2019-01-19 08:03:00,375:    |Epoch: 144, train acc: 0.24, test acc: 0.12
2019-01-19 08:04:09,155:    |Epoch: 145, train acc: 0.24, test acc: 0.21
2019-01-19 08:05:32,105:    |Epoch: 146, train acc: 0.24, test acc: 0.19
2019-01-19 08:06:53,871:    |Epoch: 147, train acc: 0.25, test acc: 0.25
2019-01-19 08:08:14,986:    |Epoch: 148, train acc: 0.24, test acc: 0.17
2019-01-19 08:09:37,895:    |Epoch: 149, train acc: 0.24, test acc: 0.18
2019-01-19 08:10:58,958:    |Epoch: 150, train acc: 0.24, test acc: 0.16
2019-01-19 08:12:20,220:    |Epoch: 151, train acc: 0.24, test acc: 0.22
2019-01-19 08:13:43,449:    |Epoch: 152, train acc: 0.24, test acc: 0.24
2019-01-19 08:15:05,571:    |Epoch: 153, train acc: 0.24, test acc: 0.24
2019-01-19 08:16:26,222:    |Epoch: 154, train acc: 0.24, test acc: 0.24
2019-01-19 08:17:48,518:    |Epoch: 155, train acc: 0.24, test acc: 0.21
2019-01-19 08:19:09,243:    |Epoch: 156, train acc: 0.24, test acc: 0.17
2019-01-19 08:20:30,518:    |Epoch: 157, train acc: 0.24, test acc: 0.20
2019-01-19 08:21:53,683:    |Epoch: 158, train acc: 0.23, test acc: 0.11
2019-01-19 08:23:14,815:    |Epoch: 159, train acc: 0.21, test acc: 0.10
2019-01-19 08:23:14,815:    |Saving...
2019-01-19 08:23:14,845:    |./checkpoint/mine_dropout_train0.21_test0.10_eph159.ckpt
2019-01-19 08:24:35,368:    |Epoch: 160, train acc: 0.21, test acc: 0.10
2019-01-19 08:25:57,332:    |Epoch: 161, train acc: 0.21, test acc: 0.14
2019-01-19 08:27:18,233:    |Epoch: 162, train acc: 0.21, test acc: 0.20
2019-01-19 08:28:39,356:    |Epoch: 163, train acc: 0.22, test acc: 0.12
2019-01-19 08:30:02,476:    |Epoch: 164, train acc: 0.22, test acc: 0.21
2019-01-19 08:31:23,344:    |Epoch: 165, train acc: 0.22, test acc: 0.14
2019-01-19 08:32:43,567:    |Epoch: 166, train acc: 0.22, test acc: 0.10
2019-01-19 08:34:06,451:    |Epoch: 167, train acc: 0.21, test acc: 0.18
2019-01-19 08:35:27,248:    |Epoch: 168, train acc: 0.22, test acc: 0.17
2019-01-19 08:36:48,171:    |Epoch: 169, train acc: 0.21, test acc: 0.18
2019-01-19 08:38:11,128:    |Epoch: 170, train acc: 0.22, test acc: 0.10
2019-01-19 08:39:31,657:    |Epoch: 171, train acc: 0.21, test acc: 0.16
2019-01-19 08:40:52,348:    |Epoch: 172, train acc: 0.21, test acc: 0.17
2019-01-19 08:42:15,255:    |Epoch: 173, train acc: 0.21, test acc: 0.16
2019-01-19 08:43:36,132:    |Epoch: 174, train acc: 0.21, test acc: 0.22
2019-01-19 08:44:57,411:    |Epoch: 175, train acc: 0.21, test acc: 0.20
2019-01-19 08:46:20,661:    |Epoch: 176, train acc: 0.21, test acc: 0.11
2019-01-19 08:47:42,102:    |Epoch: 177, train acc: 0.21, test acc: 0.20
2019-01-19 08:49:02,735:    |Epoch: 178, train acc: 0.21, test acc: 0.10
2019-01-19 08:50:25,535:    |Epoch: 179, train acc: 0.19, test acc: 0.21
2019-01-19 08:51:46,407:    |Epoch: 180, train acc: 0.20, test acc: 0.14
2019-01-19 08:53:07,082:    |Epoch: 181, train acc: 0.19, test acc: 0.21
2019-01-19 08:54:30,079:    |Epoch: 182, train acc: 0.20, test acc: 0.11
2019-01-19 08:55:50,745:    |Epoch: 183, train acc: 0.19, test acc: 0.19
2019-01-19 08:57:11,277:    |Epoch: 184, train acc: 0.19, test acc: 0.21
2019-01-19 08:58:33,721:    |Epoch: 185, train acc: 0.19, test acc: 0.13
2019-01-19 08:59:54,861:    |Epoch: 186, train acc: 0.17, test acc: 0.10
2019-01-19 09:01:15,937:    |Epoch: 187, train acc: 0.19, test acc: 0.14
2019-01-19 09:02:39,096:    |Epoch: 188, train acc: 0.19, test acc: 0.13
2019-01-19 09:03:59,716:    |Epoch: 189, train acc: 0.20, test acc: 0.16
2019-01-19 09:05:20,403:    |Epoch: 190, train acc: 0.19, test acc: 0.11
2019-01-19 09:06:43,897:    |Epoch: 191, train acc: 0.19, test acc: 0.18
2019-01-19 09:08:04,917:    |Epoch: 192, train acc: 0.20, test acc: 0.14
2019-01-19 09:09:26,544:    |Epoch: 193, train acc: 0.20, test acc: 0.17
2019-01-19 09:10:49,595:    |Epoch: 194, train acc: 0.19, test acc: 0.19
2019-01-19 09:12:09,561:    |Epoch: 195, train acc: 0.19, test acc: 0.14
2019-01-19 09:13:31,156:    |Epoch: 196, train acc: 0.20, test acc: 0.19
2019-01-19 09:14:53,411:    |Epoch: 197, train acc: 0.19, test acc: 0.16
2019-01-19 09:16:14,037:    |Epoch: 198, train acc: 0.19, test acc: 0.19
2019-01-19 09:17:35,585:    |Epoch: 199, train acc: 0.19, test acc: 0.15
2019-01-19 09:17:35,585:    |Saving...
2019-01-19 09:17:35,626:    |./checkpoint/mine_dropout_train0.19_test0.15_eph199.ckpt
