2019-01-19 15:33:50,129:    |Namespace(batch_size=128, lr=0.1, mm=0.9, model_name='mine_1122_dropout', num_epoch=200, optim='sgd', resume=None, wd=1e-05)
2019-01-19 15:33:50,138:    |cuda
2019-01-19 15:33:51,865:    |==> Building model..
2019-01-19 15:33:56,084:    |restart
2019-01-19 15:36:09,268:    |Epoch: 0, train acc: 0.33, test acc: 0.45
2019-01-19 15:38:15,711:    |Epoch: 1, train acc: 0.49, test acc: 0.55
2019-01-19 15:40:21,130:    |Epoch: 2, train acc: 0.57, test acc: 0.58
2019-01-19 15:42:25,595:    |Epoch: 3, train acc: 0.63, test acc: 0.65
2019-01-19 15:44:32,175:    |Epoch: 4, train acc: 0.67, test acc: 0.68
2019-01-19 15:46:38,957:    |Epoch: 5, train acc: 0.69, test acc: 0.68
2019-01-19 15:48:44,962:    |Epoch: 6, train acc: 0.71, test acc: 0.71
2019-01-19 15:50:49,424:    |Epoch: 7, train acc: 0.74, test acc: 0.73
2019-01-19 15:52:55,059:    |Epoch: 8, train acc: 0.76, test acc: 0.77
2019-01-19 15:55:00,909:    |Epoch: 9, train acc: 0.78, test acc: 0.77
2019-01-19 15:57:06,668:    |Epoch: 10, train acc: 0.79, test acc: 0.80
2019-01-19 15:59:10,725:    |Epoch: 11, train acc: 0.80, test acc: 0.80
2019-01-19 16:01:16,653:    |Epoch: 12, train acc: 0.82, test acc: 0.80
2019-01-19 16:03:21,463:    |Epoch: 13, train acc: 0.82, test acc: 0.82
2019-01-19 16:05:28,316:    |Epoch: 14, train acc: 0.83, test acc: 0.82
2019-01-19 16:07:32,689:    |Epoch: 15, train acc: 0.84, test acc: 0.83
2019-01-19 16:09:38,594:    |Epoch: 16, train acc: 0.84, test acc: 0.83
2019-01-19 16:11:42,677:    |Epoch: 17, train acc: 0.85, test acc: 0.84
2019-01-19 16:13:50,384:    |Epoch: 18, train acc: 0.86, test acc: 0.84
2019-01-19 16:15:54,193:    |Epoch: 19, train acc: 0.86, test acc: 0.83
2019-01-19 16:17:59,396:    |Epoch: 20, train acc: 0.87, test acc: 0.84
2019-01-19 16:20:03,940:    |Epoch: 21, train acc: 0.87, test acc: 0.85
2019-01-19 16:22:11,599:    |Epoch: 22, train acc: 0.87, test acc: 0.84
2019-01-19 16:24:16,043:    |Epoch: 23, train acc: 0.88, test acc: 0.84
2019-01-19 16:26:20,990:    |Epoch: 24, train acc: 0.88, test acc: 0.85
2019-01-19 16:28:24,976:    |Epoch: 25, train acc: 0.88, test acc: 0.85
2019-01-19 16:30:31,267:    |Epoch: 26, train acc: 0.89, test acc: 0.86
2019-01-19 16:32:36,166:    |Epoch: 27, train acc: 0.89, test acc: 0.86
2019-01-19 16:34:41,177:    |Epoch: 28, train acc: 0.89, test acc: 0.86
2019-01-19 16:36:45,371:    |Epoch: 29, train acc: 0.90, test acc: 0.86
2019-01-19 16:38:51,996:    |Epoch: 30, train acc: 0.90, test acc: 0.87
2019-01-19 16:40:57,799:    |Epoch: 31, train acc: 0.90, test acc: 0.86
2019-01-19 16:43:02,801:    |Epoch: 32, train acc: 0.90, test acc: 0.86
2019-01-19 16:45:06,992:    |Epoch: 33, train acc: 0.91, test acc: 0.86
2019-01-19 16:47:13,203:    |Epoch: 34, train acc: 0.91, test acc: 0.87
2019-01-19 16:49:17,954:    |Epoch: 35, train acc: 0.91, test acc: 0.86
2019-01-19 16:51:23,070:    |Epoch: 36, train acc: 0.91, test acc: 0.87
2019-01-19 16:53:27,467:    |Epoch: 37, train acc: 0.92, test acc: 0.87
2019-01-19 16:55:33,899:    |Epoch: 38, train acc: 0.92, test acc: 0.87
2019-01-19 16:57:38,736:    |Epoch: 39, train acc: 0.92, test acc: 0.87
2019-01-19 16:57:38,737:    |Saving...
2019-01-19 16:57:38,784:    |./checkpoint/mine_1122_dropout_train0.92_test0.87_eph39.ckpt
2019-01-19 16:59:44,386:    |Epoch: 40, train acc: 0.92, test acc: 0.87
2019-01-19 17:01:49,091:    |Epoch: 41, train acc: 0.92, test acc: 0.88
2019-01-19 17:03:54,939:    |Epoch: 42, train acc: 0.93, test acc: 0.88
2019-01-19 17:06:00,404:    |Epoch: 43, train acc: 0.93, test acc: 0.87
2019-01-19 17:08:07,201:    |Epoch: 44, train acc: 0.93, test acc: 0.87
2019-01-19 17:10:11,525:    |Epoch: 45, train acc: 0.93, test acc: 0.88
2019-01-19 17:12:15,874:    |Epoch: 46, train acc: 0.93, test acc: 0.88
2019-01-19 17:14:20,749:    |Epoch: 47, train acc: 0.93, test acc: 0.88
2019-01-19 17:16:27,927:    |Epoch: 48, train acc: 0.93, test acc: 0.88
2019-01-19 17:18:32,429:    |Epoch: 49, train acc: 0.94, test acc: 0.87
2019-01-19 17:20:37,973:    |Epoch: 50, train acc: 0.93, test acc: 0.88
2019-01-19 17:22:42,404:    |Epoch: 51, train acc: 0.94, test acc: 0.87
2019-01-19 17:24:48,928:    |Epoch: 52, train acc: 0.94, test acc: 0.87
2019-01-19 17:26:52,803:    |Epoch: 53, train acc: 0.94, test acc: 0.88
2019-01-19 17:28:58,660:    |Epoch: 54, train acc: 0.94, test acc: 0.88
2019-01-19 17:31:03,057:    |Epoch: 55, train acc: 0.94, test acc: 0.88
2019-01-19 17:33:09,768:    |Epoch: 56, train acc: 0.94, test acc: 0.88
2019-01-19 17:35:14,755:    |Epoch: 57, train acc: 0.95, test acc: 0.87
2019-01-19 17:37:20,229:    |Epoch: 58, train acc: 0.94, test acc: 0.88
2019-01-19 17:39:25,046:    |Epoch: 59, train acc: 0.95, test acc: 0.88
2019-01-19 17:41:31,530:    |Epoch: 60, train acc: 0.95, test acc: 0.89
2019-01-19 17:43:37,416:    |Epoch: 61, train acc: 0.95, test acc: 0.88
2019-01-19 17:45:42,194:    |Epoch: 62, train acc: 0.95, test acc: 0.89
2019-01-19 17:47:48,068:    |Epoch: 63, train acc: 0.95, test acc: 0.88
