2019-01-19 04:14:50,259:    |Namespace(batch_size=128, lr=0.1, mm=0.9, model_name='mine_1111_dropout', num_epoch=200, optim='sgd', resume=None, wd=0.01)
2019-01-19 04:14:50,277:    |cuda
2019-01-19 04:14:52,136:    |==> Building model..
2019-01-19 04:14:58,182:    |restart
2019-01-19 04:16:15,459:    |Epoch: 0, train acc: 0.31, test acc: 0.30
2019-01-19 04:17:24,812:    |Epoch: 1, train acc: 0.37, test acc: 0.23
2019-01-19 04:18:31,714:    |Epoch: 2, train acc: 0.39, test acc: 0.21
2019-01-19 04:19:40,621:    |Epoch: 3, train acc: 0.40, test acc: 0.34
2019-01-19 04:20:47,672:    |Epoch: 4, train acc: 0.39, test acc: 0.12
2019-01-19 04:21:57,443:    |Epoch: 5, train acc: 0.39, test acc: 0.29
2019-01-19 04:23:05,554:    |Epoch: 6, train acc: 0.37, test acc: 0.29
2019-01-19 04:24:14,780:    |Epoch: 7, train acc: 0.37, test acc: 0.11
2019-01-19 04:25:23,327:    |Epoch: 8, train acc: 0.35, test acc: 0.26
2019-01-19 04:26:30,595:    |Epoch: 9, train acc: 0.34, test acc: 0.23
2019-01-19 04:27:39,979:    |Epoch: 10, train acc: 0.35, test acc: 0.20
2019-01-19 04:28:47,368:    |Epoch: 11, train acc: 0.35, test acc: 0.32
2019-01-19 04:29:56,117:    |Epoch: 12, train acc: 0.35, test acc: 0.16
2019-01-19 04:31:04,487:    |Epoch: 13, train acc: 0.33, test acc: 0.15
2019-01-19 04:32:14,273:    |Epoch: 14, train acc: 0.33, test acc: 0.28
2019-01-19 04:33:21,858:    |Epoch: 15, train acc: 0.33, test acc: 0.17
2019-01-19 04:34:28,842:    |Epoch: 16, train acc: 0.32, test acc: 0.14
2019-01-19 04:35:37,800:    |Epoch: 17, train acc: 0.32, test acc: 0.10
2019-01-19 04:36:45,293:    |Epoch: 18, train acc: 0.32, test acc: 0.17
2019-01-19 04:37:54,011:    |Epoch: 19, train acc: 0.32, test acc: 0.25
2019-01-19 04:39:02,078:    |Epoch: 20, train acc: 0.31, test acc: 0.27
2019-01-19 04:40:12,512:    |Epoch: 21, train acc: 0.31, test acc: 0.21
2019-01-19 04:41:20,153:    |Epoch: 22, train acc: 0.31, test acc: 0.27
2019-01-19 04:42:28,097:    |Epoch: 23, train acc: 0.31, test acc: 0.25
2019-01-19 04:43:35,880:    |Epoch: 24, train acc: 0.32, test acc: 0.21
2019-01-19 04:44:43,042:    |Epoch: 25, train acc: 0.30, test acc: 0.21
2019-01-19 04:45:52,148:    |Epoch: 26, train acc: 0.30, test acc: 0.14
2019-01-19 04:46:59,952:    |Epoch: 27, train acc: 0.30, test acc: 0.10
2019-01-19 04:48:10,621:    |Epoch: 28, train acc: 0.30, test acc: 0.28
2019-01-19 04:49:08,498:    |Epoch: 29, train acc: 0.29, test acc: 0.20
2019-01-19 04:50:17,092:    |Epoch: 30, train acc: 0.29, test acc: 0.17
2019-01-19 04:51:24,503:    |Epoch: 31, train acc: 0.29, test acc: 0.10
2019-01-19 04:52:33,802:    |Epoch: 32, train acc: 0.29, test acc: 0.19
2019-01-19 04:53:43,665:    |Epoch: 33, train acc: 0.29, test acc: 0.16
2019-01-19 04:54:50,249:    |Epoch: 34, train acc: 0.29, test acc: 0.21
2019-01-19 04:55:59,302:    |Epoch: 35, train acc: 0.29, test acc: 0.26
2019-01-19 04:57:07,003:    |Epoch: 36, train acc: 0.29, test acc: 0.22
2019-01-19 04:58:15,784:    |Epoch: 37, train acc: 0.29, test acc: 0.32
2019-01-19 04:59:23,691:    |Epoch: 38, train acc: 0.29, test acc: 0.21
2019-01-19 05:00:33,902:    |Epoch: 39, train acc: 0.28, test acc: 0.19
2019-01-19 05:00:33,903:    |Saving...
2019-01-19 05:00:33,936:    |./checkpoint/mine_1111_dropout_train0.28_test0.19_eph39.ckpt
2019-01-19 05:01:42,368:    |Epoch: 40, train acc: 0.27, test acc: 0.15
2019-01-19 05:02:50,251:    |Epoch: 41, train acc: 0.27, test acc: 0.14
2019-01-19 05:03:59,938:    |Epoch: 42, train acc: 0.26, test acc: 0.12
2019-01-19 05:05:07,319:    |Epoch: 43, train acc: 0.26, test acc: 0.26
2019-01-19 05:06:16,478:    |Epoch: 44, train acc: 0.26, test acc: 0.17
2019-01-19 05:07:23,938:    |Epoch: 45, train acc: 0.26, test acc: 0.17
2019-01-19 05:08:34,680:    |Epoch: 46, train acc: 0.26, test acc: 0.26
2019-01-19 05:09:42,421:    |Epoch: 47, train acc: 0.26, test acc: 0.25
2019-01-19 05:10:51,217:    |Epoch: 48, train acc: 0.26, test acc: 0.20
2019-01-19 05:11:59,362:    |Epoch: 49, train acc: 0.25, test acc: 0.18
2019-01-19 05:13:06,562:    |Epoch: 50, train acc: 0.25, test acc: 0.15
2019-01-19 05:14:15,543:    |Epoch: 51, train acc: 0.25, test acc: 0.16
2019-01-19 05:15:23,792:    |Epoch: 52, train acc: 0.25, test acc: 0.17
2019-01-19 05:16:34,369:    |Epoch: 53, train acc: 0.25, test acc: 0.21
2019-01-19 05:17:41,758:    |Epoch: 54, train acc: 0.26, test acc: 0.12
2019-01-19 05:18:51,018:    |Epoch: 55, train acc: 0.25, test acc: 0.21
2019-01-19 05:19:57,839:    |Epoch: 56, train acc: 0.25, test acc: 0.24
2019-01-19 05:21:05,602:    |Epoch: 57, train acc: 0.25, test acc: 0.15
2019-01-19 05:22:14,309:    |Epoch: 58, train acc: 0.25, test acc: 0.11
2019-01-19 05:23:21,983:    |Epoch: 59, train acc: 0.25, test acc: 0.26
2019-01-19 05:24:31,672:    |Epoch: 60, train acc: 0.25, test acc: 0.18
2019-01-19 05:25:38,702:    |Epoch: 61, train acc: 0.25, test acc: 0.21
2019-01-19 05:26:47,309:    |Epoch: 62, train acc: 0.25, test acc: 0.18
2019-01-19 05:27:54,718:    |Epoch: 63, train acc: 0.25, test acc: 0.17
2019-01-19 05:29:03,232:    |Epoch: 64, train acc: 0.25, test acc: 0.19
2019-01-19 05:30:11,104:    |Epoch: 65, train acc: 0.22, test acc: 0.16
2019-01-19 05:31:19,712:    |Epoch: 66, train acc: 0.22, test acc: 0.20
2019-01-19 05:32:29,145:    |Epoch: 67, train acc: 0.22, test acc: 0.19
2019-01-19 05:33:36,458:    |Epoch: 68, train acc: 0.22, test acc: 0.22
2019-01-19 05:34:45,486:    |Epoch: 69, train acc: 0.21, test acc: 0.23
2019-01-19 05:35:52,657:    |Epoch: 70, train acc: 0.22, test acc: 0.22
2019-01-19 05:37:01,651:    |Epoch: 71, train acc: 0.22, test acc: 0.12
2019-01-19 05:38:09,424:    |Epoch: 72, train acc: 0.22, test acc: 0.14
2019-01-19 05:39:19,043:    |Epoch: 73, train acc: 0.22, test acc: 0.15
2019-01-19 05:40:28,158:    |Epoch: 74, train acc: 0.22, test acc: 0.19
2019-01-19 05:41:35,284:    |Epoch: 75, train acc: 0.22, test acc: 0.19
2019-01-19 05:42:44,841:    |Epoch: 76, train acc: 0.22, test acc: 0.10
2019-01-19 05:43:52,555:    |Epoch: 77, train acc: 0.22, test acc: 0.19
2019-01-19 05:45:01,305:    |Epoch: 78, train acc: 0.22, test acc: 0.10
2019-01-19 05:46:09,244:    |Epoch: 79, train acc: 0.22, test acc: 0.23
2019-01-19 05:46:09,244:    |Saving...
2019-01-19 05:46:09,269:    |./checkpoint/mine_1111_dropout_train0.22_test0.23_eph79.ckpt
2019-01-19 05:47:19,804:    |Epoch: 80, train acc: 0.21, test acc: 0.21
2019-01-19 05:48:28,075:    |Epoch: 81, train acc: 0.21, test acc: 0.17
2019-01-19 05:49:34,940:    |Epoch: 82, train acc: 0.21, test acc: 0.12
2019-01-19 05:50:43,752:    |Epoch: 83, train acc: 0.21, test acc: 0.10
2019-01-19 05:51:51,295:    |Epoch: 84, train acc: 0.21, test acc: 0.15
2019-01-19 05:53:00,027:    |Epoch: 85, train acc: 0.21, test acc: 0.20
2019-01-19 05:54:08,475:    |Epoch: 86, train acc: 0.21, test acc: 0.21
2019-01-19 05:55:18,645:    |Epoch: 87, train acc: 0.21, test acc: 0.11
2019-01-19 05:56:25,685:    |Epoch: 88, train acc: 0.21, test acc: 0.12
2019-01-19 05:57:34,117:    |Epoch: 89, train acc: 0.21, test acc: 0.21
2019-01-19 05:58:42,231:    |Epoch: 90, train acc: 0.21, test acc: 0.18
2019-01-19 05:59:49,683:    |Epoch: 91, train acc: 0.21, test acc: 0.22
2019-01-19 06:00:59,204:    |Epoch: 92, train acc: 0.21, test acc: 0.19
2019-01-19 06:02:07,806:    |Epoch: 93, train acc: 0.21, test acc: 0.12
2019-01-19 06:03:17,888:    |Epoch: 94, train acc: 0.21, test acc: 0.19
2019-01-19 06:04:24,793:    |Epoch: 95, train acc: 0.21, test acc: 0.21
2019-01-19 06:05:34,032:    |Epoch: 96, train acc: 0.21, test acc: 0.22
2019-01-19 06:06:41,004:    |Epoch: 97, train acc: 0.21, test acc: 0.12
2019-01-19 06:07:48,801:    |Epoch: 98, train acc: 0.21, test acc: 0.19
2019-01-19 06:08:57,997:    |Epoch: 99, train acc: 0.21, test acc: 0.19
2019-01-19 06:10:06,456:    |Epoch: 100, train acc: 0.21, test acc: 0.17
2019-01-19 06:11:15,994:    |Epoch: 101, train acc: 0.21, test acc: 0.22
2019-01-19 06:12:22,321:    |Epoch: 102, train acc: 0.21, test acc: 0.21
2019-01-19 06:13:31,376:    |Epoch: 103, train acc: 0.21, test acc: 0.21
2019-01-19 06:14:38,226:    |Epoch: 104, train acc: 0.21, test acc: 0.11
2019-01-19 06:15:46,622:    |Epoch: 105, train acc: 0.21, test acc: 0.22
2019-01-19 06:16:54,625:    |Epoch: 106, train acc: 0.21, test acc: 0.20
2019-01-19 06:18:03,552:    |Epoch: 107, train acc: 0.20, test acc: 0.21
2019-01-19 06:19:11,995:    |Epoch: 108, train acc: 0.21, test acc: 0.15
2019-01-19 06:20:18,866:    |Epoch: 109, train acc: 0.21, test acc: 0.19
2019-01-19 06:21:27,787:    |Epoch: 110, train acc: 0.21, test acc: 0.22
2019-01-19 06:22:35,193:    |Epoch: 111, train acc: 0.21, test acc: 0.17
2019-01-19 06:23:44,442:    |Epoch: 112, train acc: 0.21, test acc: 0.12
2019-01-19 06:24:52,228:    |Epoch: 113, train acc: 0.21, test acc: 0.19
2019-01-19 06:26:02,245:    |Epoch: 114, train acc: 0.21, test acc: 0.20
2019-01-19 06:27:10,692:    |Epoch: 115, train acc: 0.21, test acc: 0.22
2019-01-19 06:28:17,410:    |Epoch: 116, train acc: 0.21, test acc: 0.14
2019-01-19 06:29:26,832:    |Epoch: 117, train acc: 0.20, test acc: 0.20
2019-01-19 06:30:34,288:    |Epoch: 118, train acc: 0.21, test acc: 0.10
2019-01-19 06:31:43,581:    |Epoch: 119, train acc: 0.20, test acc: 0.10
2019-01-19 06:31:43,581:    |Saving...
2019-01-19 06:31:43,608:    |./checkpoint/mine_1111_dropout_train0.20_test0.10_eph119.ckpt
2019-01-19 06:32:51,288:    |Epoch: 120, train acc: 0.21, test acc: 0.20
2019-01-19 06:34:01,328:    |Epoch: 121, train acc: 0.21, test acc: 0.10
2019-01-19 06:35:09,040:    |Epoch: 122, train acc: 0.21, test acc: 0.21
2019-01-19 06:36:16,579:    |Epoch: 123, train acc: 0.21, test acc: 0.20
2019-01-19 06:37:25,225:    |Epoch: 124, train acc: 0.21, test acc: 0.21
2019-01-19 06:38:32,728:    |Epoch: 125, train acc: 0.21, test acc: 0.11
2019-01-19 06:39:41,790:    |Epoch: 126, train acc: 0.21, test acc: 0.13
2019-01-19 06:40:50,118:    |Epoch: 127, train acc: 0.21, test acc: 0.14
2019-01-19 06:41:59,500:    |Epoch: 128, train acc: 0.21, test acc: 0.14
2019-01-19 06:43:06,724:    |Epoch: 129, train acc: 0.20, test acc: 0.13
2019-01-19 06:44:15,397:    |Epoch: 130, train acc: 0.21, test acc: 0.12
2019-01-19 06:45:23,071:    |Epoch: 131, train acc: 0.21, test acc: 0.21
2019-01-19 06:46:30,869:    |Epoch: 132, train acc: 0.21, test acc: 0.19
2019-01-19 06:47:40,686:    |Epoch: 133, train acc: 0.21, test acc: 0.18
2019-01-19 06:48:49,576:    |Epoch: 134, train acc: 0.21, test acc: 0.23
2019-01-19 06:49:59,004:    |Epoch: 135, train acc: 0.21, test acc: 0.14
2019-01-19 06:51:05,761:    |Epoch: 136, train acc: 0.20, test acc: 0.14
2019-01-19 06:52:15,082:    |Epoch: 137, train acc: 0.21, test acc: 0.18
2019-01-19 06:53:21,932:    |Epoch: 138, train acc: 0.20, test acc: 0.13
2019-01-19 06:54:29,791:    |Epoch: 139, train acc: 0.20, test acc: 0.19
2019-01-19 06:55:38,102:    |Epoch: 140, train acc: 0.21, test acc: 0.18
2019-01-19 06:56:47,682:    |Epoch: 141, train acc: 0.21, test acc: 0.21
2019-01-19 06:57:56,871:    |Epoch: 142, train acc: 0.20, test acc: 0.19
2019-01-19 06:59:04,278:    |Epoch: 143, train acc: 0.21, test acc: 0.15
2019-01-19 07:00:13,739:    |Epoch: 144, train acc: 0.20, test acc: 0.17
2019-01-19 07:01:21,640:    |Epoch: 145, train acc: 0.21, test acc: 0.10
2019-01-19 07:02:30,546:    |Epoch: 146, train acc: 0.21, test acc: 0.20
2019-01-19 07:03:38,441:    |Epoch: 147, train acc: 0.21, test acc: 0.21
2019-01-19 07:04:47,440:    |Epoch: 148, train acc: 0.20, test acc: 0.11
2019-01-19 07:05:56,743:    |Epoch: 149, train acc: 0.21, test acc: 0.12
2019-01-19 07:07:04,494:    |Epoch: 150, train acc: 0.21, test acc: 0.19
2019-01-19 07:08:13,338:    |Epoch: 151, train acc: 0.21, test acc: 0.20
2019-01-19 07:09:20,556:    |Epoch: 152, train acc: 0.21, test acc: 0.13
2019-01-19 07:10:29,395:    |Epoch: 153, train acc: 0.20, test acc: 0.20
2019-01-19 07:11:37,331:    |Epoch: 154, train acc: 0.21, test acc: 0.19
2019-01-19 07:12:46,134:    |Epoch: 155, train acc: 0.20, test acc: 0.21
2019-01-19 07:13:43,904:    |Epoch: 156, train acc: 0.21, test acc: 0.20
2019-01-19 07:14:54,345:    |Epoch: 157, train acc: 0.21, test acc: 0.13
2019-01-19 07:16:02,340:    |Epoch: 158, train acc: 0.20, test acc: 0.16
2019-01-19 07:17:11,439:    |Epoch: 159, train acc: 0.21, test acc: 0.19
2019-01-19 07:17:11,439:    |Saving...
2019-01-19 07:17:11,467:    |./checkpoint/mine_1111_dropout_train0.21_test0.19_eph159.ckpt
2019-01-19 07:18:21,265:    |Epoch: 160, train acc: 0.21, test acc: 0.19
2019-01-19 07:19:30,139:    |Epoch: 161, train acc: 0.18, test acc: 0.18
2019-01-19 07:20:41,257:    |Epoch: 162, train acc: 0.18, test acc: 0.18
2019-01-19 07:21:49,443:    |Epoch: 163, train acc: 0.18, test acc: 0.15
2019-01-19 07:22:59,936:    |Epoch: 164, train acc: 0.17, test acc: 0.14
2019-01-19 07:24:07,999:    |Epoch: 165, train acc: 0.18, test acc: 0.18
2019-01-19 07:25:17,959:    |Epoch: 166, train acc: 0.18, test acc: 0.19
2019-01-19 07:26:26,853:    |Epoch: 167, train acc: 0.18, test acc: 0.17
2019-01-19 07:27:36,204:    |Epoch: 168, train acc: 0.17, test acc: 0.18
2019-01-19 07:28:47,014:    |Epoch: 169, train acc: 0.18, test acc: 0.18
2019-01-19 07:29:54,738:    |Epoch: 170, train acc: 0.18, test acc: 0.19
2019-01-19 07:31:05,232:    |Epoch: 171, train acc: 0.18, test acc: 0.16
2019-01-19 07:32:13,438:    |Epoch: 172, train acc: 0.18, test acc: 0.17
2019-01-19 07:33:23,125:    |Epoch: 173, train acc: 0.18, test acc: 0.18
2019-01-19 07:34:31,867:    |Epoch: 174, train acc: 0.18, test acc: 0.16
2019-01-19 07:35:41,889:    |Epoch: 175, train acc: 0.18, test acc: 0.17
2019-01-19 07:36:51,744:    |Epoch: 176, train acc: 0.18, test acc: 0.18
2019-01-19 07:37:59,599:    |Epoch: 177, train acc: 0.18, test acc: 0.17
2019-01-19 07:39:09,704:    |Epoch: 178, train acc: 0.18, test acc: 0.10
2019-01-19 07:40:17,763:    |Epoch: 179, train acc: 0.18, test acc: 0.19
2019-01-19 07:41:27,680:    |Epoch: 180, train acc: 0.18, test acc: 0.17
2019-01-19 07:42:36,390:    |Epoch: 181, train acc: 0.18, test acc: 0.18
2019-01-19 07:43:46,963:    |Epoch: 182, train acc: 0.18, test acc: 0.17
2019-01-19 07:44:56,460:    |Epoch: 183, train acc: 0.17, test acc: 0.14
2019-01-19 07:46:04,697:    |Epoch: 184, train acc: 0.17, test acc: 0.18
2019-01-19 07:47:14,422:    |Epoch: 185, train acc: 0.17, test acc: 0.19
2019-01-19 07:48:22,600:    |Epoch: 186, train acc: 0.18, test acc: 0.17
2019-01-19 07:49:32,569:    |Epoch: 187, train acc: 0.18, test acc: 0.14
2019-01-19 07:50:41,666:    |Epoch: 188, train acc: 0.18, test acc: 0.18
2019-01-19 07:51:52,011:    |Epoch: 189, train acc: 0.18, test acc: 0.18
2019-01-19 07:53:00,880:    |Epoch: 190, train acc: 0.18, test acc: 0.17
2019-01-19 07:54:08,834:    |Epoch: 191, train acc: 0.18, test acc: 0.13
2019-01-19 07:55:18,810:    |Epoch: 192, train acc: 0.17, test acc: 0.19
2019-01-19 07:56:26,793:    |Epoch: 193, train acc: 0.18, test acc: 0.17
2019-01-19 07:57:37,509:    |Epoch: 194, train acc: 0.18, test acc: 0.16
2019-01-19 07:58:47,187:    |Epoch: 195, train acc: 0.18, test acc: 0.16
2019-01-19 07:59:57,686:    |Epoch: 196, train acc: 0.18, test acc: 0.18
2019-01-19 08:01:06,192:    |Epoch: 197, train acc: 0.18, test acc: 0.19
2019-01-19 08:02:14,335:    |Epoch: 198, train acc: 0.18, test acc: 0.17
2019-01-19 08:03:24,430:    |Epoch: 199, train acc: 0.18, test acc: 0.17
2019-01-19 08:03:24,431:    |Saving...
2019-01-19 08:03:24,453:    |./checkpoint/mine_1111_dropout_train0.18_test0.17_eph199.ckpt
