2019-01-19 00:24:32,132:    |Namespace(batch_size=128, lr=0.1, mm=0.9, model_name='mine_dropout', num_epoch=200, optim='sgd', resume=None, wd=0.0)
2019-01-19 00:24:32,179:    |cuda
2019-01-19 00:24:33,893:    |==> Building model..
2019-01-19 00:24:36,185:    |restart
2019-01-19 00:25:00,798:    |Epoch: 0, train acc: 0.35, test acc: 0.46
2019-01-19 00:25:22,114:    |Epoch: 1, train acc: 0.51, test acc: 0.50
2019-01-19 00:25:53,738:    |Epoch: 2, train acc: 0.60, test acc: 0.60
2019-01-19 00:27:02,178:    |Epoch: 3, train acc: 0.66, test acc: 0.69
2019-01-19 00:28:19,930:    |Epoch: 4, train acc: 0.70, test acc: 0.70
2019-01-19 00:29:40,263:    |Epoch: 5, train acc: 0.73, test acc: 0.71
2019-01-19 00:30:58,327:    |Epoch: 6, train acc: 0.75, test acc: 0.74
2019-01-19 00:32:18,006:    |Epoch: 7, train acc: 0.77, test acc: 0.77
2019-01-19 00:33:39,018:    |Epoch: 8, train acc: 0.78, test acc: 0.76
2019-01-19 00:34:59,168:    |Epoch: 9, train acc: 0.80, test acc: 0.79
2019-01-19 00:36:19,641:    |Epoch: 10, train acc: 0.81, test acc: 0.77
2019-01-19 00:37:40,388:    |Epoch: 11, train acc: 0.82, test acc: 0.81
2019-01-19 00:38:59,264:    |Epoch: 12, train acc: 0.82, test acc: 0.81
2019-01-19 00:40:19,844:    |Epoch: 13, train acc: 0.83, test acc: 0.83
2019-01-19 00:41:40,658:    |Epoch: 14, train acc: 0.84, test acc: 0.82
2019-01-19 00:43:01,466:    |Epoch: 15, train acc: 0.84, test acc: 0.83
2019-01-19 00:44:22,721:    |Epoch: 16, train acc: 0.85, test acc: 0.81
2019-01-19 00:45:43,325:    |Epoch: 17, train acc: 0.85, test acc: 0.83
2019-01-19 00:47:01,440:    |Epoch: 18, train acc: 0.86, test acc: 0.84
2019-01-19 00:48:22,758:    |Epoch: 19, train acc: 0.86, test acc: 0.84
2019-01-19 00:49:43,056:    |Epoch: 20, train acc: 0.87, test acc: 0.83
2019-01-19 00:51:03,400:    |Epoch: 21, train acc: 0.87, test acc: 0.85
2019-01-19 00:52:24,521:    |Epoch: 22, train acc: 0.87, test acc: 0.85
2019-01-19 00:53:44,792:    |Epoch: 23, train acc: 0.88, test acc: 0.86
2019-01-19 00:55:03,413:    |Epoch: 24, train acc: 0.88, test acc: 0.86
2019-01-19 00:56:24,804:    |Epoch: 25, train acc: 0.88, test acc: 0.86
2019-01-19 00:57:44,819:    |Epoch: 26, train acc: 0.89, test acc: 0.86
2019-01-19 00:59:03,985:    |Epoch: 27, train acc: 0.89, test acc: 0.87
2019-01-19 01:00:25,430:    |Epoch: 28, train acc: 0.90, test acc: 0.87
2019-01-19 01:01:45,429:    |Epoch: 29, train acc: 0.89, test acc: 0.86
2019-01-19 01:03:04,678:    |Epoch: 30, train acc: 0.90, test acc: 0.87
2019-01-19 01:04:25,663:    |Epoch: 31, train acc: 0.90, test acc: 0.86
2019-01-19 01:05:44,555:    |Epoch: 32, train acc: 0.90, test acc: 0.86
2019-01-19 01:07:04,665:    |Epoch: 33, train acc: 0.90, test acc: 0.87
2019-01-19 01:08:26,050:    |Epoch: 34, train acc: 0.91, test acc: 0.87
2019-01-19 01:09:45,828:    |Epoch: 35, train acc: 0.91, test acc: 0.87
2019-01-19 01:11:04,893:    |Epoch: 36, train acc: 0.91, test acc: 0.88
2019-01-19 01:12:26,199:    |Epoch: 37, train acc: 0.91, test acc: 0.87
2019-01-19 01:13:45,474:    |Epoch: 38, train acc: 0.92, test acc: 0.88
2019-01-19 01:15:05,607:    |Epoch: 39, train acc: 0.92, test acc: 0.88
2019-01-19 01:15:05,607:    |Saving...
2019-01-19 01:15:05,655:    |./checkpoint/mine_dropout_train0.92_test0.88_eph39.ckpt
2019-01-19 01:16:27,259:    |Epoch: 40, train acc: 0.92, test acc: 0.88
2019-01-19 01:17:46,759:    |Epoch: 41, train acc: 0.92, test acc: 0.88
2019-01-19 01:19:07,522:    |Epoch: 42, train acc: 0.92, test acc: 0.88
2019-01-19 01:20:27,575:    |Epoch: 43, train acc: 0.92, test acc: 0.89
2019-01-19 01:21:47,529:    |Epoch: 44, train acc: 0.92, test acc: 0.88
2019-01-19 01:23:08,296:    |Epoch: 45, train acc: 0.93, test acc: 0.88
2019-01-19 01:24:28,665:    |Epoch: 46, train acc: 0.93, test acc: 0.88
2019-01-19 01:25:48,554:    |Epoch: 47, train acc: 0.93, test acc: 0.87
2019-01-19 01:27:09,810:    |Epoch: 48, train acc: 0.93, test acc: 0.88
2019-01-19 01:28:29,700:    |Epoch: 49, train acc: 0.93, test acc: 0.89
2019-01-19 01:29:49,374:    |Epoch: 50, train acc: 0.93, test acc: 0.88
2019-01-19 01:31:10,856:    |Epoch: 51, train acc: 0.93, test acc: 0.89
2019-01-19 01:32:30,360:    |Epoch: 52, train acc: 0.93, test acc: 0.89
2019-01-19 01:33:50,160:    |Epoch: 53, train acc: 0.94, test acc: 0.89
2019-01-19 01:35:11,282:    |Epoch: 54, train acc: 0.94, test acc: 0.89
2019-01-19 01:36:30,836:    |Epoch: 55, train acc: 0.94, test acc: 0.89
2019-01-19 01:37:51,461:    |Epoch: 56, train acc: 0.94, test acc: 0.89
2019-01-19 01:39:12,246:    |Epoch: 57, train acc: 0.94, test acc: 0.89
2019-01-19 01:40:31,850:    |Epoch: 58, train acc: 0.94, test acc: 0.90
2019-01-19 01:41:51,336:    |Epoch: 59, train acc: 0.94, test acc: 0.89
2019-01-19 01:43:12,538:    |Epoch: 60, train acc: 0.94, test acc: 0.89
2019-01-19 01:44:31,559:    |Epoch: 61, train acc: 0.94, test acc: 0.89
2019-01-19 01:45:52,708:    |Epoch: 62, train acc: 0.94, test acc: 0.89
2019-01-19 01:47:14,225:    |Epoch: 63, train acc: 0.95, test acc: 0.89
2019-01-19 01:48:33,804:    |Epoch: 64, train acc: 0.95, test acc: 0.90
2019-01-19 01:49:53,623:    |Epoch: 65, train acc: 0.95, test acc: 0.89
2019-01-19 01:51:15,109:    |Epoch: 66, train acc: 0.95, test acc: 0.89
2019-01-19 01:52:34,122:    |Epoch: 67, train acc: 0.95, test acc: 0.89
2019-01-19 01:53:54,636:    |Epoch: 68, train acc: 0.95, test acc: 0.89
2019-01-19 01:55:16,527:    |Epoch: 69, train acc: 0.95, test acc: 0.89
2019-01-19 01:56:36,874:    |Epoch: 70, train acc: 0.95, test acc: 0.88
2019-01-19 01:57:57,537:    |Epoch: 71, train acc: 0.95, test acc: 0.89
2019-01-19 01:59:18,373:    |Epoch: 72, train acc: 0.95, test acc: 0.89
2019-01-19 02:00:37,141:    |Epoch: 73, train acc: 0.95, test acc: 0.89
2019-01-19 02:01:57,600:    |Epoch: 74, train acc: 0.95, test acc: 0.89
2019-01-19 02:03:18,061:    |Epoch: 75, train acc: 0.95, test acc: 0.89
2019-01-19 02:04:37,990:    |Epoch: 76, train acc: 0.95, test acc: 0.89
2019-01-19 02:05:59,362:    |Epoch: 77, train acc: 0.96, test acc: 0.90
2019-01-19 02:07:18,995:    |Epoch: 78, train acc: 0.95, test acc: 0.89
2019-01-19 02:08:37,657:    |Epoch: 79, train acc: 0.96, test acc: 0.90
2019-01-19 02:08:37,657:    |Saving...
2019-01-19 02:08:37,702:    |./checkpoint/mine_dropout_train0.96_test0.90_eph79.ckpt
2019-01-19 02:09:58,407:    |Epoch: 80, train acc: 0.96, test acc: 0.89
2019-01-19 02:11:18,189:    |Epoch: 81, train acc: 0.96, test acc: 0.89
2019-01-19 02:12:37,529:    |Epoch: 82, train acc: 0.96, test acc: 0.90
2019-01-19 02:13:58,440:    |Epoch: 83, train acc: 0.96, test acc: 0.89
2019-01-19 02:15:18,232:    |Epoch: 84, train acc: 0.96, test acc: 0.89
2019-01-19 02:16:36,900:    |Epoch: 85, train acc: 0.96, test acc: 0.90
2019-01-19 02:17:57,277:    |Epoch: 86, train acc: 0.96, test acc: 0.89
2019-01-19 02:19:16,452:    |Epoch: 87, train acc: 0.96, test acc: 0.90
2019-01-19 02:20:36,219:    |Epoch: 88, train acc: 0.96, test acc: 0.89
2019-01-19 02:21:57,815:    |Epoch: 89, train acc: 0.96, test acc: 0.90
2019-01-19 02:23:18,049:    |Epoch: 90, train acc: 0.96, test acc: 0.90
2019-01-19 02:24:37,406:    |Epoch: 91, train acc: 0.96, test acc: 0.90
2019-01-19 02:25:58,420:    |Epoch: 92, train acc: 0.96, test acc: 0.90
2019-01-19 02:27:17,724:    |Epoch: 93, train acc: 0.96, test acc: 0.90
2019-01-19 02:28:37,644:    |Epoch: 94, train acc: 0.96, test acc: 0.90
2019-01-19 02:29:59,164:    |Epoch: 95, train acc: 0.96, test acc: 0.90
2019-01-19 02:31:19,667:    |Epoch: 96, train acc: 0.97, test acc: 0.89
2019-01-19 02:32:39,181:    |Epoch: 97, train acc: 0.97, test acc: 0.89
2019-01-19 02:33:59,428:    |Epoch: 98, train acc: 0.97, test acc: 0.90
2019-01-19 02:35:19,000:    |Epoch: 99, train acc: 0.97, test acc: 0.89
2019-01-19 02:36:39,830:    |Epoch: 100, train acc: 0.97, test acc: 0.90
2019-01-19 02:38:00,750:    |Epoch: 101, train acc: 0.97, test acc: 0.90
2019-01-19 02:39:20,668:    |Epoch: 102, train acc: 0.97, test acc: 0.90
2019-01-19 02:40:41,453:    |Epoch: 103, train acc: 0.97, test acc: 0.90
2019-01-19 02:42:01,528:    |Epoch: 104, train acc: 0.97, test acc: 0.90
2019-01-19 02:43:21,192:    |Epoch: 105, train acc: 0.97, test acc: 0.90
2019-01-19 02:44:42,379:    |Epoch: 106, train acc: 0.97, test acc: 0.90
2019-01-19 02:46:02,810:    |Epoch: 107, train acc: 0.97, test acc: 0.90
2019-01-19 02:47:22,341:    |Epoch: 108, train acc: 0.97, test acc: 0.90
2019-01-19 02:48:43,418:    |Epoch: 109, train acc: 0.97, test acc: 0.90
2019-01-19 02:50:02,827:    |Epoch: 110, train acc: 0.97, test acc: 0.90
2019-01-19 02:51:22,543:    |Epoch: 111, train acc: 0.97, test acc: 0.90
2019-01-19 02:52:43,657:    |Epoch: 112, train acc: 0.97, test acc: 0.91
2019-01-19 02:54:03,338:    |Epoch: 113, train acc: 0.97, test acc: 0.90
2019-01-19 02:55:22,761:    |Epoch: 114, train acc: 0.97, test acc: 0.91
2019-01-19 02:56:44,052:    |Epoch: 115, train acc: 0.97, test acc: 0.90
2019-01-19 02:58:03,032:    |Epoch: 116, train acc: 0.97, test acc: 0.91
2019-01-19 02:59:21,998:    |Epoch: 117, train acc: 0.97, test acc: 0.91
2019-01-19 03:00:43,724:    |Epoch: 118, train acc: 0.97, test acc: 0.90
2019-01-19 03:02:02,789:    |Epoch: 119, train acc: 0.97, test acc: 0.91
2019-01-19 03:02:02,789:    |Saving...
2019-01-19 03:02:02,814:    |./checkpoint/mine_dropout_train0.97_test0.91_eph119.ckpt
2019-01-19 03:03:22,426:    |Epoch: 120, train acc: 0.97, test acc: 0.90
2019-01-19 03:04:43,379:    |Epoch: 121, train acc: 0.97, test acc: 0.91
2019-01-19 03:06:01,886:    |Epoch: 122, train acc: 0.97, test acc: 0.90
2019-01-19 03:07:21,349:    |Epoch: 123, train acc: 0.97, test acc: 0.90
2019-01-19 03:08:42,776:    |Epoch: 124, train acc: 0.97, test acc: 0.91
2019-01-19 03:10:02,504:    |Epoch: 125, train acc: 0.97, test acc: 0.90
2019-01-19 03:11:22,294:    |Epoch: 126, train acc: 0.98, test acc: 0.90
2019-01-19 03:12:44,097:    |Epoch: 127, train acc: 0.97, test acc: 0.90
2019-01-19 03:14:03,121:    |Epoch: 128, train acc: 0.98, test acc: 0.90
2019-01-19 03:15:22,701:    |Epoch: 129, train acc: 0.98, test acc: 0.90
2019-01-19 03:16:44,098:    |Epoch: 130, train acc: 0.97, test acc: 0.90
2019-01-19 03:18:03,265:    |Epoch: 131, train acc: 0.98, test acc: 0.90
2019-01-19 03:19:23,650:    |Epoch: 132, train acc: 0.98, test acc: 0.90
2019-01-19 03:20:44,268:    |Epoch: 133, train acc: 0.98, test acc: 0.91
2019-01-19 03:22:03,517:    |Epoch: 134, train acc: 0.98, test acc: 0.91
2019-01-19 03:23:23,716:    |Epoch: 135, train acc: 0.98, test acc: 0.90
2019-01-19 03:24:43,461:    |Epoch: 136, train acc: 0.98, test acc: 0.91
2019-01-19 03:26:02,926:    |Epoch: 137, train acc: 0.98, test acc: 0.91
2019-01-19 03:27:24,233:    |Epoch: 138, train acc: 0.98, test acc: 0.91
2019-01-19 03:28:43,902:    |Epoch: 139, train acc: 0.98, test acc: 0.91
2019-01-19 03:30:02,333:    |Epoch: 140, train acc: 0.98, test acc: 0.91
2019-01-19 03:31:22,726:    |Epoch: 141, train acc: 0.98, test acc: 0.91
2019-01-19 03:32:42,065:    |Epoch: 142, train acc: 0.98, test acc: 0.91
2019-01-19 03:34:02,114:    |Epoch: 143, train acc: 0.98, test acc: 0.91
2019-01-19 03:35:23,389:    |Epoch: 144, train acc: 0.98, test acc: 0.90
2019-01-19 03:36:42,518:    |Epoch: 145, train acc: 0.98, test acc: 0.90
2019-01-19 03:38:01,599:    |Epoch: 146, train acc: 0.98, test acc: 0.91
2019-01-19 03:39:22,173:    |Epoch: 147, train acc: 0.98, test acc: 0.90
2019-01-19 03:40:41,076:    |Epoch: 148, train acc: 0.98, test acc: 0.91
2019-01-19 03:41:59,904:    |Epoch: 149, train acc: 0.98, test acc: 0.90
2019-01-19 03:43:21,492:    |Epoch: 150, train acc: 0.98, test acc: 0.90
2019-01-19 03:44:41,315:    |Epoch: 151, train acc: 0.98, test acc: 0.91
2019-01-19 03:46:00,688:    |Epoch: 152, train acc: 0.98, test acc: 0.91
2019-01-19 03:47:21,185:    |Epoch: 153, train acc: 0.98, test acc: 0.90
2019-01-19 03:48:41,440:    |Epoch: 154, train acc: 0.98, test acc: 0.91
2019-01-19 03:50:00,913:    |Epoch: 155, train acc: 0.98, test acc: 0.91
2019-01-19 03:51:22,650:    |Epoch: 156, train acc: 0.98, test acc: 0.91
2019-01-19 03:52:43,216:    |Epoch: 157, train acc: 0.98, test acc: 0.91
2019-01-19 03:54:03,317:    |Epoch: 158, train acc: 0.98, test acc: 0.90
2019-01-19 03:55:23,674:    |Epoch: 159, train acc: 0.98, test acc: 0.91
2019-01-19 03:55:23,674:    |Saving...
2019-01-19 03:55:23,718:    |./checkpoint/mine_dropout_train0.98_test0.91_eph159.ckpt
2019-01-19 03:56:42,140:    |Epoch: 160, train acc: 0.98, test acc: 0.91
2019-01-19 03:58:01,910:    |Epoch: 161, train acc: 0.98, test acc: 0.91
2019-01-19 03:59:22,338:    |Epoch: 162, train acc: 0.98, test acc: 0.91
2019-01-19 04:00:41,990:    |Epoch: 163, train acc: 0.98, test acc: 0.91
2019-01-19 04:02:02,588:    |Epoch: 164, train acc: 0.98, test acc: 0.90
2019-01-19 04:03:22,142:    |Epoch: 165, train acc: 0.98, test acc: 0.90
2019-01-19 04:04:41,242:    |Epoch: 166, train acc: 0.98, test acc: 0.91
2019-01-19 04:06:02,148:    |Epoch: 167, train acc: 0.98, test acc: 0.91
2019-01-19 04:07:22,718:    |Epoch: 168, train acc: 0.98, test acc: 0.91
2019-01-19 04:08:42,363:    |Epoch: 169, train acc: 0.98, test acc: 0.91
2019-01-19 04:10:03,048:    |Epoch: 170, train acc: 0.98, test acc: 0.91
2019-01-19 04:11:22,632:    |Epoch: 171, train acc: 0.98, test acc: 0.91
2019-01-19 04:12:41,180:    |Epoch: 172, train acc: 0.98, test acc: 0.91
2019-01-19 04:14:02,259:    |Epoch: 173, train acc: 0.98, test acc: 0.91
2019-01-19 04:15:11,378:    |Epoch: 174, train acc: 0.98, test acc: 0.91
2019-01-19 04:16:30,623:    |Epoch: 175, train acc: 0.98, test acc: 0.91
2019-01-19 04:17:51,747:    |Epoch: 176, train acc: 0.98, test acc: 0.90
2019-01-19 04:19:10,668:    |Epoch: 177, train acc: 0.99, test acc: 0.91
2019-01-19 04:20:29,302:    |Epoch: 178, train acc: 0.98, test acc: 0.91
2019-01-19 04:21:50,280:    |Epoch: 179, train acc: 0.98, test acc: 0.91
2019-01-19 04:23:08,427:    |Epoch: 180, train acc: 0.98, test acc: 0.91
2019-01-19 04:24:28,080:    |Epoch: 181, train acc: 0.98, test acc: 0.91
2019-01-19 04:25:49,489:    |Epoch: 182, train acc: 0.98, test acc: 0.91
2019-01-19 04:27:08,345:    |Epoch: 183, train acc: 0.98, test acc: 0.91
2019-01-19 04:28:27,507:    |Epoch: 184, train acc: 0.98, test acc: 0.90
2019-01-19 04:29:47,997:    |Epoch: 185, train acc: 0.98, test acc: 0.91
2019-01-19 04:31:06,261:    |Epoch: 186, train acc: 0.98, test acc: 0.91
2019-01-19 04:32:25,705:    |Epoch: 187, train acc: 0.98, test acc: 0.91
2019-01-19 04:33:46,287:    |Epoch: 188, train acc: 0.98, test acc: 0.91
2019-01-19 04:35:05,759:    |Epoch: 189, train acc: 0.98, test acc: 0.91
2019-01-19 04:36:25,237:    |Epoch: 190, train acc: 0.98, test acc: 0.91
2019-01-19 04:37:45,197:    |Epoch: 191, train acc: 0.99, test acc: 0.91
2019-01-19 04:39:03,325:    |Epoch: 192, train acc: 0.98, test acc: 0.91
2019-01-19 04:40:23,569:    |Epoch: 193, train acc: 0.99, test acc: 0.91
2019-01-19 04:41:43,379:    |Epoch: 194, train acc: 0.98, test acc: 0.91
2019-01-19 04:43:02,559:    |Epoch: 195, train acc: 0.98, test acc: 0.91
2019-01-19 04:44:23,238:    |Epoch: 196, train acc: 0.99, test acc: 0.91
2019-01-19 04:45:42,042:    |Epoch: 197, train acc: 0.99, test acc: 0.91
2019-01-19 04:46:59,954:    |Epoch: 198, train acc: 0.98, test acc: 0.91
2019-01-19 04:48:20,794:    |Epoch: 199, train acc: 0.99, test acc: 0.91
2019-01-19 04:48:20,794:    |Saving...
2019-01-19 04:48:20,820:    |./checkpoint/mine_dropout_train0.99_test0.91_eph199.ckpt
