2019-01-19 00:25:24,733:    |Namespace(batch_size=128, lr=0.1, mm=0.9, model_name='mine_1111_dropout', num_epoch=200, optim='sgd', resume=None, wd=0.0)
2019-01-19 00:25:24,741:    |cuda
2019-01-19 00:25:26,431:    |==> Building model..
2019-01-19 00:25:30,553:    |restart
2019-01-19 00:26:20,069:    |Epoch: 0, train acc: 0.35, test acc: 0.48
2019-01-19 00:27:28,908:    |Epoch: 1, train acc: 0.52, test acc: 0.51
2019-01-19 00:28:34,707:    |Epoch: 2, train acc: 0.60, test acc: 0.59
2019-01-19 00:29:44,229:    |Epoch: 3, train acc: 0.64, test acc: 0.63
2019-01-19 00:30:52,549:    |Epoch: 4, train acc: 0.67, test acc: 0.63
2019-01-19 00:32:02,369:    |Epoch: 5, train acc: 0.69, test acc: 0.69
2019-01-19 00:33:10,741:    |Epoch: 6, train acc: 0.71, test acc: 0.72
2019-01-19 00:34:18,906:    |Epoch: 7, train acc: 0.72, test acc: 0.73
2019-01-19 00:35:28,260:    |Epoch: 8, train acc: 0.74, test acc: 0.73
2019-01-19 00:36:37,165:    |Epoch: 9, train acc: 0.76, test acc: 0.73
2019-01-19 00:37:46,582:    |Epoch: 10, train acc: 0.77, test acc: 0.75
2019-01-19 00:38:55,637:    |Epoch: 11, train acc: 0.78, test acc: 0.78
2019-01-19 00:40:06,554:    |Epoch: 12, train acc: 0.79, test acc: 0.78
2019-01-19 00:41:15,066:    |Epoch: 13, train acc: 0.80, test acc: 0.80
2019-01-19 00:42:23,803:    |Epoch: 14, train acc: 0.81, test acc: 0.79
2019-01-19 00:43:33,242:    |Epoch: 15, train acc: 0.81, test acc: 0.80
2019-01-19 00:44:41,702:    |Epoch: 16, train acc: 0.82, test acc: 0.80
2019-01-19 00:45:51,785:    |Epoch: 17, train acc: 0.82, test acc: 0.81
2019-01-19 00:47:00,113:    |Epoch: 18, train acc: 0.83, test acc: 0.80
2019-01-19 00:48:11,286:    |Epoch: 19, train acc: 0.83, test acc: 0.82
2019-01-19 00:49:19,319:    |Epoch: 20, train acc: 0.84, test acc: 0.81
2019-01-19 00:50:29,073:    |Epoch: 21, train acc: 0.84, test acc: 0.82
2019-01-19 00:51:37,394:    |Epoch: 22, train acc: 0.84, test acc: 0.83
2019-01-19 00:52:44,955:    |Epoch: 23, train acc: 0.85, test acc: 0.84
2019-01-19 00:53:55,372:    |Epoch: 24, train acc: 0.85, test acc: 0.82
2019-01-19 00:55:03,532:    |Epoch: 25, train acc: 0.85, test acc: 0.84
2019-01-19 00:56:15,418:    |Epoch: 26, train acc: 0.86, test acc: 0.84
2019-01-19 00:57:23,471:    |Epoch: 27, train acc: 0.86, test acc: 0.84
2019-01-19 00:58:33,347:    |Epoch: 28, train acc: 0.86, test acc: 0.85
2019-01-19 00:59:40,385:    |Epoch: 29, train acc: 0.87, test acc: 0.84
2019-01-19 01:00:48,602:    |Epoch: 30, train acc: 0.87, test acc: 0.85
2019-01-19 01:01:58,052:    |Epoch: 31, train acc: 0.87, test acc: 0.84
2019-01-19 01:03:06,580:    |Epoch: 32, train acc: 0.87, test acc: 0.84
2019-01-19 01:04:17,661:    |Epoch: 33, train acc: 0.87, test acc: 0.85
2019-01-19 01:05:24,650:    |Epoch: 34, train acc: 0.88, test acc: 0.85
2019-01-19 01:06:34,111:    |Epoch: 35, train acc: 0.88, test acc: 0.85
2019-01-19 01:07:41,958:    |Epoch: 36, train acc: 0.88, test acc: 0.85
2019-01-19 01:08:50,563:    |Epoch: 37, train acc: 0.88, test acc: 0.86
2019-01-19 01:09:59,556:    |Epoch: 38, train acc: 0.88, test acc: 0.85
2019-01-19 01:11:07,699:    |Epoch: 39, train acc: 0.88, test acc: 0.85
2019-01-19 01:11:07,699:    |Saving...
2019-01-19 01:11:07,723:    |./checkpoint/mine_1111_dropout_train0.88_test0.85_eph39.ckpt
2019-01-19 01:12:19,193:    |Epoch: 40, train acc: 0.89, test acc: 0.85
2019-01-19 01:13:26,919:    |Epoch: 41, train acc: 0.89, test acc: 0.86
2019-01-19 01:14:36,469:    |Epoch: 42, train acc: 0.89, test acc: 0.86
2019-01-19 01:15:44,487:    |Epoch: 43, train acc: 0.89, test acc: 0.86
2019-01-19 01:16:54,316:    |Epoch: 44, train acc: 0.89, test acc: 0.86
2019-01-19 01:18:02,352:    |Epoch: 45, train acc: 0.89, test acc: 0.87
2019-01-19 01:19:11,675:    |Epoch: 46, train acc: 0.90, test acc: 0.86
2019-01-19 01:20:22,392:    |Epoch: 47, train acc: 0.90, test acc: 0.86
2019-01-19 01:21:31,039:    |Epoch: 48, train acc: 0.90, test acc: 0.86
2019-01-19 01:22:40,982:    |Epoch: 49, train acc: 0.90, test acc: 0.86
2019-01-19 01:23:48,718:    |Epoch: 50, train acc: 0.90, test acc: 0.87
2019-01-19 01:24:58,382:    |Epoch: 51, train acc: 0.90, test acc: 0.86
2019-01-19 01:26:06,071:    |Epoch: 52, train acc: 0.90, test acc: 0.86
2019-01-19 01:27:15,959:    |Epoch: 53, train acc: 0.90, test acc: 0.87
2019-01-19 01:28:26,238:    |Epoch: 54, train acc: 0.91, test acc: 0.87
2019-01-19 01:29:34,970:    |Epoch: 55, train acc: 0.91, test acc: 0.87
2019-01-19 01:30:44,775:    |Epoch: 56, train acc: 0.91, test acc: 0.86
2019-01-19 01:31:51,915:    |Epoch: 57, train acc: 0.91, test acc: 0.86
2019-01-19 01:33:01,680:    |Epoch: 58, train acc: 0.91, test acc: 0.88
2019-01-19 01:34:09,517:    |Epoch: 59, train acc: 0.91, test acc: 0.87
2019-01-19 01:35:18,613:    |Epoch: 60, train acc: 0.91, test acc: 0.87
2019-01-19 01:36:28,239:    |Epoch: 61, train acc: 0.91, test acc: 0.87
2019-01-19 01:37:37,649:    |Epoch: 62, train acc: 0.91, test acc: 0.87
2019-01-19 01:38:47,072:    |Epoch: 63, train acc: 0.92, test acc: 0.87
2019-01-19 01:39:54,411:    |Epoch: 64, train acc: 0.92, test acc: 0.87
2019-01-19 01:41:04,151:    |Epoch: 65, train acc: 0.92, test acc: 0.87
2019-01-19 01:42:11,860:    |Epoch: 66, train acc: 0.92, test acc: 0.87
2019-01-19 01:43:21,113:    |Epoch: 67, train acc: 0.92, test acc: 0.87
2019-01-19 01:44:30,382:    |Epoch: 68, train acc: 0.92, test acc: 0.88
2019-01-19 01:45:41,550:    |Epoch: 69, train acc: 0.92, test acc: 0.88
2019-01-19 01:46:50,493:    |Epoch: 70, train acc: 0.92, test acc: 0.87
2019-01-19 01:47:57,840:    |Epoch: 71, train acc: 0.92, test acc: 0.88
2019-01-19 01:49:07,697:    |Epoch: 72, train acc: 0.92, test acc: 0.88
2019-01-19 01:50:15,902:    |Epoch: 73, train acc: 0.92, test acc: 0.87
2019-01-19 01:51:25,618:    |Epoch: 74, train acc: 0.92, test acc: 0.87
2019-01-19 01:52:34,279:    |Epoch: 75, train acc: 0.92, test acc: 0.88
2019-01-19 01:53:45,626:    |Epoch: 76, train acc: 0.93, test acc: 0.88
2019-01-19 01:54:54,941:    |Epoch: 77, train acc: 0.93, test acc: 0.87
2019-01-19 01:56:03,225:    |Epoch: 78, train acc: 0.93, test acc: 0.88
2019-01-19 01:57:12,932:    |Epoch: 79, train acc: 0.93, test acc: 0.87
2019-01-19 01:57:12,932:    |Saving...
2019-01-19 01:57:12,964:    |./checkpoint/mine_1111_dropout_train0.93_test0.87_eph79.ckpt
2019-01-19 01:58:21,008:    |Epoch: 80, train acc: 0.93, test acc: 0.88
2019-01-19 01:59:30,198:    |Epoch: 81, train acc: 0.93, test acc: 0.87
2019-01-19 02:00:38,484:    |Epoch: 82, train acc: 0.93, test acc: 0.88
2019-01-19 02:01:49,614:    |Epoch: 83, train acc: 0.93, test acc: 0.88
2019-01-19 02:02:58,468:    |Epoch: 84, train acc: 0.93, test acc: 0.88
2019-01-19 02:04:06,688:    |Epoch: 85, train acc: 0.93, test acc: 0.88
2019-01-19 02:05:15,571:    |Epoch: 86, train acc: 0.93, test acc: 0.88
2019-01-19 02:06:23,256:    |Epoch: 87, train acc: 0.93, test acc: 0.88
2019-01-19 02:07:32,338:    |Epoch: 88, train acc: 0.93, test acc: 0.88
2019-01-19 02:08:40,564:    |Epoch: 89, train acc: 0.94, test acc: 0.88
2019-01-19 02:09:51,378:    |Epoch: 90, train acc: 0.94, test acc: 0.88
2019-01-19 02:10:59,108:    |Epoch: 91, train acc: 0.94, test acc: 0.88
2019-01-19 02:12:08,000:    |Epoch: 92, train acc: 0.94, test acc: 0.88
2019-01-19 02:13:16,555:    |Epoch: 93, train acc: 0.94, test acc: 0.88
2019-01-19 02:14:24,108:    |Epoch: 94, train acc: 0.94, test acc: 0.88
2019-01-19 02:15:33,885:    |Epoch: 95, train acc: 0.94, test acc: 0.87
2019-01-19 02:16:41,588:    |Epoch: 96, train acc: 0.94, test acc: 0.89
2019-01-19 02:17:51,835:    |Epoch: 97, train acc: 0.94, test acc: 0.89
2019-01-19 02:18:59,604:    |Epoch: 98, train acc: 0.94, test acc: 0.88
2019-01-19 02:20:09,556:    |Epoch: 99, train acc: 0.94, test acc: 0.88
2019-01-19 02:21:17,268:    |Epoch: 100, train acc: 0.94, test acc: 0.89
2019-01-19 02:22:25,258:    |Epoch: 101, train acc: 0.94, test acc: 0.89
2019-01-19 02:23:35,292:    |Epoch: 102, train acc: 0.94, test acc: 0.88
2019-01-19 02:24:43,002:    |Epoch: 103, train acc: 0.94, test acc: 0.88
2019-01-19 02:25:54,111:    |Epoch: 104, train acc: 0.95, test acc: 0.88
2019-01-19 02:27:02,370:    |Epoch: 105, train acc: 0.94, test acc: 0.89
2019-01-19 02:28:11,499:    |Epoch: 106, train acc: 0.94, test acc: 0.89
2019-01-19 02:29:19,722:    |Epoch: 107, train acc: 0.95, test acc: 0.89
2019-01-19 02:30:28,518:    |Epoch: 108, train acc: 0.95, test acc: 0.89
2019-01-19 02:31:37,160:    |Epoch: 109, train acc: 0.95, test acc: 0.89
2019-01-19 02:32:45,517:    |Epoch: 110, train acc: 0.95, test acc: 0.89
2019-01-19 02:33:56,073:    |Epoch: 111, train acc: 0.95, test acc: 0.88
2019-01-19 02:35:05,016:    |Epoch: 112, train acc: 0.95, test acc: 0.88
2019-01-19 02:36:15,424:    |Epoch: 113, train acc: 0.95, test acc: 0.89
2019-01-19 02:37:23,719:    |Epoch: 114, train acc: 0.95, test acc: 0.89
2019-01-19 02:38:32,868:    |Epoch: 115, train acc: 0.95, test acc: 0.88
2019-01-19 02:39:41,062:    |Epoch: 116, train acc: 0.95, test acc: 0.89
2019-01-19 02:40:49,166:    |Epoch: 117, train acc: 0.95, test acc: 0.89
2019-01-19 02:42:00,135:    |Epoch: 118, train acc: 0.95, test acc: 0.88
2019-01-19 02:43:09,454:    |Epoch: 119, train acc: 0.95, test acc: 0.89
2019-01-19 02:43:09,454:    |Saving...
2019-01-19 02:43:09,477:    |./checkpoint/mine_1111_dropout_train0.95_test0.89_eph119.ckpt
2019-01-19 02:44:19,289:    |Epoch: 120, train acc: 0.95, test acc: 0.89
2019-01-19 02:45:27,387:    |Epoch: 121, train acc: 0.95, test acc: 0.88
2019-01-19 02:46:36,929:    |Epoch: 122, train acc: 0.95, test acc: 0.88
2019-01-19 02:47:44,313:    |Epoch: 123, train acc: 0.95, test acc: 0.88
2019-01-19 02:48:52,828:    |Epoch: 124, train acc: 0.95, test acc: 0.89
2019-01-19 02:50:02,765:    |Epoch: 125, train acc: 0.95, test acc: 0.89
2019-01-19 02:51:12,296:    |Epoch: 126, train acc: 0.95, test acc: 0.89
2019-01-19 02:52:21,200:    |Epoch: 127, train acc: 0.95, test acc: 0.89
2019-01-19 02:53:28,988:    |Epoch: 128, train acc: 0.95, test acc: 0.89
2019-01-19 02:54:38,425:    |Epoch: 129, train acc: 0.95, test acc: 0.89
2019-01-19 02:55:45,830:    |Epoch: 130, train acc: 0.95, test acc: 0.89
2019-01-19 02:56:54,385:    |Epoch: 131, train acc: 0.95, test acc: 0.89
2019-01-19 02:58:03,674:    |Epoch: 132, train acc: 0.96, test acc: 0.89
2019-01-19 02:59:12,789:    |Epoch: 133, train acc: 0.96, test acc: 0.88
2019-01-19 03:00:22,890:    |Epoch: 134, train acc: 0.95, test acc: 0.89
2019-01-19 03:01:29,934:    |Epoch: 135, train acc: 0.96, test acc: 0.89
2019-01-19 03:02:39,223:    |Epoch: 136, train acc: 0.95, test acc: 0.89
2019-01-19 03:03:46,720:    |Epoch: 137, train acc: 0.96, test acc: 0.89
2019-01-19 03:04:55,911:    |Epoch: 138, train acc: 0.96, test acc: 0.89
2019-01-19 03:06:03,753:    |Epoch: 139, train acc: 0.96, test acc: 0.89
2019-01-19 03:07:13,467:    |Epoch: 140, train acc: 0.96, test acc: 0.89
2019-01-19 03:08:23,366:    |Epoch: 141, train acc: 0.96, test acc: 0.89
2019-01-19 03:09:30,734:    |Epoch: 142, train acc: 0.96, test acc: 0.88
2019-01-19 03:10:40,951:    |Epoch: 143, train acc: 0.96, test acc: 0.89
2019-01-19 03:11:48,815:    |Epoch: 144, train acc: 0.96, test acc: 0.89
2019-01-19 03:12:58,553:    |Epoch: 145, train acc: 0.96, test acc: 0.88
2019-01-19 03:14:06,373:    |Epoch: 146, train acc: 0.96, test acc: 0.89
2019-01-19 03:15:16,874:    |Epoch: 147, train acc: 0.96, test acc: 0.89
2019-01-19 03:16:26,655:    |Epoch: 148, train acc: 0.96, test acc: 0.89
2019-01-19 03:17:34,761:    |Epoch: 149, train acc: 0.96, test acc: 0.88
2019-01-19 03:18:43,922:    |Epoch: 150, train acc: 0.96, test acc: 0.89
2019-01-19 03:19:51,662:    |Epoch: 151, train acc: 0.96, test acc: 0.89
2019-01-19 03:21:01,157:    |Epoch: 152, train acc: 0.96, test acc: 0.89
2019-01-19 03:22:08,914:    |Epoch: 153, train acc: 0.96, test acc: 0.89
2019-01-19 03:23:19,557:    |Epoch: 154, train acc: 0.96, test acc: 0.89
2019-01-19 03:24:28,251:    |Epoch: 155, train acc: 0.96, test acc: 0.89
2019-01-19 03:25:35,360:    |Epoch: 156, train acc: 0.96, test acc: 0.89
2019-01-19 03:26:45,203:    |Epoch: 157, train acc: 0.96, test acc: 0.89
2019-01-19 03:27:52,524:    |Epoch: 158, train acc: 0.96, test acc: 0.89
2019-01-19 03:29:01,540:    |Epoch: 159, train acc: 0.96, test acc: 0.89
2019-01-19 03:29:01,540:    |Saving...
2019-01-19 03:29:01,563:    |./checkpoint/mine_1111_dropout_train0.96_test0.89_eph159.ckpt
2019-01-19 03:30:08,692:    |Epoch: 160, train acc: 0.96, test acc: 0.89
2019-01-19 03:31:19,201:    |Epoch: 161, train acc: 0.96, test acc: 0.89
2019-01-19 03:32:27,912:    |Epoch: 162, train acc: 0.96, test acc: 0.89
2019-01-19 03:33:36,670:    |Epoch: 163, train acc: 0.96, test acc: 0.89
2019-01-19 03:34:44,938:    |Epoch: 164, train acc: 0.96, test acc: 0.89
2019-01-19 03:35:52,490:    |Epoch: 165, train acc: 0.96, test acc: 0.89
2019-01-19 03:37:01,582:    |Epoch: 166, train acc: 0.96, test acc: 0.89
2019-01-19 03:38:09,147:    |Epoch: 167, train acc: 0.96, test acc: 0.89
2019-01-19 03:39:20,247:    |Epoch: 168, train acc: 0.96, test acc: 0.89
2019-01-19 03:40:28,490:    |Epoch: 169, train acc: 0.96, test acc: 0.89
2019-01-19 03:41:36,555:    |Epoch: 170, train acc: 0.96, test acc: 0.89
2019-01-19 03:42:44,273:    |Epoch: 171, train acc: 0.96, test acc: 0.89
2019-01-19 03:43:52,029:    |Epoch: 172, train acc: 0.96, test acc: 0.89
2019-01-19 03:45:01,172:    |Epoch: 173, train acc: 0.97, test acc: 0.89
2019-01-19 03:46:08,456:    |Epoch: 174, train acc: 0.96, test acc: 0.89
2019-01-19 03:47:19,268:    |Epoch: 175, train acc: 0.96, test acc: 0.89
2019-01-19 03:48:28,819:    |Epoch: 176, train acc: 0.96, test acc: 0.89
2019-01-19 03:49:37,952:    |Epoch: 177, train acc: 0.97, test acc: 0.88
2019-01-19 03:50:45,450:    |Epoch: 178, train acc: 0.97, test acc: 0.89
2019-01-19 03:51:54,853:    |Epoch: 179, train acc: 0.97, test acc: 0.89
2019-01-19 03:53:03,734:    |Epoch: 180, train acc: 0.97, test acc: 0.89
2019-01-19 03:54:12,164:    |Epoch: 181, train acc: 0.97, test acc: 0.89
2019-01-19 03:55:22,729:    |Epoch: 182, train acc: 0.97, test acc: 0.90
2019-01-19 03:56:31,009:    |Epoch: 183, train acc: 0.97, test acc: 0.89
2019-01-19 03:57:40,076:    |Epoch: 184, train acc: 0.97, test acc: 0.89
2019-01-19 03:58:48,306:    |Epoch: 185, train acc: 0.97, test acc: 0.89
2019-01-19 03:59:56,639:    |Epoch: 186, train acc: 0.97, test acc: 0.90
2019-01-19 04:01:04,712:    |Epoch: 187, train acc: 0.97, test acc: 0.89
2019-01-19 04:02:12,933:    |Epoch: 188, train acc: 0.97, test acc: 0.89
2019-01-19 04:03:22,900:    |Epoch: 189, train acc: 0.97, test acc: 0.88
2019-01-19 04:04:32,069:    |Epoch: 190, train acc: 0.97, test acc: 0.89
2019-01-19 04:05:41,519:    |Epoch: 191, train acc: 0.97, test acc: 0.89
2019-01-19 04:06:49,161:    |Epoch: 192, train acc: 0.97, test acc: 0.89
2019-01-19 04:07:59,205:    |Epoch: 193, train acc: 0.97, test acc: 0.89
2019-01-19 04:09:06,586:    |Epoch: 194, train acc: 0.97, test acc: 0.89
2019-01-19 04:10:13,953:    |Epoch: 195, train acc: 0.97, test acc: 0.89
2019-01-19 04:11:23,647:    |Epoch: 196, train acc: 0.97, test acc: 0.89
2019-01-19 04:12:32,451:    |Epoch: 197, train acc: 0.97, test acc: 0.89
2019-01-19 04:13:41,660:    |Epoch: 198, train acc: 0.97, test acc: 0.90
2019-01-19 04:14:49,080:    |Epoch: 199, train acc: 0.97, test acc: 0.89
2019-01-19 04:14:49,081:    |Saving...
2019-01-19 04:14:49,106:    |./checkpoint/mine_1111_dropout_train0.97_test0.89_eph199.ckpt
