2019-01-19 15:33:49,721:    |Namespace(batch_size=128, lr=0.1, mm=0.9, model_name='mine_dropout', num_epoch=200, optim='sgd', resume=None, wd=1e-05)
2019-01-19 15:33:49,737:    |cuda
2019-01-19 15:33:51,351:    |==> Building model..
2019-01-19 15:33:55,621:    |restart
2019-01-19 15:35:26,724:    |Epoch: 0, train acc: 0.36, test acc: 0.45
2019-01-19 15:36:49,407:    |Epoch: 1, train acc: 0.51, test acc: 0.50
2019-01-19 15:38:13,356:    |Epoch: 2, train acc: 0.60, test acc: 0.64
2019-01-19 15:39:37,127:    |Epoch: 3, train acc: 0.65, test acc: 0.58
2019-01-19 15:40:58,544:    |Epoch: 4, train acc: 0.68, test acc: 0.70
2019-01-19 15:42:22,175:    |Epoch: 5, train acc: 0.71, test acc: 0.73
2019-01-19 15:43:46,103:    |Epoch: 6, train acc: 0.74, test acc: 0.75
2019-01-19 15:45:09,360:    |Epoch: 7, train acc: 0.76, test acc: 0.75
2019-01-19 15:46:33,801:    |Epoch: 8, train acc: 0.77, test acc: 0.75
2019-01-19 15:47:56,747:    |Epoch: 9, train acc: 0.79, test acc: 0.78
2019-01-19 15:49:18,798:    |Epoch: 10, train acc: 0.80, test acc: 0.78
2019-01-19 15:50:43,054:    |Epoch: 11, train acc: 0.80, test acc: 0.80
2019-01-19 15:52:07,175:    |Epoch: 12, train acc: 0.82, test acc: 0.79
2019-01-19 15:53:30,054:    |Epoch: 13, train acc: 0.82, test acc: 0.81
2019-01-19 15:54:54,400:    |Epoch: 14, train acc: 0.83, test acc: 0.82
2019-01-19 15:56:17,135:    |Epoch: 15, train acc: 0.84, test acc: 0.83
2019-01-19 15:57:39,687:    |Epoch: 16, train acc: 0.84, test acc: 0.82
2019-01-19 15:59:03,939:    |Epoch: 17, train acc: 0.85, test acc: 0.83
2019-01-19 16:00:27,671:    |Epoch: 18, train acc: 0.85, test acc: 0.83
2019-01-19 16:01:49,622:    |Epoch: 19, train acc: 0.86, test acc: 0.85
2019-01-19 16:03:13,737:    |Epoch: 20, train acc: 0.86, test acc: 0.83
2019-01-19 16:04:36,108:    |Epoch: 21, train acc: 0.87, test acc: 0.84
2019-01-19 16:05:59,004:    |Epoch: 22, train acc: 0.87, test acc: 0.86
2019-01-19 16:07:23,378:    |Epoch: 23, train acc: 0.87, test acc: 0.85
2019-01-19 16:08:46,934:    |Epoch: 24, train acc: 0.88, test acc: 0.84
2019-01-19 16:10:09,306:    |Epoch: 25, train acc: 0.88, test acc: 0.85
2019-01-19 16:11:33,205:    |Epoch: 26, train acc: 0.88, test acc: 0.85
2019-01-19 16:12:55,337:    |Epoch: 27, train acc: 0.89, test acc: 0.86
2019-01-19 16:14:17,501:    |Epoch: 28, train acc: 0.89, test acc: 0.86
2019-01-19 16:15:42,086:    |Epoch: 29, train acc: 0.89, test acc: 0.86
2019-01-19 16:17:04,126:    |Epoch: 30, train acc: 0.89, test acc: 0.86
2019-01-19 16:18:27,244:    |Epoch: 31, train acc: 0.90, test acc: 0.87
2019-01-19 16:19:51,365:    |Epoch: 32, train acc: 0.90, test acc: 0.87
2019-01-19 16:21:13,463:    |Epoch: 33, train acc: 0.90, test acc: 0.86
2019-01-19 16:22:36,335:    |Epoch: 34, train acc: 0.90, test acc: 0.86
2019-01-19 16:24:00,833:    |Epoch: 35, train acc: 0.90, test acc: 0.86
2019-01-19 16:25:22,883:    |Epoch: 36, train acc: 0.91, test acc: 0.86
2019-01-19 16:26:45,245:    |Epoch: 37, train acc: 0.91, test acc: 0.86
2019-01-19 16:28:08,950:    |Epoch: 38, train acc: 0.91, test acc: 0.88
2019-01-19 16:29:31,005:    |Epoch: 39, train acc: 0.91, test acc: 0.87
2019-01-19 16:29:31,006:    |Saving...
2019-01-19 16:29:31,033:    |./checkpoint/mine_dropout_train0.91_test0.87_eph39.ckpt
2019-01-19 16:30:53,591:    |Epoch: 40, train acc: 0.91, test acc: 0.88
2019-01-19 16:32:18,902:    |Epoch: 41, train acc: 0.91, test acc: 0.88
2019-01-19 16:33:41,078:    |Epoch: 42, train acc: 0.92, test acc: 0.88
2019-01-19 16:35:03,445:    |Epoch: 43, train acc: 0.92, test acc: 0.89
2019-01-19 16:36:27,107:    |Epoch: 44, train acc: 0.92, test acc: 0.89
2019-01-19 16:37:49,831:    |Epoch: 45, train acc: 0.92, test acc: 0.87
2019-01-19 16:39:13,110:    |Epoch: 46, train acc: 0.92, test acc: 0.88
2019-01-19 16:40:38,085:    |Epoch: 47, train acc: 0.92, test acc: 0.88
2019-01-19 16:42:00,919:    |Epoch: 48, train acc: 0.92, test acc: 0.88
2019-01-19 16:43:22,825:    |Epoch: 49, train acc: 0.92, test acc: 0.87
2019-01-19 16:44:47,028:    |Epoch: 50, train acc: 0.93, test acc: 0.89
2019-01-19 16:46:09,085:    |Epoch: 51, train acc: 0.93, test acc: 0.88
2019-01-19 16:47:32,121:    |Epoch: 52, train acc: 0.93, test acc: 0.88
2019-01-19 16:48:56,735:    |Epoch: 53, train acc: 0.93, test acc: 0.89
2019-01-19 16:50:18,884:    |Epoch: 54, train acc: 0.93, test acc: 0.88
2019-01-19 16:51:41,179:    |Epoch: 55, train acc: 0.93, test acc: 0.88
2019-01-19 16:53:05,226:    |Epoch: 56, train acc: 0.93, test acc: 0.89
2019-01-19 16:54:28,010:    |Epoch: 57, train acc: 0.93, test acc: 0.89
2019-01-19 16:55:50,793:    |Epoch: 58, train acc: 0.94, test acc: 0.88
2019-01-19 16:57:15,456:    |Epoch: 59, train acc: 0.93, test acc: 0.90
2019-01-19 16:58:37,885:    |Epoch: 60, train acc: 0.94, test acc: 0.89
2019-01-19 17:00:00,421:    |Epoch: 61, train acc: 0.94, test acc: 0.89
2019-01-19 17:01:23,707:    |Epoch: 62, train acc: 0.94, test acc: 0.88
2019-01-19 17:02:46,611:    |Epoch: 63, train acc: 0.94, test acc: 0.89
2019-01-19 17:04:09,262:    |Epoch: 64, train acc: 0.94, test acc: 0.89
2019-01-19 17:05:34,123:    |Epoch: 65, train acc: 0.94, test acc: 0.89
2019-01-19 17:06:56,976:    |Epoch: 66, train acc: 0.94, test acc: 0.89
2019-01-19 17:08:19,467:    |Epoch: 67, train acc: 0.94, test acc: 0.89
2019-01-19 17:09:43,559:    |Epoch: 68, train acc: 0.94, test acc: 0.89
2019-01-19 17:11:05,647:    |Epoch: 69, train acc: 0.94, test acc: 0.89
2019-01-19 17:12:27,295:    |Epoch: 70, train acc: 0.94, test acc: 0.89
2019-01-19 17:13:52,313:    |Epoch: 71, train acc: 0.94, test acc: 0.88
2019-01-19 17:15:16,121:    |Epoch: 72, train acc: 0.94, test acc: 0.89
2019-01-19 17:16:38,112:    |Epoch: 73, train acc: 0.94, test acc: 0.89
2019-01-19 17:18:02,542:    |Epoch: 74, train acc: 0.95, test acc: 0.89
2019-01-19 17:19:24,897:    |Epoch: 75, train acc: 0.95, test acc: 0.90
2019-01-19 17:20:47,626:    |Epoch: 76, train acc: 0.95, test acc: 0.89
2019-01-19 17:22:12,590:    |Epoch: 77, train acc: 0.95, test acc: 0.89
2019-01-19 17:23:35,262:    |Epoch: 78, train acc: 0.95, test acc: 0.89
2019-01-19 17:24:56,637:    |Epoch: 79, train acc: 0.95, test acc: 0.90
2019-01-19 17:24:56,637:    |Saving...
2019-01-19 17:24:56,682:    |./checkpoint/mine_dropout_train0.95_test0.90_eph79.ckpt
2019-01-19 17:26:20,574:    |Epoch: 80, train acc: 0.95, test acc: 0.90
2019-01-19 17:27:43,081:    |Epoch: 81, train acc: 0.95, test acc: 0.89
2019-01-19 17:29:06,005:    |Epoch: 82, train acc: 0.95, test acc: 0.89
2019-01-19 17:30:31,291:    |Epoch: 83, train acc: 0.95, test acc: 0.90
2019-01-19 17:31:53,926:    |Epoch: 84, train acc: 0.95, test acc: 0.89
2019-01-19 17:33:15,686:    |Epoch: 85, train acc: 0.95, test acc: 0.90
2019-01-19 17:34:40,097:    |Epoch: 86, train acc: 0.95, test acc: 0.90
2019-01-19 17:36:02,435:    |Epoch: 87, train acc: 0.95, test acc: 0.89
2019-01-19 17:37:25,803:    |Epoch: 88, train acc: 0.95, test acc: 0.89
2019-01-19 17:38:50,499:    |Epoch: 89, train acc: 0.96, test acc: 0.89
2019-01-19 17:40:13,525:    |Epoch: 90, train acc: 0.96, test acc: 0.90
2019-01-19 17:41:35,586:    |Epoch: 91, train acc: 0.95, test acc: 0.90
2019-01-19 17:43:00,437:    |Epoch: 92, train acc: 0.96, test acc: 0.90
2019-01-19 17:44:22,610:    |Epoch: 93, train acc: 0.96, test acc: 0.90
2019-01-19 17:45:45,354:    |Epoch: 94, train acc: 0.96, test acc: 0.90
2019-01-19 17:47:10,556:    |Epoch: 95, train acc: 0.96, test acc: 0.90
