2019-01-19 00:25:54,541:    |Namespace(batch_size=128, lr=0.1, mm=0.9, model_name='mine_1122_dropout', num_epoch=200, optim='sgd', resume=None, wd=0.0)
2019-01-19 00:25:54,550:    |cuda
2019-01-19 00:25:56,262:    |==> Building model..
2019-01-19 00:26:02,132:    |restart
2019-01-19 00:28:11,640:    |Epoch: 0, train acc: 0.34, test acc: 0.42
2019-01-19 00:30:12,385:    |Epoch: 1, train acc: 0.50, test acc: 0.54
2019-01-19 00:32:14,387:    |Epoch: 2, train acc: 0.59, test acc: 0.61
2019-01-19 00:34:17,463:    |Epoch: 3, train acc: 0.64, test acc: 0.67
2019-01-19 00:36:20,203:    |Epoch: 4, train acc: 0.67, test acc: 0.68
2019-01-19 00:38:22,755:    |Epoch: 5, train acc: 0.70, test acc: 0.71
2019-01-19 00:40:24,478:    |Epoch: 6, train acc: 0.73, test acc: 0.75
2019-01-19 00:42:27,744:    |Epoch: 7, train acc: 0.75, test acc: 0.75
2019-01-19 00:44:31,324:    |Epoch: 8, train acc: 0.77, test acc: 0.76
2019-01-19 00:46:33,850:    |Epoch: 9, train acc: 0.78, test acc: 0.79
2019-01-19 00:48:35,534:    |Epoch: 10, train acc: 0.80, test acc: 0.79
2019-01-19 00:50:38,812:    |Epoch: 11, train acc: 0.81, test acc: 0.81
2019-01-19 00:52:40,789:    |Epoch: 12, train acc: 0.82, test acc: 0.81
2019-01-19 00:54:44,721:    |Epoch: 13, train acc: 0.83, test acc: 0.81
2019-01-19 00:56:46,072:    |Epoch: 14, train acc: 0.84, test acc: 0.82
2019-01-19 00:58:48,599:    |Epoch: 15, train acc: 0.84, test acc: 0.82
2019-01-19 01:00:49,664:    |Epoch: 16, train acc: 0.85, test acc: 0.84
2019-01-19 01:02:54,335:    |Epoch: 17, train acc: 0.85, test acc: 0.84
2019-01-19 01:04:55,395:    |Epoch: 18, train acc: 0.86, test acc: 0.84
2019-01-19 01:06:57,277:    |Epoch: 19, train acc: 0.86, test acc: 0.84
2019-01-19 01:08:58,578:    |Epoch: 20, train acc: 0.87, test acc: 0.85
2019-01-19 01:11:01,932:    |Epoch: 21, train acc: 0.87, test acc: 0.85
2019-01-19 01:13:04,740:    |Epoch: 22, train acc: 0.88, test acc: 0.85
2019-01-19 01:15:05,738:    |Epoch: 23, train acc: 0.88, test acc: 0.85
2019-01-19 01:17:08,513:    |Epoch: 24, train acc: 0.88, test acc: 0.86
2019-01-19 01:19:11,456:    |Epoch: 25, train acc: 0.89, test acc: 0.86
2019-01-19 01:21:15,875:    |Epoch: 26, train acc: 0.89, test acc: 0.86
2019-01-19 01:23:17,015:    |Epoch: 27, train acc: 0.89, test acc: 0.85
2019-01-19 01:25:19,607:    |Epoch: 28, train acc: 0.90, test acc: 0.86
2019-01-19 01:27:21,925:    |Epoch: 29, train acc: 0.90, test acc: 0.86
2019-01-19 01:29:26,722:    |Epoch: 30, train acc: 0.90, test acc: 0.87
2019-01-19 01:31:27,727:    |Epoch: 31, train acc: 0.91, test acc: 0.87
2019-01-19 01:33:30,326:    |Epoch: 32, train acc: 0.91, test acc: 0.86
2019-01-19 01:35:31,289:    |Epoch: 33, train acc: 0.91, test acc: 0.86
2019-01-19 01:37:36,009:    |Epoch: 34, train acc: 0.91, test acc: 0.88
2019-01-19 01:39:38,117:    |Epoch: 35, train acc: 0.91, test acc: 0.87
2019-01-19 01:41:40,749:    |Epoch: 36, train acc: 0.92, test acc: 0.87
2019-01-19 01:43:41,659:    |Epoch: 37, train acc: 0.92, test acc: 0.87
2019-01-19 01:45:45,720:    |Epoch: 38, train acc: 0.92, test acc: 0.87
2019-01-19 01:47:48,290:    |Epoch: 39, train acc: 0.92, test acc: 0.88
2019-01-19 01:47:48,290:    |Saving...
2019-01-19 01:47:48,345:    |./checkpoint/mine_1122_dropout_train0.92_test0.88_eph39.ckpt
2019-01-19 01:49:50,366:    |Epoch: 40, train acc: 0.92, test acc: 0.87
2019-01-19 01:51:52,409:    |Epoch: 41, train acc: 0.93, test acc: 0.88
2019-01-19 01:53:54,874:    |Epoch: 42, train acc: 0.93, test acc: 0.88
2019-01-19 01:55:59,123:    |Epoch: 43, train acc: 0.93, test acc: 0.87
2019-01-19 01:58:01,166:    |Epoch: 44, train acc: 0.93, test acc: 0.88
2019-01-19 02:00:03,402:    |Epoch: 45, train acc: 0.93, test acc: 0.88
2019-01-19 02:02:04,556:    |Epoch: 46, train acc: 0.94, test acc: 0.87
2019-01-19 02:04:07,602:    |Epoch: 47, train acc: 0.94, test acc: 0.88
2019-01-19 02:06:10,021:    |Epoch: 48, train acc: 0.94, test acc: 0.88
2019-01-19 02:08:12,074:    |Epoch: 49, train acc: 0.94, test acc: 0.88
2019-01-19 02:10:13,568:    |Epoch: 50, train acc: 0.94, test acc: 0.88
2019-01-19 02:12:16,120:    |Epoch: 51, train acc: 0.94, test acc: 0.88
2019-01-19 02:14:17,854:    |Epoch: 52, train acc: 0.94, test acc: 0.89
2019-01-19 02:16:20,358:    |Epoch: 53, train acc: 0.94, test acc: 0.88
2019-01-19 02:18:21,160:    |Epoch: 54, train acc: 0.94, test acc: 0.89
2019-01-19 02:20:23,417:    |Epoch: 55, train acc: 0.95, test acc: 0.89
2019-01-19 02:22:24,889:    |Epoch: 56, train acc: 0.95, test acc: 0.89
2019-01-19 02:24:28,642:    |Epoch: 57, train acc: 0.95, test acc: 0.88
2019-01-19 02:26:29,998:    |Epoch: 58, train acc: 0.95, test acc: 0.88
2019-01-19 02:28:31,736:    |Epoch: 59, train acc: 0.95, test acc: 0.87
2019-01-19 02:30:33,790:    |Epoch: 60, train acc: 0.95, test acc: 0.87
2019-01-19 02:32:37,391:    |Epoch: 61, train acc: 0.95, test acc: 0.89
2019-01-19 02:34:39,459:    |Epoch: 62, train acc: 0.95, test acc: 0.89
2019-01-19 02:36:41,047:    |Epoch: 63, train acc: 0.95, test acc: 0.88
2019-01-19 02:38:43,454:    |Epoch: 64, train acc: 0.96, test acc: 0.88
2019-01-19 02:40:45,503:    |Epoch: 65, train acc: 0.96, test acc: 0.89
2019-01-19 02:42:49,741:    |Epoch: 66, train acc: 0.96, test acc: 0.89
2019-01-19 02:44:51,191:    |Epoch: 67, train acc: 0.96, test acc: 0.89
2019-01-19 02:46:53,471:    |Epoch: 68, train acc: 0.96, test acc: 0.89
2019-01-19 02:48:54,720:    |Epoch: 69, train acc: 0.96, test acc: 0.89
2019-01-19 02:50:58,861:    |Epoch: 70, train acc: 0.96, test acc: 0.89
2019-01-19 02:52:59,186:    |Epoch: 71, train acc: 0.96, test acc: 0.89
2019-01-19 02:55:01,621:    |Epoch: 72, train acc: 0.96, test acc: 0.89
2019-01-19 02:57:02,748:    |Epoch: 73, train acc: 0.96, test acc: 0.88
2019-01-19 02:59:07,105:    |Epoch: 74, train acc: 0.96, test acc: 0.89
2019-01-19 03:01:08,625:    |Epoch: 75, train acc: 0.96, test acc: 0.89
2019-01-19 03:03:10,632:    |Epoch: 76, train acc: 0.97, test acc: 0.89
2019-01-19 03:05:10,754:    |Epoch: 77, train acc: 0.96, test acc: 0.88
2019-01-19 03:07:13,651:    |Epoch: 78, train acc: 0.97, test acc: 0.89
2019-01-19 03:09:16,062:    |Epoch: 79, train acc: 0.97, test acc: 0.89
2019-01-19 03:09:16,062:    |Saving...
2019-01-19 03:09:16,102:    |./checkpoint/mine_1122_dropout_train0.97_test0.89_eph79.ckpt
2019-01-19 03:11:18,010:    |Epoch: 80, train acc: 0.97, test acc: 0.89
2019-01-19 03:13:19,711:    |Epoch: 81, train acc: 0.97, test acc: 0.89
2019-01-19 03:15:22,428:    |Epoch: 82, train acc: 0.97, test acc: 0.89
2019-01-19 03:17:26,821:    |Epoch: 83, train acc: 0.97, test acc: 0.89
2019-01-19 03:19:27,394:    |Epoch: 84, train acc: 0.97, test acc: 0.89
2019-01-19 03:21:29,480:    |Epoch: 85, train acc: 0.97, test acc: 0.89
2019-01-19 03:23:31,497:    |Epoch: 86, train acc: 0.97, test acc: 0.89
2019-01-19 03:25:33,595:    |Epoch: 87, train acc: 0.97, test acc: 0.89
2019-01-19 03:27:35,928:    |Epoch: 88, train acc: 0.97, test acc: 0.89
2019-01-19 03:29:37,389:    |Epoch: 89, train acc: 0.97, test acc: 0.90
2019-01-19 03:31:38,289:    |Epoch: 90, train acc: 0.97, test acc: 0.89
2019-01-19 03:33:40,920:    |Epoch: 91, train acc: 0.97, test acc: 0.89
2019-01-19 03:35:43,312:    |Epoch: 92, train acc: 0.97, test acc: 0.89
2019-01-19 03:37:44,878:    |Epoch: 93, train acc: 0.97, test acc: 0.89
2019-01-19 03:39:46,221:    |Epoch: 94, train acc: 0.97, test acc: 0.89
2019-01-19 03:41:48,199:    |Epoch: 95, train acc: 0.97, test acc: 0.89
2019-01-19 03:43:49,377:    |Epoch: 96, train acc: 0.97, test acc: 0.89
2019-01-19 03:45:52,399:    |Epoch: 97, train acc: 0.98, test acc: 0.88
2019-01-19 03:47:53,882:    |Epoch: 98, train acc: 0.97, test acc: 0.89
2019-01-19 03:49:56,053:    |Epoch: 99, train acc: 0.98, test acc: 0.89
2019-01-19 03:51:58,576:    |Epoch: 100, train acc: 0.98, test acc: 0.89
2019-01-19 03:54:02,026:    |Epoch: 101, train acc: 0.98, test acc: 0.89
2019-01-19 03:56:04,298:    |Epoch: 102, train acc: 0.98, test acc: 0.90
2019-01-19 03:58:04,513:    |Epoch: 103, train acc: 0.98, test acc: 0.90
2019-01-19 04:00:06,375:    |Epoch: 104, train acc: 0.98, test acc: 0.90
2019-01-19 04:02:08,444:    |Epoch: 105, train acc: 0.98, test acc: 0.90
2019-01-19 04:04:11,607:    |Epoch: 106, train acc: 0.98, test acc: 0.89
2019-01-19 04:06:12,285:    |Epoch: 107, train acc: 0.98, test acc: 0.89
2019-01-19 04:08:15,009:    |Epoch: 108, train acc: 0.98, test acc: 0.90
2019-01-19 04:10:15,801:    |Epoch: 109, train acc: 0.98, test acc: 0.90
2019-01-19 04:12:20,079:    |Epoch: 110, train acc: 0.98, test acc: 0.90
2019-01-19 04:14:20,059:    |Epoch: 111, train acc: 0.98, test acc: 0.89
2019-01-19 04:16:12,408:    |Epoch: 112, train acc: 0.98, test acc: 0.90
2019-01-19 04:18:13,676:    |Epoch: 113, train acc: 0.98, test acc: 0.89
2019-01-19 04:20:15,502:    |Epoch: 114, train acc: 0.98, test acc: 0.90
2019-01-19 04:22:16,439:    |Epoch: 115, train acc: 0.98, test acc: 0.90
2019-01-19 04:24:19,042:    |Epoch: 116, train acc: 0.98, test acc: 0.89
2019-01-19 04:26:21,194:    |Epoch: 117, train acc: 0.98, test acc: 0.90
2019-01-19 04:28:22,889:    |Epoch: 118, train acc: 0.98, test acc: 0.90
2019-01-19 04:30:23,734:    |Epoch: 119, train acc: 0.98, test acc: 0.90
2019-01-19 04:30:23,734:    |Saving...
2019-01-19 04:30:23,793:    |./checkpoint/mine_1122_dropout_train0.98_test0.90_eph119.ckpt
2019-01-19 04:32:25,522:    |Epoch: 120, train acc: 0.98, test acc: 0.89
2019-01-19 04:34:27,975:    |Epoch: 121, train acc: 0.98, test acc: 0.90
2019-01-19 04:36:29,983:    |Epoch: 122, train acc: 0.98, test acc: 0.90
2019-01-19 04:38:32,331:    |Epoch: 123, train acc: 0.98, test acc: 0.90
2019-01-19 04:40:33,622:    |Epoch: 124, train acc: 0.98, test acc: 0.89
2019-01-19 04:42:36,073:    |Epoch: 125, train acc: 0.98, test acc: 0.90
2019-01-19 04:44:37,784:    |Epoch: 126, train acc: 0.98, test acc: 0.90
2019-01-19 04:46:40,194:    |Epoch: 127, train acc: 0.98, test acc: 0.89
2019-01-19 04:48:33,454:    |Epoch: 128, train acc: 0.98, test acc: 0.89
2019-01-19 04:50:34,089:    |Epoch: 129, train acc: 0.98, test acc: 0.90
2019-01-19 04:52:36,245:    |Epoch: 130, train acc: 0.98, test acc: 0.90
2019-01-19 04:54:39,710:    |Epoch: 131, train acc: 0.98, test acc: 0.89
2019-01-19 04:56:40,970:    |Epoch: 132, train acc: 0.98, test acc: 0.90
2019-01-19 04:58:42,679:    |Epoch: 133, train acc: 0.98, test acc: 0.90
2019-01-19 05:00:44,132:    |Epoch: 134, train acc: 0.99, test acc: 0.89
2019-01-19 05:02:47,815:    |Epoch: 135, train acc: 0.98, test acc: 0.90
2019-01-19 05:04:50,306:    |Epoch: 136, train acc: 0.99, test acc: 0.90
2019-01-19 05:06:52,556:    |Epoch: 137, train acc: 0.99, test acc: 0.90
2019-01-19 05:08:53,975:    |Epoch: 138, train acc: 0.98, test acc: 0.90
2019-01-19 05:10:57,302:    |Epoch: 139, train acc: 0.99, test acc: 0.90
2019-01-19 05:12:59,291:    |Epoch: 140, train acc: 0.99, test acc: 0.89
2019-01-19 05:15:01,365:    |Epoch: 141, train acc: 0.99, test acc: 0.90
2019-01-19 05:17:02,727:    |Epoch: 142, train acc: 0.99, test acc: 0.90
2019-01-19 05:19:05,347:    |Epoch: 143, train acc: 0.99, test acc: 0.89
2019-01-19 05:21:06,377:    |Epoch: 144, train acc: 0.99, test acc: 0.90
2019-01-19 05:23:09,553:    |Epoch: 145, train acc: 0.99, test acc: 0.90
2019-01-19 05:25:09,651:    |Epoch: 146, train acc: 0.99, test acc: 0.90
2019-01-19 05:27:11,405:    |Epoch: 147, train acc: 0.99, test acc: 0.90
2019-01-19 05:29:12,394:    |Epoch: 148, train acc: 0.99, test acc: 0.89
2019-01-19 05:31:15,749:    |Epoch: 149, train acc: 0.99, test acc: 0.90
2019-01-19 05:33:17,029:    |Epoch: 150, train acc: 0.99, test acc: 0.90
2019-01-19 05:35:18,929:    |Epoch: 151, train acc: 0.99, test acc: 0.90
2019-01-19 05:37:19,434:    |Epoch: 152, train acc: 0.99, test acc: 0.90
2019-01-19 05:39:22,419:    |Epoch: 153, train acc: 0.99, test acc: 0.90
2019-01-19 05:41:25,908:    |Epoch: 154, train acc: 0.99, test acc: 0.90
2019-01-19 05:43:27,825:    |Epoch: 155, train acc: 0.99, test acc: 0.90
2019-01-19 05:45:28,644:    |Epoch: 156, train acc: 0.99, test acc: 0.90
2019-01-19 05:47:30,261:    |Epoch: 157, train acc: 0.99, test acc: 0.90
2019-01-19 05:49:33,210:    |Epoch: 158, train acc: 0.99, test acc: 0.90
2019-01-19 05:51:35,320:    |Epoch: 159, train acc: 0.99, test acc: 0.90
2019-01-19 05:51:35,321:    |Saving...
2019-01-19 05:51:35,388:    |./checkpoint/mine_1122_dropout_train0.99_test0.90_eph159.ckpt
2019-01-19 05:53:36,887:    |Epoch: 160, train acc: 0.99, test acc: 0.90
2019-01-19 05:55:38,483:    |Epoch: 161, train acc: 0.99, test acc: 0.90
2019-01-19 05:57:40,932:    |Epoch: 162, train acc: 0.99, test acc: 0.90
2019-01-19 05:59:42,763:    |Epoch: 163, train acc: 0.99, test acc: 0.90
2019-01-19 06:01:45,827:    |Epoch: 164, train acc: 0.99, test acc: 0.90
2019-01-19 06:03:47,118:    |Epoch: 165, train acc: 0.99, test acc: 0.90
2019-01-19 06:05:49,081:    |Epoch: 166, train acc: 0.99, test acc: 0.90
2019-01-19 06:07:50,338:    |Epoch: 167, train acc: 0.99, test acc: 0.90
2019-01-19 06:09:54,502:    |Epoch: 168, train acc: 0.99, test acc: 0.90
2019-01-19 06:11:54,753:    |Epoch: 169, train acc: 0.99, test acc: 0.90
2019-01-19 06:13:56,987:    |Epoch: 170, train acc: 0.99, test acc: 0.90
2019-01-19 06:15:57,642:    |Epoch: 171, train acc: 0.99, test acc: 0.90
2019-01-19 06:18:01,388:    |Epoch: 172, train acc: 0.99, test acc: 0.90
2019-01-19 06:20:02,377:    |Epoch: 173, train acc: 0.99, test acc: 0.90
2019-01-19 06:22:04,755:    |Epoch: 174, train acc: 0.99, test acc: 0.90
2019-01-19 06:24:05,456:    |Epoch: 175, train acc: 0.99, test acc: 0.90
2019-01-19 06:26:08,550:    |Epoch: 176, train acc: 0.99, test acc: 0.90
2019-01-19 06:28:10,779:    |Epoch: 177, train acc: 0.99, test acc: 0.90
2019-01-19 06:30:13,138:    |Epoch: 178, train acc: 0.99, test acc: 0.90
2019-01-19 06:32:14,831:    |Epoch: 179, train acc: 0.99, test acc: 0.90
2019-01-19 06:34:16,231:    |Epoch: 180, train acc: 0.99, test acc: 0.90
2019-01-19 06:36:18,213:    |Epoch: 181, train acc: 0.99, test acc: 0.90
2019-01-19 06:38:20,551:    |Epoch: 182, train acc: 0.99, test acc: 0.90
2019-01-19 06:40:22,232:    |Epoch: 183, train acc: 0.99, test acc: 0.90
2019-01-19 06:42:23,628:    |Epoch: 184, train acc: 0.99, test acc: 0.90
2019-01-19 06:44:25,898:    |Epoch: 185, train acc: 0.99, test acc: 0.90
2019-01-19 06:46:27,574:    |Epoch: 186, train acc: 0.99, test acc: 0.90
2019-01-19 06:48:31,393:    |Epoch: 187, train acc: 0.99, test acc: 0.90
2019-01-19 06:50:31,718:    |Epoch: 188, train acc: 0.99, test acc: 0.90
2019-01-19 06:52:33,421:    |Epoch: 189, train acc: 0.99, test acc: 0.90
2019-01-19 06:54:34,007:    |Epoch: 190, train acc: 0.99, test acc: 0.90
2019-01-19 06:56:38,220:    |Epoch: 191, train acc: 0.99, test acc: 0.90
2019-01-19 06:58:38,385:    |Epoch: 192, train acc: 0.99, test acc: 0.90
2019-01-19 07:00:41,170:    |Epoch: 193, train acc: 0.99, test acc: 0.90
2019-01-19 07:02:41,938:    |Epoch: 194, train acc: 0.99, test acc: 0.90
2019-01-19 07:04:45,090:    |Epoch: 195, train acc: 0.99, test acc: 0.90
2019-01-19 07:06:46,954:    |Epoch: 196, train acc: 0.99, test acc: 0.90
2019-01-19 07:08:48,347:    |Epoch: 197, train acc: 0.99, test acc: 0.90
2019-01-19 07:10:48,596:    |Epoch: 198, train acc: 0.99, test acc: 0.90
2019-01-19 07:12:50,839:    |Epoch: 199, train acc: 0.99, test acc: 0.90
2019-01-19 07:12:50,839:    |Saving...
2019-01-19 07:12:50,899:    |./checkpoint/mine_1122_dropout_train0.99_test0.90_eph199.ckpt
