2019-01-19 08:03:25,455:    |Namespace(batch_size=128, lr=0.1, mm=0.9, model_name='mine_1111_dropout', num_epoch=200, optim='sgd', resume=None, wd=0.001)
2019-01-19 08:03:25,464:    |cuda
2019-01-19 08:03:27,295:    |==> Building model..
2019-01-19 08:03:33,092:    |restart
2019-01-19 08:04:52,360:    |Epoch: 0, train acc: 0.36, test acc: 0.44
2019-01-19 08:06:01,968:    |Epoch: 1, train acc: 0.52, test acc: 0.48
2019-01-19 08:07:11,959:    |Epoch: 2, train acc: 0.59, test acc: 0.48
2019-01-19 08:08:20,795:    |Epoch: 3, train acc: 0.62, test acc: 0.58
2019-01-19 08:09:32,914:    |Epoch: 4, train acc: 0.64, test acc: 0.63
2019-01-19 08:10:42,184:    |Epoch: 5, train acc: 0.67, test acc: 0.53
2019-01-19 08:11:52,959:    |Epoch: 6, train acc: 0.68, test acc: 0.60
2019-01-19 08:13:02,066:    |Epoch: 7, train acc: 0.69, test acc: 0.67
2019-01-19 08:14:11,593:    |Epoch: 8, train acc: 0.70, test acc: 0.65
2019-01-19 08:15:22,283:    |Epoch: 9, train acc: 0.70, test acc: 0.66
2019-01-19 08:16:30,959:    |Epoch: 10, train acc: 0.71, test acc: 0.63
2019-01-19 08:17:42,963:    |Epoch: 11, train acc: 0.71, test acc: 0.68
2019-01-19 08:18:51,619:    |Epoch: 12, train acc: 0.71, test acc: 0.68
2019-01-19 08:20:02,005:    |Epoch: 13, train acc: 0.72, test acc: 0.65
2019-01-19 08:21:10,669:    |Epoch: 14, train acc: 0.71, test acc: 0.67
2019-01-19 08:22:19,861:    |Epoch: 15, train acc: 0.72, test acc: 0.55
2019-01-19 08:23:29,322:    |Epoch: 16, train acc: 0.72, test acc: 0.67
2019-01-19 08:24:37,932:    |Epoch: 17, train acc: 0.72, test acc: 0.63
2019-01-19 08:25:49,169:    |Epoch: 18, train acc: 0.72, test acc: 0.71
2019-01-19 08:26:57,570:    |Epoch: 19, train acc: 0.72, test acc: 0.70
2019-01-19 08:28:08,111:    |Epoch: 20, train acc: 0.73, test acc: 0.68
2019-01-19 08:29:16,321:    |Epoch: 21, train acc: 0.73, test acc: 0.69
2019-01-19 08:30:26,076:    |Epoch: 22, train acc: 0.73, test acc: 0.67
2019-01-19 08:31:34,632:    |Epoch: 23, train acc: 0.73, test acc: 0.61
2019-01-19 08:32:43,652:    |Epoch: 24, train acc: 0.73, test acc: 0.68
2019-01-19 08:33:55,954:    |Epoch: 25, train acc: 0.73, test acc: 0.60
2019-01-19 08:35:04,164:    |Epoch: 26, train acc: 0.73, test acc: 0.72
2019-01-19 08:36:14,712:    |Epoch: 27, train acc: 0.73, test acc: 0.68
2019-01-19 08:37:22,877:    |Epoch: 28, train acc: 0.73, test acc: 0.68
2019-01-19 08:38:33,269:    |Epoch: 29, train acc: 0.73, test acc: 0.68
2019-01-19 08:39:41,633:    |Epoch: 30, train acc: 0.73, test acc: 0.65
2019-01-19 08:40:51,693:    |Epoch: 31, train acc: 0.73, test acc: 0.68
2019-01-19 08:42:03,266:    |Epoch: 32, train acc: 0.73, test acc: 0.65
2019-01-19 08:43:11,334:    |Epoch: 33, train acc: 0.73, test acc: 0.69
2019-01-19 08:44:21,449:    |Epoch: 34, train acc: 0.73, test acc: 0.64
2019-01-19 08:45:30,111:    |Epoch: 35, train acc: 0.73, test acc: 0.64
2019-01-19 08:46:40,737:    |Epoch: 36, train acc: 0.73, test acc: 0.64
2019-01-19 08:47:49,790:    |Epoch: 37, train acc: 0.73, test acc: 0.66
2019-01-19 08:48:59,894:    |Epoch: 38, train acc: 0.73, test acc: 0.69
2019-01-19 08:50:10,474:    |Epoch: 39, train acc: 0.73, test acc: 0.65
2019-01-19 08:50:10,474:    |Saving...
2019-01-19 08:50:10,502:    |./checkpoint/mine_1111_dropout_train0.73_test0.65_eph39.ckpt
2019-01-19 08:51:18,703:    |Epoch: 40, train acc: 0.73, test acc: 0.73
2019-01-19 08:52:28,796:    |Epoch: 41, train acc: 0.73, test acc: 0.65
2019-01-19 08:53:37,157:    |Epoch: 42, train acc: 0.73, test acc: 0.68
2019-01-19 08:54:47,553:    |Epoch: 43, train acc: 0.73, test acc: 0.64
2019-01-19 08:55:56,401:    |Epoch: 44, train acc: 0.73, test acc: 0.67
2019-01-19 08:57:07,022:    |Epoch: 45, train acc: 0.73, test acc: 0.62
2019-01-19 08:58:17,367:    |Epoch: 46, train acc: 0.73, test acc: 0.71
2019-01-19 08:59:25,374:    |Epoch: 47, train acc: 0.73, test acc: 0.66
2019-01-19 09:00:35,946:    |Epoch: 48, train acc: 0.73, test acc: 0.63
2019-01-19 09:01:44,944:    |Epoch: 49, train acc: 0.73, test acc: 0.71
2019-01-19 09:02:55,362:    |Epoch: 50, train acc: 0.74, test acc: 0.71
2019-01-19 09:04:04,125:    |Epoch: 51, train acc: 0.73, test acc: 0.69
2019-01-19 09:05:14,559:    |Epoch: 52, train acc: 0.73, test acc: 0.67
2019-01-19 09:06:24,579:    |Epoch: 53, train acc: 0.73, test acc: 0.66
2019-01-19 09:07:33,046:    |Epoch: 54, train acc: 0.73, test acc: 0.67
2019-01-19 09:08:43,526:    |Epoch: 55, train acc: 0.73, test acc: 0.63
2019-01-19 09:09:52,570:    |Epoch: 56, train acc: 0.73, test acc: 0.70
2019-01-19 09:11:02,894:    |Epoch: 57, train acc: 0.73, test acc: 0.72
2019-01-19 09:12:11,324:    |Epoch: 58, train acc: 0.73, test acc: 0.59
2019-01-19 09:13:23,074:    |Epoch: 59, train acc: 0.73, test acc: 0.62
2019-01-19 09:14:32,613:    |Epoch: 60, train acc: 0.73, test acc: 0.68
2019-01-19 09:15:40,982:    |Epoch: 61, train acc: 0.73, test acc: 0.61
2019-01-19 09:16:50,858:    |Epoch: 62, train acc: 0.74, test acc: 0.64
2019-01-19 09:17:49,819:    |Epoch: 63, train acc: 0.73, test acc: 0.63
2019-01-19 09:19:01,181:    |Epoch: 64, train acc: 0.73, test acc: 0.64
2019-01-19 09:20:08,340:    |Epoch: 65, train acc: 0.73, test acc: 0.64
2019-01-19 09:21:19,035:    |Epoch: 66, train acc: 0.73, test acc: 0.61
2019-01-19 09:22:27,186:    |Epoch: 67, train acc: 0.73, test acc: 0.68
2019-01-19 09:23:36,522:    |Epoch: 68, train acc: 0.73, test acc: 0.68
2019-01-19 09:24:47,582:    |Epoch: 69, train acc: 0.73, test acc: 0.70
2019-01-19 09:25:57,354:    |Epoch: 70, train acc: 0.73, test acc: 0.71
2019-01-19 09:27:08,296:    |Epoch: 71, train acc: 0.73, test acc: 0.61
2019-01-19 09:28:17,099:    |Epoch: 72, train acc: 0.73, test acc: 0.68
2019-01-19 09:29:27,290:    |Epoch: 73, train acc: 0.73, test acc: 0.62
2019-01-19 09:30:35,705:    |Epoch: 74, train acc: 0.73, test acc: 0.69
2019-01-19 09:31:45,160:    |Epoch: 75, train acc: 0.73, test acc: 0.66
2019-01-19 09:32:56,674:    |Epoch: 76, train acc: 0.73, test acc: 0.65
2019-01-19 09:34:05,288:    |Epoch: 77, train acc: 0.73, test acc: 0.67
2019-01-19 09:35:15,382:    |Epoch: 78, train acc: 0.73, test acc: 0.62
2019-01-19 09:36:24,357:    |Epoch: 79, train acc: 0.73, test acc: 0.66
2019-01-19 09:36:24,358:    |Saving...
2019-01-19 09:36:24,384:    |./checkpoint/mine_1111_dropout_train0.73_test0.66_eph79.ckpt
2019-01-19 09:37:34,773:    |Epoch: 80, train acc: 0.73, test acc: 0.70
2019-01-19 09:38:42,933:    |Epoch: 81, train acc: 0.73, test acc: 0.61
2019-01-19 09:39:53,926:    |Epoch: 82, train acc: 0.73, test acc: 0.66
2019-01-19 09:41:04,993:    |Epoch: 83, train acc: 0.73, test acc: 0.68
2019-01-19 09:42:12,793:    |Epoch: 84, train acc: 0.73, test acc: 0.68
2019-01-19 09:43:23,458:    |Epoch: 85, train acc: 0.73, test acc: 0.69
2019-01-19 09:44:32,181:    |Epoch: 86, train acc: 0.73, test acc: 0.70
2019-01-19 09:45:42,516:    |Epoch: 87, train acc: 0.73, test acc: 0.64
2019-01-19 09:46:51,729:    |Epoch: 88, train acc: 0.73, test acc: 0.73
2019-01-19 09:48:03,099:    |Epoch: 89, train acc: 0.73, test acc: 0.67
2019-01-19 09:49:12,198:    |Epoch: 90, train acc: 0.73, test acc: 0.64
2019-01-19 09:50:20,462:    |Epoch: 91, train acc: 0.73, test acc: 0.69
2019-01-19 09:51:31,047:    |Epoch: 92, train acc: 0.73, test acc: 0.67
2019-01-19 09:52:39,059:    |Epoch: 93, train acc: 0.73, test acc: 0.66
2019-01-19 09:53:50,140:    |Epoch: 94, train acc: 0.73, test acc: 0.70
2019-01-19 09:54:59,481:    |Epoch: 95, train acc: 0.73, test acc: 0.63
2019-01-19 09:56:10,272:    |Epoch: 96, train acc: 0.73, test acc: 0.67
2019-01-19 09:57:19,338:    |Epoch: 97, train acc: 0.73, test acc: 0.66
2019-01-19 09:58:27,312:    |Epoch: 98, train acc: 0.73, test acc: 0.60
2019-01-19 09:59:37,750:    |Epoch: 99, train acc: 0.73, test acc: 0.67
2019-01-19 10:00:46,066:    |Epoch: 100, train acc: 0.73, test acc: 0.67
2019-01-19 10:01:57,538:    |Epoch: 101, train acc: 0.73, test acc: 0.71
2019-01-19 10:03:06,296:    |Epoch: 102, train acc: 0.73, test acc: 0.71
2019-01-19 10:04:16,253:    |Epoch: 103, train acc: 0.73, test acc: 0.67
2019-01-19 10:05:25,331:    |Epoch: 104, train acc: 0.73, test acc: 0.64
2019-01-19 10:06:34,263:    |Epoch: 105, train acc: 0.73, test acc: 0.67
2019-01-19 10:07:44,305:    |Epoch: 106, train acc: 0.73, test acc: 0.70
2019-01-19 10:08:53,321:    |Epoch: 107, train acc: 0.73, test acc: 0.68
2019-01-19 10:10:04,877:    |Epoch: 108, train acc: 0.73, test acc: 0.63
2019-01-19 10:11:12,873:    |Epoch: 109, train acc: 0.73, test acc: 0.65
2019-01-19 10:12:23,459:    |Epoch: 110, train acc: 0.73, test acc: 0.68
2019-01-19 10:13:31,446:    |Epoch: 111, train acc: 0.73, test acc: 0.64
2019-01-19 10:14:39,906:    |Epoch: 112, train acc: 0.73, test acc: 0.69
2019-01-19 10:15:51,191:    |Epoch: 113, train acc: 0.73, test acc: 0.67
2019-01-19 10:17:00,927:    |Epoch: 114, train acc: 0.73, test acc: 0.66
2019-01-19 10:18:11,218:    |Epoch: 115, train acc: 0.73, test acc: 0.72
2019-01-19 10:19:19,490:    |Epoch: 116, train acc: 0.73, test acc: 0.73
2019-01-19 10:20:30,038:    |Epoch: 117, train acc: 0.73, test acc: 0.61
2019-01-19 10:21:38,229:    |Epoch: 118, train acc: 0.73, test acc: 0.69
2019-01-19 10:22:47,829:    |Epoch: 119, train acc: 0.73, test acc: 0.66
2019-01-19 10:22:47,829:    |Saving...
2019-01-19 10:22:47,859:    |./checkpoint/mine_1111_dropout_train0.73_test0.66_eph119.ckpt
2019-01-19 10:23:59,480:    |Epoch: 120, train acc: 0.73, test acc: 0.64
2019-01-19 10:25:08,569:    |Epoch: 121, train acc: 0.73, test acc: 0.73
2019-01-19 10:26:18,749:    |Epoch: 122, train acc: 0.73, test acc: 0.71
2019-01-19 10:27:26,926:    |Epoch: 123, train acc: 0.73, test acc: 0.65
2019-01-19 10:28:37,627:    |Epoch: 124, train acc: 0.73, test acc: 0.71
2019-01-19 10:29:46,102:    |Epoch: 125, train acc: 0.73, test acc: 0.59
2019-01-19 10:30:56,409:    |Epoch: 126, train acc: 0.73, test acc: 0.67
2019-01-19 10:32:07,141:    |Epoch: 127, train acc: 0.73, test acc: 0.70
2019-01-19 10:33:15,151:    |Epoch: 128, train acc: 0.73, test acc: 0.68
2019-01-19 10:34:25,709:    |Epoch: 129, train acc: 0.73, test acc: 0.68
2019-01-19 10:35:34,253:    |Epoch: 130, train acc: 0.73, test acc: 0.65
2019-01-19 10:36:44,780:    |Epoch: 131, train acc: 0.73, test acc: 0.67
2019-01-19 10:37:53,289:    |Epoch: 132, train acc: 0.73, test acc: 0.64
2019-01-19 10:39:04,833:    |Epoch: 133, train acc: 0.73, test acc: 0.66
2019-01-19 10:40:14,269:    |Epoch: 134, train acc: 0.73, test acc: 0.66
2019-01-19 10:41:22,308:    |Epoch: 135, train acc: 0.73, test acc: 0.70
2019-01-19 10:42:32,091:    |Epoch: 136, train acc: 0.73, test acc: 0.66
2019-01-19 10:43:40,243:    |Epoch: 137, train acc: 0.73, test acc: 0.57
2019-01-19 10:44:50,713:    |Epoch: 138, train acc: 0.73, test acc: 0.62
2019-01-19 10:46:00,212:    |Epoch: 139, train acc: 0.73, test acc: 0.65
2019-01-19 10:47:11,337:    |Epoch: 140, train acc: 0.73, test acc: 0.66
2019-01-19 10:48:20,051:    |Epoch: 141, train acc: 0.73, test acc: 0.69
2019-01-19 10:49:28,220:    |Epoch: 142, train acc: 0.73, test acc: 0.69
2019-01-19 10:50:39,062:    |Epoch: 143, train acc: 0.73, test acc: 0.62
2019-01-19 10:51:47,754:    |Epoch: 144, train acc: 0.73, test acc: 0.64
2019-01-19 10:52:59,638:    |Epoch: 145, train acc: 0.73, test acc: 0.68
2019-01-19 10:54:09,113:    |Epoch: 146, train acc: 0.73, test acc: 0.61
2019-01-19 10:55:19,796:    |Epoch: 147, train acc: 0.73, test acc: 0.65
2019-01-19 10:56:28,066:    |Epoch: 148, train acc: 0.73, test acc: 0.61
2019-01-19 10:57:36,987:    |Epoch: 149, train acc: 0.73, test acc: 0.71
2019-01-19 10:58:47,020:    |Epoch: 150, train acc: 0.73, test acc: 0.67
2019-01-19 10:59:56,402:    |Epoch: 151, train acc: 0.73, test acc: 0.66
2019-01-19 11:01:08,070:    |Epoch: 152, train acc: 0.73, test acc: 0.66
2019-01-19 11:02:16,129:    |Epoch: 153, train acc: 0.73, test acc: 0.71
2019-01-19 11:03:26,742:    |Epoch: 154, train acc: 0.73, test acc: 0.59
2019-01-19 11:04:35,258:    |Epoch: 155, train acc: 0.73, test acc: 0.60
2019-01-19 11:05:45,181:    |Epoch: 156, train acc: 0.73, test acc: 0.64
2019-01-19 11:06:54,715:    |Epoch: 157, train acc: 0.73, test acc: 0.59
2019-01-19 11:08:03,694:    |Epoch: 158, train acc: 0.73, test acc: 0.63
2019-01-19 11:09:14,612:    |Epoch: 159, train acc: 0.73, test acc: 0.65
2019-01-19 11:09:14,612:    |Saving...
2019-01-19 11:09:14,639:    |./checkpoint/mine_1111_dropout_train0.73_test0.65_eph159.ckpt
2019-01-19 11:10:22,743:    |Epoch: 160, train acc: 0.73, test acc: 0.57
2019-01-19 11:11:32,826:    |Epoch: 161, train acc: 0.73, test acc: 0.70
2019-01-19 11:12:41,361:    |Epoch: 162, train acc: 0.73, test acc: 0.68
2019-01-19 11:13:50,676:    |Epoch: 163, train acc: 0.73, test acc: 0.65
