2019-01-19 11:19:55,751:    |Namespace(batch_size=128, lr=0.1, mm=0.9, model_name='mine_dropout', num_epoch=200, optim='sgd', resume=None, wd=0.0001)
2019-01-19 11:19:55,764:    |cuda
2019-01-19 11:19:57,375:    |==> Building model..
2019-01-19 11:20:02,980:    |restart
2019-01-19 11:21:31,658:    |Epoch: 0, train acc: 0.34, test acc: 0.43
2019-01-19 11:22:52,738:    |Epoch: 1, train acc: 0.51, test acc: 0.58
2019-01-19 11:24:16,703:    |Epoch: 2, train acc: 0.60, test acc: 0.60
2019-01-19 11:25:38,548:    |Epoch: 3, train acc: 0.65, test acc: 0.65
2019-01-19 11:27:00,743:    |Epoch: 4, train acc: 0.69, test acc: 0.64
2019-01-19 11:28:25,052:    |Epoch: 5, train acc: 0.71, test acc: 0.69
2019-01-19 11:29:47,498:    |Epoch: 6, train acc: 0.74, test acc: 0.73
2019-01-19 11:31:08,545:    |Epoch: 7, train acc: 0.76, test acc: 0.73
2019-01-19 11:32:33,197:    |Epoch: 8, train acc: 0.77, test acc: 0.75
2019-01-19 11:33:54,599:    |Epoch: 9, train acc: 0.78, test acc: 0.78
2019-01-19 11:35:17,072:    |Epoch: 10, train acc: 0.80, test acc: 0.77
2019-01-19 11:36:41,937:    |Epoch: 11, train acc: 0.80, test acc: 0.78
2019-01-19 11:38:03,455:    |Epoch: 12, train acc: 0.81, test acc: 0.79
2019-01-19 11:39:25,981:    |Epoch: 13, train acc: 0.82, test acc: 0.79
2019-01-19 11:40:50,638:    |Epoch: 14, train acc: 0.82, test acc: 0.80
2019-01-19 11:42:12,647:    |Epoch: 15, train acc: 0.83, test acc: 0.81
2019-01-19 11:43:35,111:    |Epoch: 16, train acc: 0.83, test acc: 0.81
2019-01-19 11:44:59,515:    |Epoch: 17, train acc: 0.84, test acc: 0.81
2019-01-19 11:46:20,154:    |Epoch: 18, train acc: 0.84, test acc: 0.82
2019-01-19 11:47:43,193:    |Epoch: 19, train acc: 0.85, test acc: 0.83
2019-01-19 11:49:07,310:    |Epoch: 20, train acc: 0.85, test acc: 0.80
2019-01-19 11:50:29,233:    |Epoch: 21, train acc: 0.85, test acc: 0.83
2019-01-19 11:51:52,683:    |Epoch: 22, train acc: 0.86, test acc: 0.83
2019-01-19 11:53:15,446:    |Epoch: 23, train acc: 0.86, test acc: 0.82
2019-01-19 11:54:36,426:    |Epoch: 24, train acc: 0.86, test acc: 0.84
2019-01-19 11:56:00,530:    |Epoch: 25, train acc: 0.87, test acc: 0.82
2019-01-19 11:57:23,192:    |Epoch: 26, train acc: 0.87, test acc: 0.84
2019-01-19 11:58:45,393:    |Epoch: 27, train acc: 0.87, test acc: 0.84
2019-01-19 12:00:09,794:    |Epoch: 28, train acc: 0.87, test acc: 0.83
2019-01-19 12:01:31,255:    |Epoch: 29, train acc: 0.87, test acc: 0.84
2019-01-19 12:02:53,424:    |Epoch: 30, train acc: 0.87, test acc: 0.85
2019-01-19 12:04:17,635:    |Epoch: 31, train acc: 0.88, test acc: 0.84
2019-01-19 12:05:39,378:    |Epoch: 32, train acc: 0.88, test acc: 0.86
2019-01-19 12:07:01,442:    |Epoch: 33, train acc: 0.88, test acc: 0.85
2019-01-19 12:08:25,279:    |Epoch: 34, train acc: 0.88, test acc: 0.85
2019-01-19 12:09:46,164:    |Epoch: 35, train acc: 0.88, test acc: 0.83
2019-01-19 12:11:08,811:    |Epoch: 36, train acc: 0.88, test acc: 0.84
2019-01-19 12:12:33,312:    |Epoch: 37, train acc: 0.88, test acc: 0.85
2019-01-19 12:13:55,378:    |Epoch: 38, train acc: 0.89, test acc: 0.83
2019-01-19 12:15:17,252:    |Epoch: 39, train acc: 0.89, test acc: 0.85
2019-01-19 12:15:17,253:    |Saving...
2019-01-19 12:15:17,290:    |./checkpoint/mine_dropout_train0.89_test0.85_eph39.ckpt
2019-01-19 12:16:40,605:    |Epoch: 40, train acc: 0.89, test acc: 0.87
2019-01-19 12:18:02,361:    |Epoch: 41, train acc: 0.89, test acc: 0.84
2019-01-19 12:19:24,966:    |Epoch: 42, train acc: 0.89, test acc: 0.85
2019-01-19 12:20:49,317:    |Epoch: 43, train acc: 0.89, test acc: 0.86
2019-01-19 12:22:12,363:    |Epoch: 44, train acc: 0.89, test acc: 0.87
2019-01-19 12:23:34,091:    |Epoch: 45, train acc: 0.89, test acc: 0.83
2019-01-19 12:24:58,133:    |Epoch: 46, train acc: 0.89, test acc: 0.86
2019-01-19 12:26:19,822:    |Epoch: 47, train acc: 0.89, test acc: 0.85
2019-01-19 12:27:43,411:    |Epoch: 48, train acc: 0.89, test acc: 0.85
2019-01-19 12:29:07,296:    |Epoch: 49, train acc: 0.90, test acc: 0.84
2019-01-19 12:30:29,080:    |Epoch: 50, train acc: 0.90, test acc: 0.87
2019-01-19 12:31:52,345:    |Epoch: 51, train acc: 0.90, test acc: 0.86
2019-01-19 12:33:15,886:    |Epoch: 52, train acc: 0.90, test acc: 0.88
2019-01-19 12:34:38,203:    |Epoch: 53, train acc: 0.90, test acc: 0.84
2019-01-19 12:36:01,896:    |Epoch: 54, train acc: 0.90, test acc: 0.87
2019-01-19 12:37:24,520:    |Epoch: 55, train acc: 0.90, test acc: 0.86
2019-01-19 12:38:45,896:    |Epoch: 56, train acc: 0.90, test acc: 0.88
2019-01-19 12:40:09,356:    |Epoch: 57, train acc: 0.90, test acc: 0.85
2019-01-19 12:41:31,522:    |Epoch: 58, train acc: 0.90, test acc: 0.86
2019-01-19 12:42:53,904:    |Epoch: 59, train acc: 0.90, test acc: 0.87
2019-01-19 12:44:18,865:    |Epoch: 60, train acc: 0.90, test acc: 0.87
2019-01-19 12:45:40,187:    |Epoch: 61, train acc: 0.90, test acc: 0.87
2019-01-19 12:47:01,216:    |Epoch: 62, train acc: 0.90, test acc: 0.87
2019-01-19 12:48:25,285:    |Epoch: 63, train acc: 0.90, test acc: 0.87
2019-01-19 12:49:47,577:    |Epoch: 64, train acc: 0.90, test acc: 0.87
2019-01-19 12:51:10,022:    |Epoch: 65, train acc: 0.90, test acc: 0.85
2019-01-19 12:52:34,674:    |Epoch: 66, train acc: 0.91, test acc: 0.87
2019-01-19 12:53:57,144:    |Epoch: 67, train acc: 0.90, test acc: 0.87
2019-01-19 12:55:18,461:    |Epoch: 68, train acc: 0.90, test acc: 0.86
2019-01-19 12:56:43,055:    |Epoch: 69, train acc: 0.90, test acc: 0.86
2019-01-19 12:58:04,198:    |Epoch: 70, train acc: 0.90, test acc: 0.86
2019-01-19 12:59:26,583:    |Epoch: 71, train acc: 0.91, test acc: 0.87
2019-01-19 13:00:51,258:    |Epoch: 72, train acc: 0.91, test acc: 0.86
2019-01-19 13:02:12,973:    |Epoch: 73, train acc: 0.91, test acc: 0.87
2019-01-19 13:03:35,655:    |Epoch: 74, train acc: 0.91, test acc: 0.87
2019-01-19 13:04:59,576:    |Epoch: 75, train acc: 0.91, test acc: 0.86
2019-01-19 13:06:21,540:    |Epoch: 76, train acc: 0.91, test acc: 0.86
2019-01-19 13:07:43,878:    |Epoch: 77, train acc: 0.91, test acc: 0.86
2019-01-19 13:09:07,858:    |Epoch: 78, train acc: 0.91, test acc: 0.87
2019-01-19 13:10:28,853:    |Epoch: 79, train acc: 0.91, test acc: 0.88
2019-01-19 13:10:28,854:    |Saving...
2019-01-19 13:10:28,877:    |./checkpoint/mine_dropout_train0.91_test0.88_eph79.ckpt
2019-01-19 13:11:52,157:    |Epoch: 80, train acc: 0.91, test acc: 0.87
2019-01-19 13:13:16,000:    |Epoch: 81, train acc: 0.91, test acc: 0.88
2019-01-19 13:14:38,927:    |Epoch: 82, train acc: 0.91, test acc: 0.87
2019-01-19 13:16:02,853:    |Epoch: 83, train acc: 0.91, test acc: 0.85
2019-01-19 13:17:25,950:    |Epoch: 84, train acc: 0.91, test acc: 0.88
2019-01-19 13:18:46,811:    |Epoch: 85, train acc: 0.91, test acc: 0.87
2019-01-19 13:20:11,097:    |Epoch: 86, train acc: 0.91, test acc: 0.88
2019-01-19 13:21:34,317:    |Epoch: 87, train acc: 0.91, test acc: 0.86
2019-01-19 13:22:56,403:    |Epoch: 88, train acc: 0.91, test acc: 0.86
2019-01-19 13:24:20,377:    |Epoch: 89, train acc: 0.91, test acc: 0.85
2019-01-19 13:25:42,626:    |Epoch: 90, train acc: 0.91, test acc: 0.88
2019-01-19 13:27:04,081:    |Epoch: 91, train acc: 0.91, test acc: 0.84
2019-01-19 13:28:28,355:    |Epoch: 92, train acc: 0.91, test acc: 0.87
2019-01-19 13:29:50,356:    |Epoch: 93, train acc: 0.91, test acc: 0.87
2019-01-19 13:31:12,266:    |Epoch: 94, train acc: 0.91, test acc: 0.87
2019-01-19 13:32:36,935:    |Epoch: 95, train acc: 0.91, test acc: 0.87
2019-01-19 13:33:58,026:    |Epoch: 96, train acc: 0.91, test acc: 0.86
2019-01-19 13:35:20,249:    |Epoch: 97, train acc: 0.91, test acc: 0.86
2019-01-19 13:36:45,623:    |Epoch: 98, train acc: 0.91, test acc: 0.87
2019-01-19 13:38:07,094:    |Epoch: 99, train acc: 0.91, test acc: 0.88
2019-01-19 13:39:29,098:    |Epoch: 100, train acc: 0.91, test acc: 0.87
2019-01-19 13:40:52,981:    |Epoch: 101, train acc: 0.91, test acc: 0.86
2019-01-19 13:42:13,791:    |Epoch: 102, train acc: 0.92, test acc: 0.88
2019-01-19 13:43:36,378:    |Epoch: 103, train acc: 0.92, test acc: 0.88
2019-01-19 13:45:00,745:    |Epoch: 104, train acc: 0.91, test acc: 0.84
2019-01-19 13:46:23,270:    |Epoch: 105, train acc: 0.92, test acc: 0.87
2019-01-19 13:47:46,389:    |Epoch: 106, train acc: 0.92, test acc: 0.87
2019-01-19 13:49:10,015:    |Epoch: 107, train acc: 0.92, test acc: 0.86
2019-01-19 13:50:32,202:    |Epoch: 108, train acc: 0.92, test acc: 0.87
2019-01-19 13:51:55,522:    |Epoch: 109, train acc: 0.92, test acc: 0.87
2019-01-19 13:53:20,481:    |Epoch: 110, train acc: 0.92, test acc: 0.88
2019-01-19 13:54:43,535:    |Epoch: 111, train acc: 0.92, test acc: 0.87
2019-01-19 13:56:06,601:    |Epoch: 112, train acc: 0.92, test acc: 0.86
2019-01-19 13:57:29,601:    |Epoch: 113, train acc: 0.92, test acc: 0.89
2019-01-19 13:58:51,737:    |Epoch: 114, train acc: 0.92, test acc: 0.87
2019-01-19 14:00:15,599:    |Epoch: 115, train acc: 0.92, test acc: 0.88
2019-01-19 14:01:39,338:    |Epoch: 116, train acc: 0.92, test acc: 0.88
2019-01-19 14:03:01,283:    |Epoch: 117, train acc: 0.92, test acc: 0.87
2019-01-19 14:04:25,267:    |Epoch: 118, train acc: 0.92, test acc: 0.88
2019-01-19 14:05:47,167:    |Epoch: 119, train acc: 0.92, test acc: 0.88
2019-01-19 14:05:47,167:    |Saving...
2019-01-19 14:05:47,207:    |./checkpoint/mine_dropout_train0.92_test0.88_eph119.ckpt
2019-01-19 14:07:09,797:    |Epoch: 120, train acc: 0.92, test acc: 0.86
2019-01-19 14:08:34,103:    |Epoch: 121, train acc: 0.92, test acc: 0.88
2019-01-19 14:09:56,763:    |Epoch: 122, train acc: 0.92, test acc: 0.88
2019-01-19 14:11:19,187:    |Epoch: 123, train acc: 0.92, test acc: 0.87
2019-01-19 14:12:43,007:    |Epoch: 124, train acc: 0.92, test acc: 0.87
2019-01-19 14:14:05,032:    |Epoch: 125, train acc: 0.92, test acc: 0.88
2019-01-19 14:15:27,554:    |Epoch: 126, train acc: 0.92, test acc: 0.87
2019-01-19 14:16:52,871:    |Epoch: 127, train acc: 0.92, test acc: 0.88
2019-01-19 14:18:16,205:    |Epoch: 128, train acc: 0.92, test acc: 0.88
2019-01-19 14:19:37,705:    |Epoch: 129, train acc: 0.92, test acc: 0.88
2019-01-19 14:21:02,241:    |Epoch: 130, train acc: 0.92, test acc: 0.89
2019-01-19 14:22:24,506:    |Epoch: 131, train acc: 0.92, test acc: 0.88
2019-01-19 14:23:47,058:    |Epoch: 132, train acc: 0.92, test acc: 0.87
2019-01-19 14:25:12,674:    |Epoch: 133, train acc: 0.92, test acc: 0.88
2019-01-19 14:26:35,013:    |Epoch: 134, train acc: 0.92, test acc: 0.88
2019-01-19 14:27:56,578:    |Epoch: 135, train acc: 0.92, test acc: 0.88
2019-01-19 14:29:22,013:    |Epoch: 136, train acc: 0.92, test acc: 0.88
2019-01-19 14:30:44,069:    |Epoch: 137, train acc: 0.92, test acc: 0.88
2019-01-19 14:32:07,493:    |Epoch: 138, train acc: 0.92, test acc: 0.85
2019-01-19 14:33:32,040:    |Epoch: 139, train acc: 0.92, test acc: 0.88
2019-01-19 14:34:53,464:    |Epoch: 140, train acc: 0.92, test acc: 0.87
2019-01-19 14:36:16,828:    |Epoch: 141, train acc: 0.92, test acc: 0.87
2019-01-19 14:37:41,710:    |Epoch: 142, train acc: 0.92, test acc: 0.88
2019-01-19 14:39:04,145:    |Epoch: 143, train acc: 0.92, test acc: 0.88
2019-01-19 14:40:28,982:    |Epoch: 144, train acc: 0.92, test acc: 0.88
2019-01-19 14:41:52,788:    |Epoch: 145, train acc: 0.92, test acc: 0.87
2019-01-19 14:43:14,582:    |Epoch: 146, train acc: 0.92, test acc: 0.88
2019-01-19 14:44:38,381:    |Epoch: 147, train acc: 0.92, test acc: 0.87
2019-01-19 14:46:01,053:    |Epoch: 148, train acc: 0.92, test acc: 0.89
2019-01-19 14:47:24,039:    |Epoch: 149, train acc: 0.92, test acc: 0.88
2019-01-19 14:48:49,180:    |Epoch: 150, train acc: 0.92, test acc: 0.87
2019-01-19 14:50:11,770:    |Epoch: 151, train acc: 0.92, test acc: 0.88
2019-01-19 14:51:33,304:    |Epoch: 152, train acc: 0.92, test acc: 0.89
2019-01-19 14:52:58,258:    |Epoch: 153, train acc: 0.92, test acc: 0.89
2019-01-19 14:54:21,274:    |Epoch: 154, train acc: 0.92, test acc: 0.87
2019-01-19 14:55:43,851:    |Epoch: 155, train acc: 0.92, test acc: 0.87
2019-01-19 14:57:09,025:    |Epoch: 156, train acc: 0.92, test acc: 0.86
2019-01-19 14:58:30,637:    |Epoch: 157, train acc: 0.92, test acc: 0.88
2019-01-19 14:59:52,908:    |Epoch: 158, train acc: 0.92, test acc: 0.87
2019-01-19 15:01:18,076:    |Epoch: 159, train acc: 0.92, test acc: 0.88
2019-01-19 15:01:18,076:    |Saving...
2019-01-19 15:01:18,107:    |./checkpoint/mine_dropout_train0.92_test0.88_eph159.ckpt
2019-01-19 15:02:39,967:    |Epoch: 160, train acc: 0.92, test acc: 0.88
2019-01-19 15:04:02,621:    |Epoch: 161, train acc: 0.92, test acc: 0.88
2019-01-19 15:05:28,027:    |Epoch: 162, train acc: 0.92, test acc: 0.88
2019-01-19 15:06:49,615:    |Epoch: 163, train acc: 0.92, test acc: 0.87
2019-01-19 15:08:12,498:    |Epoch: 164, train acc: 0.92, test acc: 0.88
2019-01-19 15:09:37,552:    |Epoch: 165, train acc: 0.92, test acc: 0.86
2019-01-19 15:11:00,238:    |Epoch: 166, train acc: 0.92, test acc: 0.86
2019-01-19 15:12:23,499:    |Epoch: 167, train acc: 0.92, test acc: 0.87
2019-01-19 15:13:47,732:    |Epoch: 168, train acc: 0.92, test acc: 0.87
2019-01-19 15:14:59,800:    |Epoch: 169, train acc: 0.92, test acc: 0.88
2019-01-19 15:16:24,132:    |Epoch: 170, train acc: 0.92, test acc: 0.86
2019-01-19 15:17:47,161:    |Epoch: 171, train acc: 0.92, test acc: 0.88
2019-01-19 15:19:09,504:    |Epoch: 172, train acc: 0.92, test acc: 0.89
2019-01-19 15:20:33,684:    |Epoch: 173, train acc: 0.92, test acc: 0.88
2019-01-19 15:21:56,901:    |Epoch: 174, train acc: 0.92, test acc: 0.88
2019-01-19 15:23:19,082:    |Epoch: 175, train acc: 0.92, test acc: 0.89
2019-01-19 15:24:43,460:    |Epoch: 176, train acc: 0.92, test acc: 0.89
2019-01-19 15:26:05,332:    |Epoch: 177, train acc: 0.92, test acc: 0.88
2019-01-19 15:27:28,506:    |Epoch: 178, train acc: 0.92, test acc: 0.88
2019-01-19 15:28:53,758:    |Epoch: 179, train acc: 0.92, test acc: 0.88
2019-01-19 15:30:16,529:    |Epoch: 180, train acc: 0.92, test acc: 0.88
2019-01-19 15:31:38,959:    |Epoch: 181, train acc: 0.92, test acc: 0.88
2019-01-19 15:33:03,378:    |Epoch: 182, train acc: 0.92, test acc: 0.88
