2019-01-19 00:00:57,747:    |Namespace(batch_size=128, lr=0.1, mm=0.9, model_name='mine_dropout', num_epoch=200, optim='sgd', resume=None, wd=0.0001)
2019-01-19 00:00:57,847:    |cuda
2019-01-19 00:00:59,272:    |==> Building model..
2019-01-19 00:01:00,613:    |restart
2019-01-19 00:01:34,380:    |Epoch: 0, train acc: 0.35, test acc: 0.45
2019-01-19 00:02:05,136:    |Epoch: 1, train acc: 0.52, test acc: 0.51
2019-01-19 00:02:35,759:    |Epoch: 2, train acc: 0.61, test acc: 0.57
2019-01-19 00:03:06,442:    |Epoch: 3, train acc: 0.66, test acc: 0.68
2019-01-19 00:03:37,133:    |Epoch: 4, train acc: 0.70, test acc: 0.70
2019-01-19 00:04:08,003:    |Epoch: 5, train acc: 0.73, test acc: 0.70
2019-01-19 00:04:38,773:    |Epoch: 6, train acc: 0.75, test acc: 0.73
2019-01-19 00:05:09,712:    |Epoch: 7, train acc: 0.76, test acc: 0.76
2019-01-19 00:05:40,749:    |Epoch: 8, train acc: 0.78, test acc: 0.77
2019-01-19 00:06:11,912:    |Epoch: 9, train acc: 0.79, test acc: 0.77
2019-01-19 00:06:43,070:    |Epoch: 10, train acc: 0.80, test acc: 0.75
2019-01-19 00:07:13,891:    |Epoch: 11, train acc: 0.81, test acc: 0.78
2019-01-19 00:07:44,695:    |Epoch: 12, train acc: 0.82, test acc: 0.78
2019-01-19 00:08:15,539:    |Epoch: 13, train acc: 0.83, test acc: 0.82
2019-01-19 00:08:46,416:    |Epoch: 14, train acc: 0.83, test acc: 0.80
2019-01-19 00:09:17,210:    |Epoch: 15, train acc: 0.84, test acc: 0.81
2019-01-19 00:09:48,114:    |Epoch: 16, train acc: 0.84, test acc: 0.81
2019-01-19 00:10:18,972:    |Epoch: 17, train acc: 0.85, test acc: 0.83
2019-01-19 00:10:49,868:    |Epoch: 18, train acc: 0.85, test acc: 0.82
2019-01-19 00:11:20,710:    |Epoch: 19, train acc: 0.85, test acc: 0.81
2019-01-19 00:11:51,614:    |Epoch: 20, train acc: 0.86, test acc: 0.82
2019-01-19 00:12:22,587:    |Epoch: 21, train acc: 0.86, test acc: 0.81
2019-01-19 00:12:53,511:    |Epoch: 22, train acc: 0.86, test acc: 0.83
2019-01-19 00:13:24,552:    |Epoch: 23, train acc: 0.86, test acc: 0.84
