2019-01-11 13:43:16,181:    |cuda
2019-01-11 13:43:17,805:    |==> Building model..
2019-01-11 13:43:20,460:    |restart
2019-01-11 13:44:11,986:    |Epoch: 0, train acc: 0.19, test acc: 0.28
2019-01-11 13:44:11,986:    |^^^^^^^^^^^^^^^^^^^^^^^^^^^^^^^^^^^^^^^^
2019-01-11 13:44:44,075:    |Epoch: 1, train acc: 0.33, test acc: 0.39
2019-01-11 13:44:44,076:    |^^^^^^^^^^^^^^^^^^^^^^^^^^^^^^^^^^^^^^^^
2019-01-11 13:45:16,239:    |Epoch: 2, train acc: 0.49, test acc: 0.55
2019-01-11 13:45:16,239:    |^^^^^^^^^^^^^^^^^^^^^^^^^^^^^^^^^^^^^^^^
2019-01-11 13:45:48,331:    |Epoch: 3, train acc: 0.62, test acc: 0.65
2019-01-11 13:45:48,332:    |^^^^^^^^^^^^^^^^^^^^^^^^^^^^^^^^^^^^^^^^
2019-01-11 13:46:20,440:    |Epoch: 4, train acc: 0.69, test acc: 0.69
2019-01-11 13:46:20,440:    |^^^^^^^^^^^^^^^^^^^^^^^^^^^^^^^^^^^^^^^^
2019-01-11 13:46:52,359:    |Epoch: 5, train acc: 0.73, test acc: 0.75
2019-01-11 13:46:52,359:    |^^^^^^^^^^^^^^^^^^^^^^^^^^^^^^^^^^^^^^^^
2019-01-11 13:47:24,251:    |Epoch: 6, train acc: 0.76, test acc: 0.76
2019-01-11 13:47:24,252:    |^^^^^^^^^^^^^^^^^^^^^^^^^^^^^^^^^^^^^^^^
2019-01-11 13:47:56,152:    |Epoch: 7, train acc: 0.79, test acc: 0.77
2019-01-11 13:47:56,152:    |^^^^^^^^^^^^^^^^^^^^^^^^^^^^^^^^^^^^^^^^
2019-01-11 13:48:28,082:    |Epoch: 8, train acc: 0.81, test acc: 0.80
2019-01-11 13:48:28,083:    |^^^^^^^^^^^^^^^^^^^^^^^^^^^^^^^^^^^^^^^^
2019-01-11 13:49:00,277:    |Epoch: 9, train acc: 0.82, test acc: 0.82
2019-01-11 13:49:00,278:    |^^^^^^^^^^^^^^^^^^^^^^^^^^^^^^^^^^^^^^^^
2019-01-11 13:49:32,398:    |Epoch: 10, train acc: 0.83, test acc: 0.79
2019-01-11 13:49:32,399:    |^^^^^^^^^^^^^^^^^^^^^^^^^^^^^^^^^^^^^^^^
2019-01-11 13:50:04,217:    |Epoch: 11, train acc: 0.85, test acc: 0.82
2019-01-11 13:50:04,218:    |^^^^^^^^^^^^^^^^^^^^^^^^^^^^^^^^^^^^^^^^
2019-01-11 13:50:36,304:    |Epoch: 12, train acc: 0.86, test acc: 0.85
2019-01-11 13:50:36,304:    |^^^^^^^^^^^^^^^^^^^^^^^^^^^^^^^^^^^^^^^^
2019-01-11 13:51:08,123:    |Epoch: 13, train acc: 0.87, test acc: 0.85
2019-01-11 13:51:08,124:    |^^^^^^^^^^^^^^^^^^^^^^^^^^^^^^^^^^^^^^^^
2019-01-11 13:51:39,997:    |Epoch: 14, train acc: 0.88, test acc: 0.86
2019-01-11 13:51:39,997:    |^^^^^^^^^^^^^^^^^^^^^^^^^^^^^^^^^^^^^^^^
2019-01-11 13:52:12,022:    |Epoch: 15, train acc: 0.88, test acc: 0.85
2019-01-11 13:52:12,023:    |^^^^^^^^^^^^^^^^^^^^^^^^^^^^^^^^^^^^^^^^
2019-01-11 13:52:43,996:    |Epoch: 16, train acc: 0.89, test acc: 0.86
2019-01-11 13:52:43,996:    |^^^^^^^^^^^^^^^^^^^^^^^^^^^^^^^^^^^^^^^^
2019-01-11 13:53:16,070:    |Epoch: 17, train acc: 0.90, test acc: 0.86
2019-01-11 13:53:16,070:    |^^^^^^^^^^^^^^^^^^^^^^^^^^^^^^^^^^^^^^^^
2019-01-11 13:53:48,253:    |Epoch: 18, train acc: 0.90, test acc: 0.87
2019-01-11 13:53:48,253:    |^^^^^^^^^^^^^^^^^^^^^^^^^^^^^^^^^^^^^^^^
2019-01-11 13:54:20,007:    |Epoch: 19, train acc: 0.91, test acc: 0.86
2019-01-11 13:54:20,008:    |Saving...
2019-01-11 13:54:20,073:    |^^^^^^^^^^^^^^^^^^^^^^^^^^^^^^^^^^^^^^^^
2019-01-11 13:54:52,223:    |Epoch: 20, train acc: 0.91, test acc: 0.88
2019-01-11 13:54:52,223:    |^^^^^^^^^^^^^^^^^^^^^^^^^^^^^^^^^^^^^^^^
2019-01-11 13:55:24,166:    |Epoch: 21, train acc: 0.92, test acc: 0.86
2019-01-11 13:55:24,166:    |^^^^^^^^^^^^^^^^^^^^^^^^^^^^^^^^^^^^^^^^
2019-01-11 13:55:56,112:    |Epoch: 22, train acc: 0.92, test acc: 0.86
2019-01-11 13:55:56,112:    |^^^^^^^^^^^^^^^^^^^^^^^^^^^^^^^^^^^^^^^^
2019-01-11 13:56:28,375:    |Epoch: 23, train acc: 0.93, test acc: 0.88
2019-01-11 13:56:28,376:    |^^^^^^^^^^^^^^^^^^^^^^^^^^^^^^^^^^^^^^^^
2019-01-11 13:57:00,520:    |Epoch: 24, train acc: 0.93, test acc: 0.87
2019-01-11 13:57:00,521:    |^^^^^^^^^^^^^^^^^^^^^^^^^^^^^^^^^^^^^^^^
2019-01-11 13:57:32,410:    |Epoch: 25, train acc: 0.93, test acc: 0.89
2019-01-11 13:57:32,411:    |^^^^^^^^^^^^^^^^^^^^^^^^^^^^^^^^^^^^^^^^
2019-01-11 13:58:04,184:    |Epoch: 26, train acc: 0.94, test acc: 0.88
2019-01-11 13:58:04,184:    |^^^^^^^^^^^^^^^^^^^^^^^^^^^^^^^^^^^^^^^^
2019-01-11 13:58:36,217:    |Epoch: 27, train acc: 0.94, test acc: 0.89
2019-01-11 13:58:36,217:    |^^^^^^^^^^^^^^^^^^^^^^^^^^^^^^^^^^^^^^^^
2019-01-11 13:59:08,488:    |Epoch: 28, train acc: 0.94, test acc: 0.89
2019-01-11 13:59:08,489:    |^^^^^^^^^^^^^^^^^^^^^^^^^^^^^^^^^^^^^^^^
2019-01-11 13:59:40,624:    |Epoch: 29, train acc: 0.95, test acc: 0.89
2019-01-11 13:59:40,624:    |^^^^^^^^^^^^^^^^^^^^^^^^^^^^^^^^^^^^^^^^
2019-01-11 14:00:12,726:    |Epoch: 30, train acc: 0.95, test acc: 0.89
2019-01-11 14:00:12,727:    |^^^^^^^^^^^^^^^^^^^^^^^^^^^^^^^^^^^^^^^^
2019-01-11 14:00:44,579:    |Epoch: 31, train acc: 0.95, test acc: 0.89
2019-01-11 14:00:44,580:    |^^^^^^^^^^^^^^^^^^^^^^^^^^^^^^^^^^^^^^^^
2019-01-11 14:01:16,458:    |Epoch: 32, train acc: 0.95, test acc: 0.89
2019-01-11 14:01:16,458:    |^^^^^^^^^^^^^^^^^^^^^^^^^^^^^^^^^^^^^^^^
2019-01-11 14:01:48,343:    |Epoch: 33, train acc: 0.95, test acc: 0.90
2019-01-11 14:01:48,343:    |^^^^^^^^^^^^^^^^^^^^^^^^^^^^^^^^^^^^^^^^
2019-01-11 14:02:20,254:    |Epoch: 34, train acc: 0.96, test acc: 0.88
2019-01-11 14:02:20,255:    |^^^^^^^^^^^^^^^^^^^^^^^^^^^^^^^^^^^^^^^^
2019-01-11 14:02:52,511:    |Epoch: 35, train acc: 0.96, test acc: 0.89
2019-01-11 14:02:52,511:    |^^^^^^^^^^^^^^^^^^^^^^^^^^^^^^^^^^^^^^^^
2019-01-11 14:03:24,430:    |Epoch: 36, train acc: 0.96, test acc: 0.89
2019-01-11 14:03:24,431:    |^^^^^^^^^^^^^^^^^^^^^^^^^^^^^^^^^^^^^^^^
2019-01-11 14:03:56,477:    |Epoch: 37, train acc: 0.96, test acc: 0.89
2019-01-11 14:03:56,477:    |^^^^^^^^^^^^^^^^^^^^^^^^^^^^^^^^^^^^^^^^
2019-01-11 14:04:28,360:    |Epoch: 38, train acc: 0.96, test acc: 0.89
2019-01-11 14:04:28,360:    |^^^^^^^^^^^^^^^^^^^^^^^^^^^^^^^^^^^^^^^^
2019-01-11 14:05:00,293:    |Epoch: 39, train acc: 0.97, test acc: 0.89
2019-01-11 14:05:00,293:    |Saving...
2019-01-11 14:05:00,368:    |^^^^^^^^^^^^^^^^^^^^^^^^^^^^^^^^^^^^^^^^
2019-01-11 14:05:32,392:    |Epoch: 40, train acc: 0.97, test acc: 0.89
2019-01-11 14:05:32,392:    |^^^^^^^^^^^^^^^^^^^^^^^^^^^^^^^^^^^^^^^^
2019-01-11 14:06:04,585:    |Epoch: 41, train acc: 0.97, test acc: 0.90
2019-01-11 14:06:04,585:    |^^^^^^^^^^^^^^^^^^^^^^^^^^^^^^^^^^^^^^^^
2019-01-11 14:06:36,769:    |Epoch: 42, train acc: 0.97, test acc: 0.90
2019-01-11 14:06:36,769:    |^^^^^^^^^^^^^^^^^^^^^^^^^^^^^^^^^^^^^^^^
2019-01-11 14:07:08,742:    |Epoch: 43, train acc: 0.97, test acc: 0.89
2019-01-11 14:07:08,742:    |^^^^^^^^^^^^^^^^^^^^^^^^^^^^^^^^^^^^^^^^
2019-01-11 14:07:40,727:    |Epoch: 44, train acc: 0.97, test acc: 0.89
2019-01-11 14:07:40,727:    |^^^^^^^^^^^^^^^^^^^^^^^^^^^^^^^^^^^^^^^^
2019-01-11 14:08:12,836:    |Epoch: 45, train acc: 0.97, test acc: 0.90
2019-01-11 14:08:12,837:    |^^^^^^^^^^^^^^^^^^^^^^^^^^^^^^^^^^^^^^^^
2019-01-11 14:08:44,902:    |Epoch: 46, train acc: 0.97, test acc: 0.89
2019-01-11 14:08:44,903:    |^^^^^^^^^^^^^^^^^^^^^^^^^^^^^^^^^^^^^^^^
2019-01-11 14:09:16,974:    |Epoch: 47, train acc: 0.98, test acc: 0.90
2019-01-11 14:09:16,974:    |^^^^^^^^^^^^^^^^^^^^^^^^^^^^^^^^^^^^^^^^
2019-01-11 14:09:49,014:    |Epoch: 48, train acc: 0.98, test acc: 0.90
2019-01-11 14:09:49,014:    |^^^^^^^^^^^^^^^^^^^^^^^^^^^^^^^^^^^^^^^^
2019-01-11 14:10:20,801:    |Epoch: 49, train acc: 0.98, test acc: 0.90
2019-01-11 14:10:20,801:    |^^^^^^^^^^^^^^^^^^^^^^^^^^^^^^^^^^^^^^^^
2019-01-11 14:10:52,616:    |Epoch: 50, train acc: 0.98, test acc: 0.90
2019-01-11 14:10:52,616:    |^^^^^^^^^^^^^^^^^^^^^^^^^^^^^^^^^^^^^^^^
2019-01-11 14:11:24,626:    |Epoch: 51, train acc: 0.98, test acc: 0.90
2019-01-11 14:11:24,626:    |^^^^^^^^^^^^^^^^^^^^^^^^^^^^^^^^^^^^^^^^
2019-01-11 14:11:56,679:    |Epoch: 52, train acc: 0.98, test acc: 0.90
2019-01-11 14:11:56,679:    |^^^^^^^^^^^^^^^^^^^^^^^^^^^^^^^^^^^^^^^^
2019-01-11 14:12:28,716:    |Epoch: 53, train acc: 0.98, test acc: 0.90
2019-01-11 14:12:28,717:    |^^^^^^^^^^^^^^^^^^^^^^^^^^^^^^^^^^^^^^^^
2019-01-11 14:13:00,875:    |Epoch: 54, train acc: 0.98, test acc: 0.91
2019-01-11 14:13:00,875:    |^^^^^^^^^^^^^^^^^^^^^^^^^^^^^^^^^^^^^^^^
2019-01-11 14:13:32,776:    |Epoch: 55, train acc: 0.98, test acc: 0.90
2019-01-11 14:13:32,777:    |^^^^^^^^^^^^^^^^^^^^^^^^^^^^^^^^^^^^^^^^
2019-01-11 14:14:04,730:    |Epoch: 56, train acc: 0.98, test acc: 0.90
2019-01-11 14:14:04,730:    |^^^^^^^^^^^^^^^^^^^^^^^^^^^^^^^^^^^^^^^^
2019-01-11 14:14:36,568:    |Epoch: 57, train acc: 0.98, test acc: 0.90
2019-01-11 14:14:36,569:    |^^^^^^^^^^^^^^^^^^^^^^^^^^^^^^^^^^^^^^^^
2019-01-11 14:15:08,576:    |Epoch: 58, train acc: 0.98, test acc: 0.91
2019-01-11 14:15:08,576:    |^^^^^^^^^^^^^^^^^^^^^^^^^^^^^^^^^^^^^^^^
2019-01-11 14:15:40,202:    |Epoch: 59, train acc: 0.98, test acc: 0.91
2019-01-11 14:15:40,203:    |Saving...
2019-01-11 14:15:40,283:    |^^^^^^^^^^^^^^^^^^^^^^^^^^^^^^^^^^^^^^^^
2019-01-11 14:16:12,209:    |Epoch: 60, train acc: 0.98, test acc: 0.90
2019-01-11 14:16:12,210:    |^^^^^^^^^^^^^^^^^^^^^^^^^^^^^^^^^^^^^^^^
2019-01-11 14:16:44,452:    |Epoch: 61, train acc: 0.98, test acc: 0.90
2019-01-11 14:16:44,452:    |^^^^^^^^^^^^^^^^^^^^^^^^^^^^^^^^^^^^^^^^
2019-01-11 14:17:16,462:    |Epoch: 62, train acc: 0.98, test acc: 0.90
2019-01-11 14:17:16,462:    |^^^^^^^^^^^^^^^^^^^^^^^^^^^^^^^^^^^^^^^^
2019-01-11 14:17:48,323:    |Epoch: 63, train acc: 0.99, test acc: 0.90
2019-01-11 14:17:48,324:    |^^^^^^^^^^^^^^^^^^^^^^^^^^^^^^^^^^^^^^^^
2019-01-11 14:18:20,312:    |Epoch: 64, train acc: 0.99, test acc: 0.90
2019-01-11 14:18:20,312:    |^^^^^^^^^^^^^^^^^^^^^^^^^^^^^^^^^^^^^^^^
2019-01-11 14:18:52,270:    |Epoch: 65, train acc: 0.99, test acc: 0.90
2019-01-11 14:18:52,271:    |^^^^^^^^^^^^^^^^^^^^^^^^^^^^^^^^^^^^^^^^
2019-01-11 14:19:24,472:    |Epoch: 66, train acc: 0.99, test acc: 0.90
2019-01-11 14:19:24,472:    |^^^^^^^^^^^^^^^^^^^^^^^^^^^^^^^^^^^^^^^^
2019-01-11 14:19:56,408:    |Epoch: 67, train acc: 0.99, test acc: 0.90
2019-01-11 14:19:56,408:    |^^^^^^^^^^^^^^^^^^^^^^^^^^^^^^^^^^^^^^^^
2019-01-11 14:20:28,673:    |Epoch: 68, train acc: 0.99, test acc: 0.90
2019-01-11 14:20:28,673:    |^^^^^^^^^^^^^^^^^^^^^^^^^^^^^^^^^^^^^^^^
2019-01-11 14:21:00,888:    |Epoch: 69, train acc: 0.99, test acc: 0.91
2019-01-11 14:21:00,889:    |^^^^^^^^^^^^^^^^^^^^^^^^^^^^^^^^^^^^^^^^
2019-01-11 14:21:33,088:    |Epoch: 70, train acc: 0.99, test acc: 0.91
2019-01-11 14:21:33,088:    |^^^^^^^^^^^^^^^^^^^^^^^^^^^^^^^^^^^^^^^^
2019-01-11 14:22:04,951:    |Epoch: 71, train acc: 0.99, test acc: 0.89
2019-01-11 14:22:04,952:    |^^^^^^^^^^^^^^^^^^^^^^^^^^^^^^^^^^^^^^^^
2019-01-11 14:22:36,784:    |Epoch: 72, train acc: 0.99, test acc: 0.91
2019-01-11 14:22:36,785:    |^^^^^^^^^^^^^^^^^^^^^^^^^^^^^^^^^^^^^^^^
2019-01-11 14:23:08,895:    |Epoch: 73, train acc: 0.99, test acc: 0.90
2019-01-11 14:23:08,895:    |^^^^^^^^^^^^^^^^^^^^^^^^^^^^^^^^^^^^^^^^
2019-01-11 14:23:40,768:    |Epoch: 74, train acc: 0.99, test acc: 0.91
2019-01-11 14:23:40,768:    |^^^^^^^^^^^^^^^^^^^^^^^^^^^^^^^^^^^^^^^^
2019-01-11 14:24:13,000:    |Epoch: 75, train acc: 0.99, test acc: 0.91
2019-01-11 14:24:13,000:    |^^^^^^^^^^^^^^^^^^^^^^^^^^^^^^^^^^^^^^^^
2019-01-11 14:24:45,213:    |Epoch: 76, train acc: 0.99, test acc: 0.91
2019-01-11 14:24:45,214:    |^^^^^^^^^^^^^^^^^^^^^^^^^^^^^^^^^^^^^^^^
2019-01-11 14:25:17,383:    |Epoch: 77, train acc: 0.99, test acc: 0.90
2019-01-11 14:25:17,383:    |^^^^^^^^^^^^^^^^^^^^^^^^^^^^^^^^^^^^^^^^
2019-01-11 14:25:49,340:    |Epoch: 78, train acc: 0.99, test acc: 0.90
2019-01-11 14:25:49,340:    |^^^^^^^^^^^^^^^^^^^^^^^^^^^^^^^^^^^^^^^^
2019-01-11 14:26:21,579:    |Epoch: 79, train acc: 0.99, test acc: 0.91
2019-01-11 14:26:21,579:    |Saving...
2019-01-11 14:26:21,662:    |^^^^^^^^^^^^^^^^^^^^^^^^^^^^^^^^^^^^^^^^
2019-01-11 14:26:53,764:    |Epoch: 80, train acc: 0.99, test acc: 0.91
2019-01-11 14:26:53,764:    |^^^^^^^^^^^^^^^^^^^^^^^^^^^^^^^^^^^^^^^^
2019-01-11 14:27:25,687:    |Epoch: 81, train acc: 0.99, test acc: 0.91
2019-01-11 14:27:25,688:    |^^^^^^^^^^^^^^^^^^^^^^^^^^^^^^^^^^^^^^^^
2019-01-11 14:27:57,727:    |Epoch: 82, train acc: 0.99, test acc: 0.91
2019-01-11 14:27:57,728:    |^^^^^^^^^^^^^^^^^^^^^^^^^^^^^^^^^^^^^^^^
2019-01-11 14:28:30,108:    |Epoch: 83, train acc: 0.99, test acc: 0.91
2019-01-11 14:28:30,109:    |^^^^^^^^^^^^^^^^^^^^^^^^^^^^^^^^^^^^^^^^
2019-01-11 14:29:02,099:    |Epoch: 84, train acc: 0.99, test acc: 0.91
2019-01-11 14:29:02,099:    |^^^^^^^^^^^^^^^^^^^^^^^^^^^^^^^^^^^^^^^^
2019-01-11 14:29:34,568:    |Epoch: 85, train acc: 0.99, test acc: 0.90
2019-01-11 14:29:34,569:    |^^^^^^^^^^^^^^^^^^^^^^^^^^^^^^^^^^^^^^^^
2019-01-11 14:30:06,534:    |Epoch: 86, train acc: 0.99, test acc: 0.91
2019-01-11 14:30:06,534:    |^^^^^^^^^^^^^^^^^^^^^^^^^^^^^^^^^^^^^^^^
2019-01-11 14:30:38,278:    |Epoch: 87, train acc: 0.99, test acc: 0.91
2019-01-11 14:30:38,279:    |^^^^^^^^^^^^^^^^^^^^^^^^^^^^^^^^^^^^^^^^
2019-01-11 14:31:10,224:    |Epoch: 88, train acc: 0.99, test acc: 0.91
2019-01-11 14:31:10,225:    |^^^^^^^^^^^^^^^^^^^^^^^^^^^^^^^^^^^^^^^^
2019-01-11 14:31:42,103:    |Epoch: 89, train acc: 0.99, test acc: 0.91
2019-01-11 14:31:42,103:    |^^^^^^^^^^^^^^^^^^^^^^^^^^^^^^^^^^^^^^^^
2019-01-11 14:32:13,971:    |Epoch: 90, train acc: 0.99, test acc: 0.91
2019-01-11 14:32:13,971:    |^^^^^^^^^^^^^^^^^^^^^^^^^^^^^^^^^^^^^^^^
2019-01-11 14:32:45,953:    |Epoch: 91, train acc: 0.99, test acc: 0.91
2019-01-11 14:32:45,953:    |^^^^^^^^^^^^^^^^^^^^^^^^^^^^^^^^^^^^^^^^
2019-01-11 14:33:17,951:    |Epoch: 92, train acc: 0.99, test acc: 0.91
2019-01-11 14:33:17,952:    |^^^^^^^^^^^^^^^^^^^^^^^^^^^^^^^^^^^^^^^^
2019-01-11 14:33:50,148:    |Epoch: 93, train acc: 0.99, test acc: 0.91
2019-01-11 14:33:50,148:    |^^^^^^^^^^^^^^^^^^^^^^^^^^^^^^^^^^^^^^^^
2019-01-11 14:34:22,053:    |Epoch: 94, train acc: 0.99, test acc: 0.90
2019-01-11 14:34:22,053:    |^^^^^^^^^^^^^^^^^^^^^^^^^^^^^^^^^^^^^^^^
2019-01-11 14:34:53,936:    |Epoch: 95, train acc: 0.99, test acc: 0.91
2019-01-11 14:34:53,937:    |^^^^^^^^^^^^^^^^^^^^^^^^^^^^^^^^^^^^^^^^
2019-01-11 14:35:26,001:    |Epoch: 96, train acc: 0.99, test acc: 0.91
2019-01-11 14:35:26,002:    |^^^^^^^^^^^^^^^^^^^^^^^^^^^^^^^^^^^^^^^^
2019-01-11 14:35:57,975:    |Epoch: 97, train acc: 0.99, test acc: 0.91
2019-01-11 14:35:57,976:    |^^^^^^^^^^^^^^^^^^^^^^^^^^^^^^^^^^^^^^^^
2019-01-11 14:36:29,936:    |Epoch: 98, train acc: 0.99, test acc: 0.91
2019-01-11 14:36:29,936:    |^^^^^^^^^^^^^^^^^^^^^^^^^^^^^^^^^^^^^^^^
2019-01-11 14:37:01,824:    |Epoch: 99, train acc: 0.99, test acc: 0.91
2019-01-11 14:37:01,824:    |Saving...
2019-01-11 14:37:01,925:    |^^^^^^^^^^^^^^^^^^^^^^^^^^^^^^^^^^^^^^^^
2019-01-11 14:37:34,272:    |Epoch: 100, train acc: 0.99, test acc: 0.91
2019-01-11 14:37:34,273:    |^^^^^^^^^^^^^^^^^^^^^^^^^^^^^^^^^^^^^^^^
2019-01-11 14:38:06,247:    |Epoch: 101, train acc: 0.99, test acc: 0.91
2019-01-11 14:38:06,248:    |^^^^^^^^^^^^^^^^^^^^^^^^^^^^^^^^^^^^^^^^
2019-01-11 14:38:38,324:    |Epoch: 102, train acc: 0.99, test acc: 0.91
2019-01-11 14:38:38,325:    |^^^^^^^^^^^^^^^^^^^^^^^^^^^^^^^^^^^^^^^^
2019-01-11 14:39:10,296:    |Epoch: 103, train acc: 1.00, test acc: 0.91
2019-01-11 14:39:10,297:    |^^^^^^^^^^^^^^^^^^^^^^^^^^^^^^^^^^^^^^^^
2019-01-11 14:39:42,510:    |Epoch: 104, train acc: 0.99, test acc: 0.91
2019-01-11 14:39:42,511:    |^^^^^^^^^^^^^^^^^^^^^^^^^^^^^^^^^^^^^^^^
2019-01-11 14:40:14,331:    |Epoch: 105, train acc: 0.99, test acc: 0.91
2019-01-11 14:40:14,332:    |^^^^^^^^^^^^^^^^^^^^^^^^^^^^^^^^^^^^^^^^
2019-01-11 14:40:46,043:    |Epoch: 106, train acc: 1.00, test acc: 0.91
2019-01-11 14:40:46,044:    |^^^^^^^^^^^^^^^^^^^^^^^^^^^^^^^^^^^^^^^^
2019-01-11 14:41:18,102:    |Epoch: 107, train acc: 0.99, test acc: 0.91
2019-01-11 14:41:18,102:    |^^^^^^^^^^^^^^^^^^^^^^^^^^^^^^^^^^^^^^^^
2019-01-11 14:41:49,970:    |Epoch: 108, train acc: 0.99, test acc: 0.91
2019-01-11 14:41:49,971:    |^^^^^^^^^^^^^^^^^^^^^^^^^^^^^^^^^^^^^^^^
2019-01-11 14:42:22,109:    |Epoch: 109, train acc: 0.99, test acc: 0.91
2019-01-11 14:42:22,110:    |^^^^^^^^^^^^^^^^^^^^^^^^^^^^^^^^^^^^^^^^
2019-01-11 14:42:54,346:    |Epoch: 110, train acc: 0.99, test acc: 0.91
2019-01-11 14:42:54,346:    |^^^^^^^^^^^^^^^^^^^^^^^^^^^^^^^^^^^^^^^^
2019-01-11 14:43:34,361:    |Epoch: 111, train acc: 0.99, test acc: 0.91
2019-01-11 14:43:34,361:    |^^^^^^^^^^^^^^^^^^^^^^^^^^^^^^^^^^^^^^^^
2019-01-11 14:44:12,216:    |Epoch: 112, train acc: 0.99, test acc: 0.91
2019-01-11 14:44:12,217:    |^^^^^^^^^^^^^^^^^^^^^^^^^^^^^^^^^^^^^^^^
2019-01-11 14:44:49,088:    |Epoch: 113, train acc: 0.99, test acc: 0.91
2019-01-11 14:44:49,088:    |^^^^^^^^^^^^^^^^^^^^^^^^^^^^^^^^^^^^^^^^
2019-01-11 14:45:25,272:    |Epoch: 114, train acc: 0.99, test acc: 0.91
2019-01-11 14:45:25,273:    |^^^^^^^^^^^^^^^^^^^^^^^^^^^^^^^^^^^^^^^^
2019-01-11 14:46:00,651:    |Epoch: 115, train acc: 0.99, test acc: 0.90
2019-01-11 14:46:00,651:    |^^^^^^^^^^^^^^^^^^^^^^^^^^^^^^^^^^^^^^^^
2019-01-11 14:46:33,504:    |Epoch: 116, train acc: 0.99, test acc: 0.91
2019-01-11 14:46:33,504:    |^^^^^^^^^^^^^^^^^^^^^^^^^^^^^^^^^^^^^^^^
2019-01-11 14:47:10,790:    |Epoch: 117, train acc: 1.00, test acc: 0.91
2019-01-11 14:47:10,791:    |^^^^^^^^^^^^^^^^^^^^^^^^^^^^^^^^^^^^^^^^
2019-01-11 14:47:48,493:    |Epoch: 118, train acc: 0.99, test acc: 0.91
2019-01-11 14:47:48,494:    |^^^^^^^^^^^^^^^^^^^^^^^^^^^^^^^^^^^^^^^^
2019-01-11 14:48:25,260:    |Epoch: 119, train acc: 1.00, test acc: 0.91
2019-01-11 14:48:25,261:    |Saving...
2019-01-11 14:48:25,328:    |^^^^^^^^^^^^^^^^^^^^^^^^^^^^^^^^^^^^^^^^
2019-01-11 14:49:03,380:    |Epoch: 120, train acc: 1.00, test acc: 0.91
2019-01-11 14:49:03,380:    |^^^^^^^^^^^^^^^^^^^^^^^^^^^^^^^^^^^^^^^^
2019-01-11 14:49:40,396:    |Epoch: 121, train acc: 0.99, test acc: 0.91
2019-01-11 14:49:40,397:    |^^^^^^^^^^^^^^^^^^^^^^^^^^^^^^^^^^^^^^^^
2019-01-11 14:50:18,558:    |Epoch: 122, train acc: 1.00, test acc: 0.91
2019-01-11 14:50:18,559:    |^^^^^^^^^^^^^^^^^^^^^^^^^^^^^^^^^^^^^^^^
2019-01-11 14:50:53,974:    |Epoch: 123, train acc: 0.99, test acc: 0.91
2019-01-11 14:50:53,975:    |^^^^^^^^^^^^^^^^^^^^^^^^^^^^^^^^^^^^^^^^
2019-01-11 14:51:26,852:    |Epoch: 124, train acc: 1.00, test acc: 0.91
2019-01-11 14:51:26,853:    |^^^^^^^^^^^^^^^^^^^^^^^^^^^^^^^^^^^^^^^^
2019-01-11 14:51:59,754:    |Epoch: 125, train acc: 1.00, test acc: 0.91
2019-01-11 14:51:59,755:    |^^^^^^^^^^^^^^^^^^^^^^^^^^^^^^^^^^^^^^^^
2019-01-11 14:52:32,604:    |Epoch: 126, train acc: 1.00, test acc: 0.91
2019-01-11 14:52:32,604:    |^^^^^^^^^^^^^^^^^^^^^^^^^^^^^^^^^^^^^^^^
2019-01-11 14:53:05,076:    |Epoch: 127, train acc: 0.99, test acc: 0.91
2019-01-11 14:53:05,076:    |^^^^^^^^^^^^^^^^^^^^^^^^^^^^^^^^^^^^^^^^
2019-01-11 14:53:41,750:    |Epoch: 128, train acc: 1.00, test acc: 0.91
2019-01-11 14:53:41,750:    |^^^^^^^^^^^^^^^^^^^^^^^^^^^^^^^^^^^^^^^^
2019-01-11 14:54:19,789:    |Epoch: 129, train acc: 1.00, test acc: 0.91
2019-01-11 14:54:19,789:    |^^^^^^^^^^^^^^^^^^^^^^^^^^^^^^^^^^^^^^^^
2019-01-11 14:54:56,914:    |Epoch: 130, train acc: 1.00, test acc: 0.91
2019-01-11 14:54:56,915:    |^^^^^^^^^^^^^^^^^^^^^^^^^^^^^^^^^^^^^^^^
2019-01-11 14:55:33,837:    |Epoch: 131, train acc: 1.00, test acc: 0.91
2019-01-11 14:55:33,837:    |^^^^^^^^^^^^^^^^^^^^^^^^^^^^^^^^^^^^^^^^
2019-01-11 14:56:11,803:    |Epoch: 132, train acc: 1.00, test acc: 0.91
2019-01-11 14:56:11,803:    |^^^^^^^^^^^^^^^^^^^^^^^^^^^^^^^^^^^^^^^^
2019-01-11 14:56:48,584:    |Epoch: 133, train acc: 1.00, test acc: 0.91
2019-01-11 14:56:48,584:    |^^^^^^^^^^^^^^^^^^^^^^^^^^^^^^^^^^^^^^^^
2019-01-11 14:57:26,481:    |Epoch: 134, train acc: 1.00, test acc: 0.92
2019-01-11 14:57:26,481:    |^^^^^^^^^^^^^^^^^^^^^^^^^^^^^^^^^^^^^^^^
2019-01-11 14:58:03,586:    |Epoch: 135, train acc: 1.00, test acc: 0.92
2019-01-11 14:58:03,587:    |^^^^^^^^^^^^^^^^^^^^^^^^^^^^^^^^^^^^^^^^
2019-01-11 14:58:41,818:    |Epoch: 136, train acc: 1.00, test acc: 0.91
2019-01-11 14:58:41,819:    |^^^^^^^^^^^^^^^^^^^^^^^^^^^^^^^^^^^^^^^^
2019-01-11 14:59:18,599:    |Epoch: 137, train acc: 1.00, test acc: 0.91
2019-01-11 14:59:18,599:    |^^^^^^^^^^^^^^^^^^^^^^^^^^^^^^^^^^^^^^^^
2019-01-11 14:59:55,442:    |Epoch: 138, train acc: 1.00, test acc: 0.91
2019-01-11 14:59:55,442:    |^^^^^^^^^^^^^^^^^^^^^^^^^^^^^^^^^^^^^^^^
2019-01-11 15:00:29,496:    |Epoch: 139, train acc: 1.00, test acc: 0.91
2019-01-11 15:00:29,496:    |Saving...
2019-01-11 15:00:29,560:    |^^^^^^^^^^^^^^^^^^^^^^^^^^^^^^^^^^^^^^^^
2019-01-11 15:01:03,839:    |Epoch: 140, train acc: 1.00, test acc: 0.91
2019-01-11 15:01:03,840:    |^^^^^^^^^^^^^^^^^^^^^^^^^^^^^^^^^^^^^^^^
2019-01-11 15:01:39,962:    |Epoch: 141, train acc: 1.00, test acc: 0.92
2019-01-11 15:01:39,963:    |^^^^^^^^^^^^^^^^^^^^^^^^^^^^^^^^^^^^^^^^
2019-01-11 15:02:18,119:    |Epoch: 142, train acc: 1.00, test acc: 0.91
2019-01-11 15:02:18,119:    |^^^^^^^^^^^^^^^^^^^^^^^^^^^^^^^^^^^^^^^^
2019-01-11 15:02:54,989:    |Epoch: 143, train acc: 1.00, test acc: 0.91
2019-01-11 15:02:54,990:    |^^^^^^^^^^^^^^^^^^^^^^^^^^^^^^^^^^^^^^^^
2019-01-11 15:03:33,321:    |Epoch: 144, train acc: 1.00, test acc: 0.92
2019-01-11 15:03:33,321:    |^^^^^^^^^^^^^^^^^^^^^^^^^^^^^^^^^^^^^^^^
2019-01-11 15:04:09,862:    |Epoch: 145, train acc: 1.00, test acc: 0.91
2019-01-11 15:04:09,863:    |^^^^^^^^^^^^^^^^^^^^^^^^^^^^^^^^^^^^^^^^
2019-01-11 15:04:47,015:    |Epoch: 146, train acc: 1.00, test acc: 0.91
2019-01-11 15:04:47,016:    |^^^^^^^^^^^^^^^^^^^^^^^^^^^^^^^^^^^^^^^^
2019-01-11 15:05:24,027:    |Epoch: 147, train acc: 1.00, test acc: 0.91
2019-01-11 15:05:24,028:    |^^^^^^^^^^^^^^^^^^^^^^^^^^^^^^^^^^^^^^^^
2019-01-11 15:06:01,060:    |Epoch: 148, train acc: 1.00, test acc: 0.91
2019-01-11 15:06:01,061:    |^^^^^^^^^^^^^^^^^^^^^^^^^^^^^^^^^^^^^^^^
2019-01-11 15:06:39,246:    |Epoch: 149, train acc: 1.00, test acc: 0.91
2019-01-11 15:06:39,247:    |^^^^^^^^^^^^^^^^^^^^^^^^^^^^^^^^^^^^^^^^
2019-01-11 15:07:16,345:    |Epoch: 150, train acc: 1.00, test acc: 0.91
2019-01-11 15:07:16,345:    |^^^^^^^^^^^^^^^^^^^^^^^^^^^^^^^^^^^^^^^^
2019-01-11 15:07:54,782:    |Epoch: 151, train acc: 1.00, test acc: 0.91
2019-01-11 15:07:54,782:    |^^^^^^^^^^^^^^^^^^^^^^^^^^^^^^^^^^^^^^^^
2019-01-11 15:08:28,754:    |Epoch: 152, train acc: 1.00, test acc: 0.91
2019-01-11 15:08:28,754:    |^^^^^^^^^^^^^^^^^^^^^^^^^^^^^^^^^^^^^^^^
2019-01-11 15:09:02,666:    |Epoch: 153, train acc: 1.00, test acc: 0.92
2019-01-11 15:09:02,667:    |^^^^^^^^^^^^^^^^^^^^^^^^^^^^^^^^^^^^^^^^
2019-01-11 15:09:37,896:    |Epoch: 154, train acc: 1.00, test acc: 0.91
2019-01-11 15:09:37,897:    |^^^^^^^^^^^^^^^^^^^^^^^^^^^^^^^^^^^^^^^^
2019-01-11 15:10:15,775:    |Epoch: 155, train acc: 1.00, test acc: 0.91
2019-01-11 15:10:15,775:    |^^^^^^^^^^^^^^^^^^^^^^^^^^^^^^^^^^^^^^^^
2019-01-11 15:10:52,993:    |Epoch: 156, train acc: 1.00, test acc: 0.92
2019-01-11 15:10:52,993:    |^^^^^^^^^^^^^^^^^^^^^^^^^^^^^^^^^^^^^^^^
2019-01-11 15:11:30,129:    |Epoch: 157, train acc: 1.00, test acc: 0.91
2019-01-11 15:11:30,130:    |^^^^^^^^^^^^^^^^^^^^^^^^^^^^^^^^^^^^^^^^
2019-01-11 15:12:07,233:    |Epoch: 158, train acc: 1.00, test acc: 0.91
2019-01-11 15:12:07,234:    |^^^^^^^^^^^^^^^^^^^^^^^^^^^^^^^^^^^^^^^^
2019-01-11 15:12:45,512:    |Epoch: 159, train acc: 1.00, test acc: 0.91
2019-01-11 15:12:45,513:    |Saving...
2019-01-11 15:12:45,578:    |^^^^^^^^^^^^^^^^^^^^^^^^^^^^^^^^^^^^^^^^
2019-01-11 15:13:23,699:    |Epoch: 160, train acc: 1.00, test acc: 0.91
2019-01-11 15:13:23,699:    |^^^^^^^^^^^^^^^^^^^^^^^^^^^^^^^^^^^^^^^^
2019-01-11 15:14:00,153:    |Epoch: 161, train acc: 1.00, test acc: 0.91
2019-01-11 15:14:00,153:    |^^^^^^^^^^^^^^^^^^^^^^^^^^^^^^^^^^^^^^^^
2019-01-11 15:14:32,683:    |Epoch: 162, train acc: 1.00, test acc: 0.91
2019-01-11 15:14:32,683:    |^^^^^^^^^^^^^^^^^^^^^^^^^^^^^^^^^^^^^^^^
2019-01-11 15:15:06,987:    |Epoch: 163, train acc: 1.00, test acc: 0.91
2019-01-11 15:15:06,987:    |^^^^^^^^^^^^^^^^^^^^^^^^^^^^^^^^^^^^^^^^
2019-01-11 15:15:43,159:    |Epoch: 164, train acc: 1.00, test acc: 0.91
2019-01-11 15:15:43,159:    |^^^^^^^^^^^^^^^^^^^^^^^^^^^^^^^^^^^^^^^^
2019-01-11 15:16:18,345:    |Epoch: 165, train acc: 1.00, test acc: 0.91
2019-01-11 15:16:18,345:    |^^^^^^^^^^^^^^^^^^^^^^^^^^^^^^^^^^^^^^^^
2019-01-11 15:16:54,165:    |Epoch: 166, train acc: 1.00, test acc: 0.91
2019-01-11 15:16:54,165:    |^^^^^^^^^^^^^^^^^^^^^^^^^^^^^^^^^^^^^^^^
2019-01-11 15:17:30,206:    |Epoch: 167, train acc: 1.00, test acc: 0.91
2019-01-11 15:17:30,207:    |^^^^^^^^^^^^^^^^^^^^^^^^^^^^^^^^^^^^^^^^
2019-01-11 15:18:05,203:    |Epoch: 168, train acc: 1.00, test acc: 0.91
2019-01-11 15:18:05,203:    |^^^^^^^^^^^^^^^^^^^^^^^^^^^^^^^^^^^^^^^^
2019-01-11 15:18:41,239:    |Epoch: 169, train acc: 1.00, test acc: 0.92
2019-01-11 15:18:41,239:    |^^^^^^^^^^^^^^^^^^^^^^^^^^^^^^^^^^^^^^^^
2019-01-11 15:19:17,306:    |Epoch: 170, train acc: 1.00, test acc: 0.92
2019-01-11 15:19:17,307:    |^^^^^^^^^^^^^^^^^^^^^^^^^^^^^^^^^^^^^^^^
2019-01-11 15:19:52,351:    |Epoch: 171, train acc: 1.00, test acc: 0.91
2019-01-11 15:19:52,352:    |^^^^^^^^^^^^^^^^^^^^^^^^^^^^^^^^^^^^^^^^
2019-01-11 15:20:26,610:    |Epoch: 172, train acc: 1.00, test acc: 0.91
2019-01-11 15:20:26,610:    |^^^^^^^^^^^^^^^^^^^^^^^^^^^^^^^^^^^^^^^^
2019-01-11 15:20:59,616:    |Epoch: 173, train acc: 1.00, test acc: 0.91
2019-01-11 15:20:59,616:    |^^^^^^^^^^^^^^^^^^^^^^^^^^^^^^^^^^^^^^^^
2019-01-11 15:21:33,483:    |Epoch: 174, train acc: 1.00, test acc: 0.92
2019-01-11 15:21:33,483:    |^^^^^^^^^^^^^^^^^^^^^^^^^^^^^^^^^^^^^^^^
2019-01-11 15:22:08,898:    |Epoch: 175, train acc: 1.00, test acc: 0.91
2019-01-11 15:22:08,899:    |^^^^^^^^^^^^^^^^^^^^^^^^^^^^^^^^^^^^^^^^
2019-01-11 15:22:44,912:    |Epoch: 176, train acc: 1.00, test acc: 0.92
2019-01-11 15:22:44,913:    |^^^^^^^^^^^^^^^^^^^^^^^^^^^^^^^^^^^^^^^^
2019-01-11 15:23:20,260:    |Epoch: 177, train acc: 1.00, test acc: 0.91
2019-01-11 15:23:20,261:    |^^^^^^^^^^^^^^^^^^^^^^^^^^^^^^^^^^^^^^^^
2019-01-11 15:23:56,023:    |Epoch: 178, train acc: 1.00, test acc: 0.91
2019-01-11 15:23:56,023:    |^^^^^^^^^^^^^^^^^^^^^^^^^^^^^^^^^^^^^^^^
2019-01-11 15:24:32,087:    |Epoch: 179, train acc: 1.00, test acc: 0.92
2019-01-11 15:24:32,087:    |Saving...
2019-01-11 15:24:32,147:    |^^^^^^^^^^^^^^^^^^^^^^^^^^^^^^^^^^^^^^^^
2019-01-11 15:25:07,396:    |Epoch: 180, train acc: 1.00, test acc: 0.91
2019-01-11 15:25:07,397:    |^^^^^^^^^^^^^^^^^^^^^^^^^^^^^^^^^^^^^^^^
2019-01-11 15:25:42,935:    |Epoch: 181, train acc: 1.00, test acc: 0.91
2019-01-11 15:25:42,935:    |^^^^^^^^^^^^^^^^^^^^^^^^^^^^^^^^^^^^^^^^
2019-01-11 15:26:18,097:    |Epoch: 182, train acc: 1.00, test acc: 0.91
2019-01-11 15:26:18,098:    |^^^^^^^^^^^^^^^^^^^^^^^^^^^^^^^^^^^^^^^^
2019-01-11 15:26:56,842:    |Epoch: 183, train acc: 1.00, test acc: 0.91
2019-01-11 15:26:56,843:    |^^^^^^^^^^^^^^^^^^^^^^^^^^^^^^^^^^^^^^^^
2019-01-11 15:27:32,987:    |Epoch: 184, train acc: 1.00, test acc: 0.92
2019-01-11 15:27:32,988:    |^^^^^^^^^^^^^^^^^^^^^^^^^^^^^^^^^^^^^^^^
2019-01-11 15:28:09,105:    |Epoch: 185, train acc: 1.00, test acc: 0.92
2019-01-11 15:28:09,106:    |^^^^^^^^^^^^^^^^^^^^^^^^^^^^^^^^^^^^^^^^
2019-01-11 15:28:44,168:    |Epoch: 186, train acc: 1.00, test acc: 0.91
2019-01-11 15:28:44,168:    |^^^^^^^^^^^^^^^^^^^^^^^^^^^^^^^^^^^^^^^^
2019-01-11 15:29:20,355:    |Epoch: 187, train acc: 1.00, test acc: 0.92
2019-01-11 15:29:20,355:    |^^^^^^^^^^^^^^^^^^^^^^^^^^^^^^^^^^^^^^^^
2019-01-11 15:29:56,122:    |Epoch: 188, train acc: 1.00, test acc: 0.91
2019-01-11 15:29:56,123:    |^^^^^^^^^^^^^^^^^^^^^^^^^^^^^^^^^^^^^^^^
2019-01-11 15:30:32,087:    |Epoch: 189, train acc: 1.00, test acc: 0.91
2019-01-11 15:30:32,087:    |^^^^^^^^^^^^^^^^^^^^^^^^^^^^^^^^^^^^^^^^
2019-01-11 15:31:08,458:    |Epoch: 190, train acc: 1.00, test acc: 0.92
2019-01-11 15:31:08,459:    |^^^^^^^^^^^^^^^^^^^^^^^^^^^^^^^^^^^^^^^^
2019-01-11 15:31:43,918:    |Epoch: 191, train acc: 1.00, test acc: 0.92
2019-01-11 15:31:43,918:    |^^^^^^^^^^^^^^^^^^^^^^^^^^^^^^^^^^^^^^^^
2019-01-11 15:32:19,491:    |Epoch: 192, train acc: 1.00, test acc: 0.91
2019-01-11 15:32:19,492:    |^^^^^^^^^^^^^^^^^^^^^^^^^^^^^^^^^^^^^^^^
2019-01-11 15:32:54,208:    |Epoch: 193, train acc: 1.00, test acc: 0.92
2019-01-11 15:32:54,209:    |^^^^^^^^^^^^^^^^^^^^^^^^^^^^^^^^^^^^^^^^
2019-01-11 15:33:27,442:    |Epoch: 194, train acc: 1.00, test acc: 0.92
2019-01-11 15:33:27,442:    |^^^^^^^^^^^^^^^^^^^^^^^^^^^^^^^^^^^^^^^^
2019-01-11 15:34:00,977:    |Epoch: 195, train acc: 1.00, test acc: 0.92
2019-01-11 15:34:00,977:    |^^^^^^^^^^^^^^^^^^^^^^^^^^^^^^^^^^^^^^^^
2019-01-11 15:34:37,143:    |Epoch: 196, train acc: 1.00, test acc: 0.92
2019-01-11 15:34:37,143:    |^^^^^^^^^^^^^^^^^^^^^^^^^^^^^^^^^^^^^^^^
2019-01-11 15:35:12,591:    |Epoch: 197, train acc: 1.00, test acc: 0.91
2019-01-11 15:35:12,591:    |^^^^^^^^^^^^^^^^^^^^^^^^^^^^^^^^^^^^^^^^
2019-01-11 15:35:48,062:    |Epoch: 198, train acc: 1.00, test acc: 0.92
2019-01-11 15:35:48,062:    |^^^^^^^^^^^^^^^^^^^^^^^^^^^^^^^^^^^^^^^^
2019-01-11 15:36:24,171:    |Epoch: 199, train acc: 1.00, test acc: 0.92
2019-01-11 15:36:24,172:    |Saving...
2019-01-11 15:36:24,239:    |^^^^^^^^^^^^^^^^^^^^^^^^^^^^^^^^^^^^^^^^
