2019-01-12 01:55:55,756:    |cuda
2019-01-12 01:55:57,810:    |==> Building model..
2019-01-12 01:56:01,868:    |restart
2019-01-12 01:57:16,282:    |Epoch: 0, train acc: 0.37, test acc: 0.49
2019-01-12 01:57:16,282:    |^^^^^^^^^^^^^^^^^^^^^^^^^^^^^^^^^^^^^^^^
2019-01-12 01:58:10,689:    |Epoch: 1, train acc: 0.58, test acc: 0.55
2019-01-12 01:58:10,690:    |^^^^^^^^^^^^^^^^^^^^^^^^^^^^^^^^^^^^^^^^
2019-01-12 01:59:05,404:    |Epoch: 2, train acc: 0.65, test acc: 0.65
2019-01-12 01:59:05,404:    |^^^^^^^^^^^^^^^^^^^^^^^^^^^^^^^^^^^^^^^^
2019-01-12 02:00:00,032:    |Epoch: 3, train acc: 0.70, test acc: 0.69
2019-01-12 02:00:00,032:    |^^^^^^^^^^^^^^^^^^^^^^^^^^^^^^^^^^^^^^^^
2019-01-12 02:00:55,074:    |Epoch: 4, train acc: 0.74, test acc: 0.75
2019-01-12 02:00:55,074:    |^^^^^^^^^^^^^^^^^^^^^^^^^^^^^^^^^^^^^^^^
2019-01-12 02:01:49,737:    |Epoch: 5, train acc: 0.77, test acc: 0.78
2019-01-12 02:01:49,737:    |^^^^^^^^^^^^^^^^^^^^^^^^^^^^^^^^^^^^^^^^
2019-01-12 02:02:44,285:    |Epoch: 6, train acc: 0.78, test acc: 0.80
2019-01-12 02:02:44,285:    |^^^^^^^^^^^^^^^^^^^^^^^^^^^^^^^^^^^^^^^^
2019-01-12 02:03:38,635:    |Epoch: 7, train acc: 0.80, test acc: 0.80
2019-01-12 02:03:38,635:    |^^^^^^^^^^^^^^^^^^^^^^^^^^^^^^^^^^^^^^^^
2019-01-12 02:04:33,468:    |Epoch: 8, train acc: 0.81, test acc: 0.81
2019-01-12 02:04:33,468:    |^^^^^^^^^^^^^^^^^^^^^^^^^^^^^^^^^^^^^^^^
2019-01-12 02:05:28,294:    |Epoch: 9, train acc: 0.82, test acc: 0.82
2019-01-12 02:05:28,295:    |^^^^^^^^^^^^^^^^^^^^^^^^^^^^^^^^^^^^^^^^
2019-01-12 02:06:22,941:    |Epoch: 10, train acc: 0.83, test acc: 0.82
2019-01-12 02:06:22,941:    |^^^^^^^^^^^^^^^^^^^^^^^^^^^^^^^^^^^^^^^^
2019-01-12 02:07:17,618:    |Epoch: 11, train acc: 0.84, test acc: 0.82
2019-01-12 02:07:17,619:    |^^^^^^^^^^^^^^^^^^^^^^^^^^^^^^^^^^^^^^^^
2019-01-12 02:08:12,082:    |Epoch: 12, train acc: 0.84, test acc: 0.79
2019-01-12 02:08:12,082:    |^^^^^^^^^^^^^^^^^^^^^^^^^^^^^^^^^^^^^^^^
2019-01-12 02:09:06,451:    |Epoch: 13, train acc: 0.85, test acc: 0.83
2019-01-12 02:09:06,451:    |^^^^^^^^^^^^^^^^^^^^^^^^^^^^^^^^^^^^^^^^
2019-01-12 02:10:01,284:    |Epoch: 14, train acc: 0.86, test acc: 0.83
2019-01-12 02:10:01,285:    |^^^^^^^^^^^^^^^^^^^^^^^^^^^^^^^^^^^^^^^^
2019-01-12 02:10:55,631:    |Epoch: 15, train acc: 0.86, test acc: 0.84
2019-01-12 02:10:55,631:    |^^^^^^^^^^^^^^^^^^^^^^^^^^^^^^^^^^^^^^^^
2019-01-12 02:11:49,987:    |Epoch: 16, train acc: 0.86, test acc: 0.85
2019-01-12 02:11:49,988:    |^^^^^^^^^^^^^^^^^^^^^^^^^^^^^^^^^^^^^^^^
2019-01-12 02:12:44,534:    |Epoch: 17, train acc: 0.87, test acc: 0.85
2019-01-12 02:12:44,534:    |^^^^^^^^^^^^^^^^^^^^^^^^^^^^^^^^^^^^^^^^
2019-01-12 02:13:39,179:    |Epoch: 18, train acc: 0.87, test acc: 0.85
2019-01-12 02:13:39,179:    |^^^^^^^^^^^^^^^^^^^^^^^^^^^^^^^^^^^^^^^^
2019-01-12 02:14:33,652:    |Epoch: 19, train acc: 0.88, test acc: 0.83
2019-01-12 02:14:33,652:    |Saving...
2019-01-12 02:14:33,729:    |^^^^^^^^^^^^^^^^^^^^^^^^^^^^^^^^^^^^^^^^
2019-01-12 02:15:28,342:    |Epoch: 20, train acc: 0.88, test acc: 0.84
2019-01-12 02:15:28,343:    |^^^^^^^^^^^^^^^^^^^^^^^^^^^^^^^^^^^^^^^^
2019-01-12 02:16:23,242:    |Epoch: 21, train acc: 0.88, test acc: 0.86
2019-01-12 02:16:23,243:    |^^^^^^^^^^^^^^^^^^^^^^^^^^^^^^^^^^^^^^^^
2019-01-12 02:17:17,821:    |Epoch: 22, train acc: 0.88, test acc: 0.87
2019-01-12 02:17:17,821:    |^^^^^^^^^^^^^^^^^^^^^^^^^^^^^^^^^^^^^^^^
2019-01-12 02:18:12,126:    |Epoch: 23, train acc: 0.88, test acc: 0.85
2019-01-12 02:18:12,126:    |^^^^^^^^^^^^^^^^^^^^^^^^^^^^^^^^^^^^^^^^
2019-01-12 02:19:06,755:    |Epoch: 24, train acc: 0.88, test acc: 0.85
2019-01-12 02:19:06,756:    |^^^^^^^^^^^^^^^^^^^^^^^^^^^^^^^^^^^^^^^^
2019-01-12 02:20:01,459:    |Epoch: 25, train acc: 0.89, test acc: 0.87
2019-01-12 02:20:01,459:    |^^^^^^^^^^^^^^^^^^^^^^^^^^^^^^^^^^^^^^^^
2019-01-12 02:20:56,156:    |Epoch: 26, train acc: 0.89, test acc: 0.87
2019-01-12 02:20:56,156:    |^^^^^^^^^^^^^^^^^^^^^^^^^^^^^^^^^^^^^^^^
2019-01-12 02:21:50,464:    |Epoch: 27, train acc: 0.89, test acc: 0.83
2019-01-12 02:21:50,465:    |^^^^^^^^^^^^^^^^^^^^^^^^^^^^^^^^^^^^^^^^
2019-01-12 02:22:45,070:    |Epoch: 28, train acc: 0.89, test acc: 0.87
2019-01-12 02:22:45,071:    |^^^^^^^^^^^^^^^^^^^^^^^^^^^^^^^^^^^^^^^^
2019-01-12 02:23:39,861:    |Epoch: 29, train acc: 0.90, test acc: 0.85
2019-01-12 02:23:39,862:    |^^^^^^^^^^^^^^^^^^^^^^^^^^^^^^^^^^^^^^^^
2019-01-12 02:24:34,103:    |Epoch: 30, train acc: 0.90, test acc: 0.86
2019-01-12 02:24:34,103:    |^^^^^^^^^^^^^^^^^^^^^^^^^^^^^^^^^^^^^^^^
2019-01-12 02:25:28,406:    |Epoch: 31, train acc: 0.90, test acc: 0.88
2019-01-12 02:25:28,406:    |^^^^^^^^^^^^^^^^^^^^^^^^^^^^^^^^^^^^^^^^
2019-01-12 02:26:23,720:    |Epoch: 32, train acc: 0.90, test acc: 0.87
2019-01-12 02:26:23,720:    |^^^^^^^^^^^^^^^^^^^^^^^^^^^^^^^^^^^^^^^^
2019-01-12 02:27:18,641:    |Epoch: 33, train acc: 0.90, test acc: 0.87
2019-01-12 02:27:18,641:    |^^^^^^^^^^^^^^^^^^^^^^^^^^^^^^^^^^^^^^^^
2019-01-12 02:28:12,983:    |Epoch: 34, train acc: 0.90, test acc: 0.86
2019-01-12 02:28:12,984:    |^^^^^^^^^^^^^^^^^^^^^^^^^^^^^^^^^^^^^^^^
2019-01-12 02:29:07,540:    |Epoch: 35, train acc: 0.90, test acc: 0.87
2019-01-12 02:29:07,540:    |^^^^^^^^^^^^^^^^^^^^^^^^^^^^^^^^^^^^^^^^
2019-01-12 02:30:02,177:    |Epoch: 36, train acc: 0.90, test acc: 0.87
2019-01-12 02:30:02,177:    |^^^^^^^^^^^^^^^^^^^^^^^^^^^^^^^^^^^^^^^^
2019-01-12 02:30:56,806:    |Epoch: 37, train acc: 0.90, test acc: 0.87
2019-01-12 02:30:56,806:    |^^^^^^^^^^^^^^^^^^^^^^^^^^^^^^^^^^^^^^^^
2019-01-12 02:31:51,423:    |Epoch: 38, train acc: 0.90, test acc: 0.86
2019-01-12 02:31:51,423:    |^^^^^^^^^^^^^^^^^^^^^^^^^^^^^^^^^^^^^^^^
2019-01-12 02:32:45,989:    |Epoch: 39, train acc: 0.90, test acc: 0.88
2019-01-12 02:32:45,990:    |Saving...
2019-01-12 02:32:46,093:    |^^^^^^^^^^^^^^^^^^^^^^^^^^^^^^^^^^^^^^^^
2019-01-12 02:33:40,550:    |Epoch: 40, train acc: 0.90, test acc: 0.87
2019-01-12 02:33:40,550:    |^^^^^^^^^^^^^^^^^^^^^^^^^^^^^^^^^^^^^^^^
2019-01-12 02:34:35,133:    |Epoch: 41, train acc: 0.91, test acc: 0.87
2019-01-12 02:34:35,134:    |^^^^^^^^^^^^^^^^^^^^^^^^^^^^^^^^^^^^^^^^
2019-01-12 02:35:30,203:    |Epoch: 42, train acc: 0.90, test acc: 0.86
2019-01-12 02:35:30,203:    |^^^^^^^^^^^^^^^^^^^^^^^^^^^^^^^^^^^^^^^^
2019-01-12 02:36:24,827:    |Epoch: 43, train acc: 0.91, test acc: 0.87
2019-01-12 02:36:24,827:    |^^^^^^^^^^^^^^^^^^^^^^^^^^^^^^^^^^^^^^^^
2019-01-12 02:37:19,263:    |Epoch: 44, train acc: 0.91, test acc: 0.87
2019-01-12 02:37:19,264:    |^^^^^^^^^^^^^^^^^^^^^^^^^^^^^^^^^^^^^^^^
2019-01-12 02:38:13,747:    |Epoch: 45, train acc: 0.91, test acc: 0.88
2019-01-12 02:38:13,748:    |^^^^^^^^^^^^^^^^^^^^^^^^^^^^^^^^^^^^^^^^
2019-01-12 02:39:07,854:    |Epoch: 46, train acc: 0.91, test acc: 0.87
2019-01-12 02:39:07,854:    |^^^^^^^^^^^^^^^^^^^^^^^^^^^^^^^^^^^^^^^^
2019-01-12 02:40:02,412:    |Epoch: 47, train acc: 0.91, test acc: 0.87
2019-01-12 02:40:02,412:    |^^^^^^^^^^^^^^^^^^^^^^^^^^^^^^^^^^^^^^^^
2019-01-12 02:40:56,979:    |Epoch: 48, train acc: 0.91, test acc: 0.88
2019-01-12 02:40:56,979:    |^^^^^^^^^^^^^^^^^^^^^^^^^^^^^^^^^^^^^^^^
2019-01-12 02:41:51,299:    |Epoch: 49, train acc: 0.91, test acc: 0.88
2019-01-12 02:41:51,300:    |^^^^^^^^^^^^^^^^^^^^^^^^^^^^^^^^^^^^^^^^
2019-01-12 02:42:45,704:    |Epoch: 50, train acc: 0.91, test acc: 0.86
2019-01-12 02:42:45,704:    |^^^^^^^^^^^^^^^^^^^^^^^^^^^^^^^^^^^^^^^^
2019-01-12 02:43:40,209:    |Epoch: 51, train acc: 0.91, test acc: 0.87
2019-01-12 02:43:40,209:    |^^^^^^^^^^^^^^^^^^^^^^^^^^^^^^^^^^^^^^^^
2019-01-12 02:44:34,551:    |Epoch: 52, train acc: 0.91, test acc: 0.87
2019-01-12 02:44:34,551:    |^^^^^^^^^^^^^^^^^^^^^^^^^^^^^^^^^^^^^^^^
2019-01-12 02:45:29,351:    |Epoch: 53, train acc: 0.91, test acc: 0.87
2019-01-12 02:45:29,351:    |^^^^^^^^^^^^^^^^^^^^^^^^^^^^^^^^^^^^^^^^
2019-01-12 02:46:23,828:    |Epoch: 54, train acc: 0.91, test acc: 0.87
2019-01-12 02:46:23,829:    |^^^^^^^^^^^^^^^^^^^^^^^^^^^^^^^^^^^^^^^^
2019-01-12 02:47:18,338:    |Epoch: 55, train acc: 0.91, test acc: 0.88
2019-01-12 02:47:18,338:    |^^^^^^^^^^^^^^^^^^^^^^^^^^^^^^^^^^^^^^^^
2019-01-12 02:48:12,651:    |Epoch: 56, train acc: 0.91, test acc: 0.86
2019-01-12 02:48:12,652:    |^^^^^^^^^^^^^^^^^^^^^^^^^^^^^^^^^^^^^^^^
2019-01-12 02:49:06,933:    |Epoch: 57, train acc: 0.91, test acc: 0.87
2019-01-12 02:49:06,934:    |^^^^^^^^^^^^^^^^^^^^^^^^^^^^^^^^^^^^^^^^
2019-01-12 02:50:01,431:    |Epoch: 58, train acc: 0.91, test acc: 0.88
2019-01-12 02:50:01,432:    |^^^^^^^^^^^^^^^^^^^^^^^^^^^^^^^^^^^^^^^^
2019-01-12 02:50:55,652:    |Epoch: 59, train acc: 0.91, test acc: 0.86
2019-01-12 02:50:55,653:    |Saving...
2019-01-12 02:50:55,729:    |^^^^^^^^^^^^^^^^^^^^^^^^^^^^^^^^^^^^^^^^
2019-01-12 02:51:50,301:    |Epoch: 60, train acc: 0.91, test acc: 0.88
2019-01-12 02:51:50,301:    |^^^^^^^^^^^^^^^^^^^^^^^^^^^^^^^^^^^^^^^^
2019-01-12 02:52:44,644:    |Epoch: 61, train acc: 0.91, test acc: 0.88
2019-01-12 02:52:44,644:    |^^^^^^^^^^^^^^^^^^^^^^^^^^^^^^^^^^^^^^^^
2019-01-12 02:53:38,977:    |Epoch: 62, train acc: 0.92, test acc: 0.86
2019-01-12 02:53:38,977:    |^^^^^^^^^^^^^^^^^^^^^^^^^^^^^^^^^^^^^^^^
2019-01-12 02:54:33,552:    |Epoch: 63, train acc: 0.92, test acc: 0.88
2019-01-12 02:54:33,552:    |^^^^^^^^^^^^^^^^^^^^^^^^^^^^^^^^^^^^^^^^
2019-01-12 02:55:28,152:    |Epoch: 64, train acc: 0.92, test acc: 0.88
2019-01-12 02:55:28,152:    |^^^^^^^^^^^^^^^^^^^^^^^^^^^^^^^^^^^^^^^^
2019-01-12 02:56:22,584:    |Epoch: 65, train acc: 0.92, test acc: 0.86
2019-01-12 02:56:22,585:    |^^^^^^^^^^^^^^^^^^^^^^^^^^^^^^^^^^^^^^^^
2019-01-12 02:57:17,227:    |Epoch: 66, train acc: 0.92, test acc: 0.88
2019-01-12 02:57:17,227:    |^^^^^^^^^^^^^^^^^^^^^^^^^^^^^^^^^^^^^^^^
2019-01-12 02:58:11,552:    |Epoch: 67, train acc: 0.92, test acc: 0.88
2019-01-12 02:58:11,553:    |^^^^^^^^^^^^^^^^^^^^^^^^^^^^^^^^^^^^^^^^
2019-01-12 02:59:06,133:    |Epoch: 68, train acc: 0.92, test acc: 0.88
2019-01-12 02:59:06,133:    |^^^^^^^^^^^^^^^^^^^^^^^^^^^^^^^^^^^^^^^^
2019-01-12 03:00:00,996:    |Epoch: 69, train acc: 0.92, test acc: 0.89
2019-01-12 03:00:00,996:    |^^^^^^^^^^^^^^^^^^^^^^^^^^^^^^^^^^^^^^^^
2019-01-12 03:00:55,426:    |Epoch: 70, train acc: 0.92, test acc: 0.89
2019-01-12 03:00:55,426:    |^^^^^^^^^^^^^^^^^^^^^^^^^^^^^^^^^^^^^^^^
2019-01-12 03:01:49,849:    |Epoch: 71, train acc: 0.92, test acc: 0.88
2019-01-12 03:01:49,850:    |^^^^^^^^^^^^^^^^^^^^^^^^^^^^^^^^^^^^^^^^
2019-01-12 03:02:44,119:    |Epoch: 72, train acc: 0.92, test acc: 0.89
2019-01-12 03:02:44,119:    |^^^^^^^^^^^^^^^^^^^^^^^^^^^^^^^^^^^^^^^^
2019-01-12 03:03:39,197:    |Epoch: 73, train acc: 0.92, test acc: 0.87
2019-01-12 03:03:39,197:    |^^^^^^^^^^^^^^^^^^^^^^^^^^^^^^^^^^^^^^^^
2019-01-12 03:04:33,640:    |Epoch: 74, train acc: 0.92, test acc: 0.88
2019-01-12 03:04:33,640:    |^^^^^^^^^^^^^^^^^^^^^^^^^^^^^^^^^^^^^^^^
2019-01-12 03:05:27,839:    |Epoch: 75, train acc: 0.92, test acc: 0.89
2019-01-12 03:05:27,840:    |^^^^^^^^^^^^^^^^^^^^^^^^^^^^^^^^^^^^^^^^
2019-01-12 03:06:22,618:    |Epoch: 76, train acc: 0.92, test acc: 0.89
2019-01-12 03:06:22,619:    |^^^^^^^^^^^^^^^^^^^^^^^^^^^^^^^^^^^^^^^^
2019-01-12 03:07:17,011:    |Epoch: 77, train acc: 0.92, test acc: 0.88
2019-01-12 03:07:17,012:    |^^^^^^^^^^^^^^^^^^^^^^^^^^^^^^^^^^^^^^^^
2019-01-12 03:08:11,662:    |Epoch: 78, train acc: 0.92, test acc: 0.88
2019-01-12 03:08:11,662:    |^^^^^^^^^^^^^^^^^^^^^^^^^^^^^^^^^^^^^^^^
2019-01-12 03:09:06,328:    |Epoch: 79, train acc: 0.92, test acc: 0.88
2019-01-12 03:09:06,328:    |Saving...
2019-01-12 03:09:06,403:    |^^^^^^^^^^^^^^^^^^^^^^^^^^^^^^^^^^^^^^^^
2019-01-12 03:10:01,078:    |Epoch: 80, train acc: 0.92, test acc: 0.88
2019-01-12 03:10:01,079:    |^^^^^^^^^^^^^^^^^^^^^^^^^^^^^^^^^^^^^^^^
2019-01-12 03:10:55,426:    |Epoch: 81, train acc: 0.92, test acc: 0.88
2019-01-12 03:10:55,427:    |^^^^^^^^^^^^^^^^^^^^^^^^^^^^^^^^^^^^^^^^
2019-01-12 03:11:49,784:    |Epoch: 82, train acc: 0.92, test acc: 0.88
2019-01-12 03:11:49,784:    |^^^^^^^^^^^^^^^^^^^^^^^^^^^^^^^^^^^^^^^^
2019-01-12 03:12:44,544:    |Epoch: 83, train acc: 0.92, test acc: 0.88
2019-01-12 03:12:44,544:    |^^^^^^^^^^^^^^^^^^^^^^^^^^^^^^^^^^^^^^^^
2019-01-12 03:13:38,734:    |Epoch: 84, train acc: 0.92, test acc: 0.89
2019-01-12 03:13:38,735:    |^^^^^^^^^^^^^^^^^^^^^^^^^^^^^^^^^^^^^^^^
2019-01-12 03:14:33,201:    |Epoch: 85, train acc: 0.92, test acc: 0.87
2019-01-12 03:14:33,201:    |^^^^^^^^^^^^^^^^^^^^^^^^^^^^^^^^^^^^^^^^
2019-01-12 03:15:27,684:    |Epoch: 86, train acc: 0.92, test acc: 0.87
2019-01-12 03:15:27,684:    |^^^^^^^^^^^^^^^^^^^^^^^^^^^^^^^^^^^^^^^^
2019-01-12 03:16:22,288:    |Epoch: 87, train acc: 0.92, test acc: 0.88
2019-01-12 03:16:22,288:    |^^^^^^^^^^^^^^^^^^^^^^^^^^^^^^^^^^^^^^^^
2019-01-12 03:17:16,244:    |Epoch: 88, train acc: 0.92, test acc: 0.89
2019-01-12 03:17:16,244:    |^^^^^^^^^^^^^^^^^^^^^^^^^^^^^^^^^^^^^^^^
2019-01-12 03:18:10,925:    |Epoch: 89, train acc: 0.92, test acc: 0.89
2019-01-12 03:18:10,926:    |^^^^^^^^^^^^^^^^^^^^^^^^^^^^^^^^^^^^^^^^
2019-01-12 03:19:05,359:    |Epoch: 90, train acc: 0.92, test acc: 0.88
2019-01-12 03:19:05,360:    |^^^^^^^^^^^^^^^^^^^^^^^^^^^^^^^^^^^^^^^^
2019-01-12 03:19:59,589:    |Epoch: 91, train acc: 0.92, test acc: 0.88
2019-01-12 03:19:59,589:    |^^^^^^^^^^^^^^^^^^^^^^^^^^^^^^^^^^^^^^^^
2019-01-12 03:20:54,248:    |Epoch: 92, train acc: 0.92, test acc: 0.88
2019-01-12 03:20:54,248:    |^^^^^^^^^^^^^^^^^^^^^^^^^^^^^^^^^^^^^^^^
2019-01-12 03:21:48,583:    |Epoch: 93, train acc: 0.92, test acc: 0.88
2019-01-12 03:21:48,584:    |^^^^^^^^^^^^^^^^^^^^^^^^^^^^^^^^^^^^^^^^
2019-01-12 03:22:43,006:    |Epoch: 94, train acc: 0.92, test acc: 0.87
2019-01-12 03:22:43,006:    |^^^^^^^^^^^^^^^^^^^^^^^^^^^^^^^^^^^^^^^^
2019-01-12 03:23:37,321:    |Epoch: 95, train acc: 0.92, test acc: 0.87
2019-01-12 03:23:37,322:    |^^^^^^^^^^^^^^^^^^^^^^^^^^^^^^^^^^^^^^^^
2019-01-12 03:24:31,991:    |Epoch: 96, train acc: 0.92, test acc: 0.87
2019-01-12 03:24:31,991:    |^^^^^^^^^^^^^^^^^^^^^^^^^^^^^^^^^^^^^^^^
2019-01-12 03:25:26,539:    |Epoch: 97, train acc: 0.92, test acc: 0.89
2019-01-12 03:25:26,540:    |^^^^^^^^^^^^^^^^^^^^^^^^^^^^^^^^^^^^^^^^
2019-01-12 03:26:20,868:    |Epoch: 98, train acc: 0.92, test acc: 0.87
2019-01-12 03:26:20,869:    |^^^^^^^^^^^^^^^^^^^^^^^^^^^^^^^^^^^^^^^^
2019-01-12 03:27:15,487:    |Epoch: 99, train acc: 0.92, test acc: 0.89
2019-01-12 03:27:15,487:    |Saving...
2019-01-12 03:27:15,569:    |^^^^^^^^^^^^^^^^^^^^^^^^^^^^^^^^^^^^^^^^
2019-01-12 03:28:09,779:    |Epoch: 100, train acc: 0.92, test acc: 0.89
2019-01-12 03:28:09,780:    |^^^^^^^^^^^^^^^^^^^^^^^^^^^^^^^^^^^^^^^^
2019-01-12 03:29:04,768:    |Epoch: 101, train acc: 0.92, test acc: 0.87
2019-01-12 03:29:04,769:    |^^^^^^^^^^^^^^^^^^^^^^^^^^^^^^^^^^^^^^^^
2019-01-12 03:29:59,054:    |Epoch: 102, train acc: 0.92, test acc: 0.89
2019-01-12 03:29:59,054:    |^^^^^^^^^^^^^^^^^^^^^^^^^^^^^^^^^^^^^^^^
2019-01-12 03:30:53,305:    |Epoch: 103, train acc: 0.92, test acc: 0.89
2019-01-12 03:30:53,305:    |^^^^^^^^^^^^^^^^^^^^^^^^^^^^^^^^^^^^^^^^
2019-01-12 03:31:47,629:    |Epoch: 104, train acc: 0.92, test acc: 0.88
2019-01-12 03:31:47,629:    |^^^^^^^^^^^^^^^^^^^^^^^^^^^^^^^^^^^^^^^^
2019-01-12 03:32:42,036:    |Epoch: 105, train acc: 0.92, test acc: 0.87
2019-01-12 03:32:42,037:    |^^^^^^^^^^^^^^^^^^^^^^^^^^^^^^^^^^^^^^^^
2019-01-12 03:33:36,995:    |Epoch: 106, train acc: 0.92, test acc: 0.87
2019-01-12 03:33:36,996:    |^^^^^^^^^^^^^^^^^^^^^^^^^^^^^^^^^^^^^^^^
2019-01-12 03:34:31,468:    |Epoch: 107, train acc: 0.92, test acc: 0.89
2019-01-12 03:34:31,468:    |^^^^^^^^^^^^^^^^^^^^^^^^^^^^^^^^^^^^^^^^
2019-01-12 03:35:25,751:    |Epoch: 108, train acc: 0.92, test acc: 0.88
2019-01-12 03:35:25,752:    |^^^^^^^^^^^^^^^^^^^^^^^^^^^^^^^^^^^^^^^^
2019-01-12 03:36:20,102:    |Epoch: 109, train acc: 0.92, test acc: 0.89
2019-01-12 03:36:20,102:    |^^^^^^^^^^^^^^^^^^^^^^^^^^^^^^^^^^^^^^^^
2019-01-12 03:37:14,592:    |Epoch: 110, train acc: 0.92, test acc: 0.88
2019-01-12 03:37:14,593:    |^^^^^^^^^^^^^^^^^^^^^^^^^^^^^^^^^^^^^^^^
2019-01-12 03:38:09,026:    |Epoch: 111, train acc: 0.93, test acc: 0.88
2019-01-12 03:38:09,026:    |^^^^^^^^^^^^^^^^^^^^^^^^^^^^^^^^^^^^^^^^
2019-01-12 03:39:03,588:    |Epoch: 112, train acc: 0.92, test acc: 0.88
2019-01-12 03:39:03,588:    |^^^^^^^^^^^^^^^^^^^^^^^^^^^^^^^^^^^^^^^^
2019-01-12 03:39:58,279:    |Epoch: 113, train acc: 0.93, test acc: 0.89
2019-01-12 03:39:58,279:    |^^^^^^^^^^^^^^^^^^^^^^^^^^^^^^^^^^^^^^^^
2019-01-12 03:40:52,984:    |Epoch: 114, train acc: 0.92, test acc: 0.88
2019-01-12 03:40:52,985:    |^^^^^^^^^^^^^^^^^^^^^^^^^^^^^^^^^^^^^^^^
2019-01-12 03:41:47,329:    |Epoch: 115, train acc: 0.92, test acc: 0.88
2019-01-12 03:41:47,329:    |^^^^^^^^^^^^^^^^^^^^^^^^^^^^^^^^^^^^^^^^
2019-01-12 03:42:41,823:    |Epoch: 116, train acc: 0.93, test acc: 0.89
2019-01-12 03:42:41,823:    |^^^^^^^^^^^^^^^^^^^^^^^^^^^^^^^^^^^^^^^^
2019-01-12 03:43:35,893:    |Epoch: 117, train acc: 0.92, test acc: 0.88
2019-01-12 03:43:35,893:    |^^^^^^^^^^^^^^^^^^^^^^^^^^^^^^^^^^^^^^^^
2019-01-12 03:44:30,568:    |Epoch: 118, train acc: 0.93, test acc: 0.89
2019-01-12 03:44:30,569:    |^^^^^^^^^^^^^^^^^^^^^^^^^^^^^^^^^^^^^^^^
2019-01-12 03:45:25,133:    |Epoch: 119, train acc: 0.92, test acc: 0.88
2019-01-12 03:45:25,133:    |Saving...
2019-01-12 03:45:25,207:    |^^^^^^^^^^^^^^^^^^^^^^^^^^^^^^^^^^^^^^^^
2019-01-12 03:46:19,854:    |Epoch: 120, train acc: 0.92, test acc: 0.89
2019-01-12 03:46:19,854:    |^^^^^^^^^^^^^^^^^^^^^^^^^^^^^^^^^^^^^^^^
2019-01-12 03:47:14,540:    |Epoch: 121, train acc: 0.93, test acc: 0.88
2019-01-12 03:47:14,541:    |^^^^^^^^^^^^^^^^^^^^^^^^^^^^^^^^^^^^^^^^
2019-01-12 03:48:08,956:    |Epoch: 122, train acc: 0.92, test acc: 0.88
2019-01-12 03:48:08,956:    |^^^^^^^^^^^^^^^^^^^^^^^^^^^^^^^^^^^^^^^^
2019-01-12 03:49:03,704:    |Epoch: 123, train acc: 0.93, test acc: 0.90
2019-01-12 03:49:03,704:    |^^^^^^^^^^^^^^^^^^^^^^^^^^^^^^^^^^^^^^^^
2019-01-12 03:49:57,745:    |Epoch: 124, train acc: 0.93, test acc: 0.89
2019-01-12 03:49:57,745:    |^^^^^^^^^^^^^^^^^^^^^^^^^^^^^^^^^^^^^^^^
2019-01-12 03:50:52,812:    |Epoch: 125, train acc: 0.93, test acc: 0.89
2019-01-12 03:50:52,813:    |^^^^^^^^^^^^^^^^^^^^^^^^^^^^^^^^^^^^^^^^
2019-01-12 03:51:47,178:    |Epoch: 126, train acc: 0.93, test acc: 0.89
2019-01-12 03:51:47,179:    |^^^^^^^^^^^^^^^^^^^^^^^^^^^^^^^^^^^^^^^^
2019-01-12 03:52:41,580:    |Epoch: 127, train acc: 0.93, test acc: 0.88
2019-01-12 03:52:41,581:    |^^^^^^^^^^^^^^^^^^^^^^^^^^^^^^^^^^^^^^^^
2019-01-12 03:53:35,647:    |Epoch: 128, train acc: 0.92, test acc: 0.88
2019-01-12 03:53:35,648:    |^^^^^^^^^^^^^^^^^^^^^^^^^^^^^^^^^^^^^^^^
2019-01-12 03:54:30,005:    |Epoch: 129, train acc: 0.92, test acc: 0.88
2019-01-12 03:54:30,005:    |^^^^^^^^^^^^^^^^^^^^^^^^^^^^^^^^^^^^^^^^
2019-01-12 03:55:24,622:    |Epoch: 130, train acc: 0.93, test acc: 0.86
2019-01-12 03:55:24,622:    |^^^^^^^^^^^^^^^^^^^^^^^^^^^^^^^^^^^^^^^^
2019-01-12 03:56:19,129:    |Epoch: 131, train acc: 0.93, test acc: 0.89
2019-01-12 03:56:19,129:    |^^^^^^^^^^^^^^^^^^^^^^^^^^^^^^^^^^^^^^^^
2019-01-12 03:57:13,289:    |Epoch: 132, train acc: 0.93, test acc: 0.88
2019-01-12 03:57:13,290:    |^^^^^^^^^^^^^^^^^^^^^^^^^^^^^^^^^^^^^^^^
2019-01-12 03:58:07,587:    |Epoch: 133, train acc: 0.92, test acc: 0.89
2019-01-12 03:58:07,587:    |^^^^^^^^^^^^^^^^^^^^^^^^^^^^^^^^^^^^^^^^
2019-01-12 03:59:02,050:    |Epoch: 134, train acc: 0.93, test acc: 0.89
2019-01-12 03:59:02,051:    |^^^^^^^^^^^^^^^^^^^^^^^^^^^^^^^^^^^^^^^^
2019-01-12 03:59:56,181:    |Epoch: 135, train acc: 0.92, test acc: 0.88
2019-01-12 03:59:56,182:    |^^^^^^^^^^^^^^^^^^^^^^^^^^^^^^^^^^^^^^^^
2019-01-12 04:00:50,640:    |Epoch: 136, train acc: 0.93, test acc: 0.88
2019-01-12 04:00:50,640:    |^^^^^^^^^^^^^^^^^^^^^^^^^^^^^^^^^^^^^^^^
2019-01-12 04:01:45,459:    |Epoch: 137, train acc: 0.93, test acc: 0.88
2019-01-12 04:01:45,460:    |^^^^^^^^^^^^^^^^^^^^^^^^^^^^^^^^^^^^^^^^
2019-01-12 04:02:39,918:    |Epoch: 138, train acc: 0.93, test acc: 0.89
2019-01-12 04:02:39,918:    |^^^^^^^^^^^^^^^^^^^^^^^^^^^^^^^^^^^^^^^^
2019-01-12 04:03:34,626:    |Epoch: 139, train acc: 0.93, test acc: 0.89
2019-01-12 04:03:34,626:    |Saving...
2019-01-12 04:03:34,703:    |^^^^^^^^^^^^^^^^^^^^^^^^^^^^^^^^^^^^^^^^
2019-01-12 04:04:29,229:    |Epoch: 140, train acc: 0.93, test acc: 0.89
2019-01-12 04:04:29,229:    |^^^^^^^^^^^^^^^^^^^^^^^^^^^^^^^^^^^^^^^^
2019-01-12 04:05:23,638:    |Epoch: 141, train acc: 0.93, test acc: 0.89
2019-01-12 04:05:23,639:    |^^^^^^^^^^^^^^^^^^^^^^^^^^^^^^^^^^^^^^^^
2019-01-12 04:06:18,136:    |Epoch: 142, train acc: 0.93, test acc: 0.88
2019-01-12 04:06:18,136:    |^^^^^^^^^^^^^^^^^^^^^^^^^^^^^^^^^^^^^^^^
2019-01-12 04:07:12,716:    |Epoch: 143, train acc: 0.93, test acc: 0.90
2019-01-12 04:07:12,716:    |^^^^^^^^^^^^^^^^^^^^^^^^^^^^^^^^^^^^^^^^
2019-01-12 04:08:07,206:    |Epoch: 144, train acc: 0.93, test acc: 0.89
2019-01-12 04:08:07,207:    |^^^^^^^^^^^^^^^^^^^^^^^^^^^^^^^^^^^^^^^^
2019-01-12 04:09:01,867:    |Epoch: 145, train acc: 0.93, test acc: 0.88
2019-01-12 04:09:01,867:    |^^^^^^^^^^^^^^^^^^^^^^^^^^^^^^^^^^^^^^^^
2019-01-12 04:09:56,610:    |Epoch: 146, train acc: 0.93, test acc: 0.89
2019-01-12 04:09:56,611:    |^^^^^^^^^^^^^^^^^^^^^^^^^^^^^^^^^^^^^^^^
2019-01-12 04:10:50,652:    |Epoch: 147, train acc: 0.93, test acc: 0.89
2019-01-12 04:10:50,652:    |^^^^^^^^^^^^^^^^^^^^^^^^^^^^^^^^^^^^^^^^
2019-01-12 04:11:44,838:    |Epoch: 148, train acc: 0.93, test acc: 0.89
2019-01-12 04:11:44,839:    |^^^^^^^^^^^^^^^^^^^^^^^^^^^^^^^^^^^^^^^^
2019-01-12 04:12:39,728:    |Epoch: 149, train acc: 0.93, test acc: 0.88
2019-01-12 04:12:39,729:    |^^^^^^^^^^^^^^^^^^^^^^^^^^^^^^^^^^^^^^^^
2019-01-12 04:13:33,827:    |Epoch: 150, train acc: 0.93, test acc: 0.88
2019-01-12 04:13:33,828:    |^^^^^^^^^^^^^^^^^^^^^^^^^^^^^^^^^^^^^^^^
2019-01-12 04:14:28,415:    |Epoch: 151, train acc: 0.93, test acc: 0.89
2019-01-12 04:14:28,416:    |^^^^^^^^^^^^^^^^^^^^^^^^^^^^^^^^^^^^^^^^
2019-01-12 04:15:22,898:    |Epoch: 152, train acc: 0.93, test acc: 0.89
2019-01-12 04:15:22,898:    |^^^^^^^^^^^^^^^^^^^^^^^^^^^^^^^^^^^^^^^^
2019-01-12 04:16:17,111:    |Epoch: 153, train acc: 0.93, test acc: 0.88
2019-01-12 04:16:17,112:    |^^^^^^^^^^^^^^^^^^^^^^^^^^^^^^^^^^^^^^^^
2019-01-12 04:17:11,692:    |Epoch: 154, train acc: 0.93, test acc: 0.89
2019-01-12 04:17:11,692:    |^^^^^^^^^^^^^^^^^^^^^^^^^^^^^^^^^^^^^^^^
2019-01-12 04:18:06,108:    |Epoch: 155, train acc: 0.93, test acc: 0.89
2019-01-12 04:18:06,109:    |^^^^^^^^^^^^^^^^^^^^^^^^^^^^^^^^^^^^^^^^
2019-01-12 04:19:00,687:    |Epoch: 156, train acc: 0.93, test acc: 0.89
2019-01-12 04:19:00,687:    |^^^^^^^^^^^^^^^^^^^^^^^^^^^^^^^^^^^^^^^^
2019-01-12 04:19:55,028:    |Epoch: 157, train acc: 0.93, test acc: 0.89
2019-01-12 04:19:55,029:    |^^^^^^^^^^^^^^^^^^^^^^^^^^^^^^^^^^^^^^^^
2019-01-12 04:20:49,595:    |Epoch: 158, train acc: 0.93, test acc: 0.88
2019-01-12 04:20:49,596:    |^^^^^^^^^^^^^^^^^^^^^^^^^^^^^^^^^^^^^^^^
2019-01-12 04:21:43,828:    |Epoch: 159, train acc: 0.93, test acc: 0.89
2019-01-12 04:21:43,828:    |Saving...
2019-01-12 04:21:43,928:    |^^^^^^^^^^^^^^^^^^^^^^^^^^^^^^^^^^^^^^^^
2019-01-12 04:22:38,437:    |Epoch: 160, train acc: 0.93, test acc: 0.89
2019-01-12 04:22:38,438:    |^^^^^^^^^^^^^^^^^^^^^^^^^^^^^^^^^^^^^^^^
2019-01-12 04:23:33,042:    |Epoch: 161, train acc: 0.93, test acc: 0.88
2019-01-12 04:23:33,042:    |^^^^^^^^^^^^^^^^^^^^^^^^^^^^^^^^^^^^^^^^
2019-01-12 04:24:27,619:    |Epoch: 162, train acc: 0.93, test acc: 0.90
2019-01-12 04:24:27,619:    |^^^^^^^^^^^^^^^^^^^^^^^^^^^^^^^^^^^^^^^^
2019-01-12 04:25:21,970:    |Epoch: 163, train acc: 0.93, test acc: 0.89
2019-01-12 04:25:21,970:    |^^^^^^^^^^^^^^^^^^^^^^^^^^^^^^^^^^^^^^^^
2019-01-12 04:26:16,320:    |Epoch: 164, train acc: 0.93, test acc: 0.88
2019-01-12 04:26:16,320:    |^^^^^^^^^^^^^^^^^^^^^^^^^^^^^^^^^^^^^^^^
2019-01-12 04:27:10,332:    |Epoch: 165, train acc: 0.93, test acc: 0.88
2019-01-12 04:27:10,333:    |^^^^^^^^^^^^^^^^^^^^^^^^^^^^^^^^^^^^^^^^
2019-01-12 04:28:04,743:    |Epoch: 166, train acc: 0.93, test acc: 0.89
2019-01-12 04:28:04,744:    |^^^^^^^^^^^^^^^^^^^^^^^^^^^^^^^^^^^^^^^^
2019-01-12 04:28:59,117:    |Epoch: 167, train acc: 0.93, test acc: 0.87
2019-01-12 04:28:59,117:    |^^^^^^^^^^^^^^^^^^^^^^^^^^^^^^^^^^^^^^^^
2019-01-12 04:29:53,540:    |Epoch: 168, train acc: 0.93, test acc: 0.89
2019-01-12 04:29:53,541:    |^^^^^^^^^^^^^^^^^^^^^^^^^^^^^^^^^^^^^^^^
2019-01-12 04:30:48,237:    |Epoch: 169, train acc: 0.93, test acc: 0.89
2019-01-12 04:30:48,237:    |^^^^^^^^^^^^^^^^^^^^^^^^^^^^^^^^^^^^^^^^
2019-01-12 04:31:43,006:    |Epoch: 170, train acc: 0.93, test acc: 0.89
2019-01-12 04:31:43,007:    |^^^^^^^^^^^^^^^^^^^^^^^^^^^^^^^^^^^^^^^^
2019-01-12 04:32:37,594:    |Epoch: 171, train acc: 0.93, test acc: 0.89
2019-01-12 04:32:37,594:    |^^^^^^^^^^^^^^^^^^^^^^^^^^^^^^^^^^^^^^^^
2019-01-12 04:33:32,275:    |Epoch: 172, train acc: 0.93, test acc: 0.88
2019-01-12 04:33:32,275:    |^^^^^^^^^^^^^^^^^^^^^^^^^^^^^^^^^^^^^^^^
2019-01-12 04:34:27,056:    |Epoch: 173, train acc: 0.93, test acc: 0.88
2019-01-12 04:34:27,056:    |^^^^^^^^^^^^^^^^^^^^^^^^^^^^^^^^^^^^^^^^
2019-01-12 04:35:21,259:    |Epoch: 174, train acc: 0.93, test acc: 0.88
2019-01-12 04:35:21,260:    |^^^^^^^^^^^^^^^^^^^^^^^^^^^^^^^^^^^^^^^^
2019-01-12 04:36:15,920:    |Epoch: 175, train acc: 0.93, test acc: 0.89
2019-01-12 04:36:15,921:    |^^^^^^^^^^^^^^^^^^^^^^^^^^^^^^^^^^^^^^^^
2019-01-12 04:37:10,045:    |Epoch: 176, train acc: 0.93, test acc: 0.88
2019-01-12 04:37:10,045:    |^^^^^^^^^^^^^^^^^^^^^^^^^^^^^^^^^^^^^^^^
2019-01-12 04:38:05,028:    |Epoch: 177, train acc: 0.93, test acc: 0.89
2019-01-12 04:38:05,029:    |^^^^^^^^^^^^^^^^^^^^^^^^^^^^^^^^^^^^^^^^
2019-01-12 04:38:59,218:    |Epoch: 178, train acc: 0.93, test acc: 0.89
2019-01-12 04:38:59,218:    |^^^^^^^^^^^^^^^^^^^^^^^^^^^^^^^^^^^^^^^^
2019-01-12 04:39:53,788:    |Epoch: 179, train acc: 0.93, test acc: 0.88
2019-01-12 04:39:53,788:    |Saving...
2019-01-12 04:39:53,889:    |^^^^^^^^^^^^^^^^^^^^^^^^^^^^^^^^^^^^^^^^
2019-01-12 04:40:48,728:    |Epoch: 180, train acc: 0.93, test acc: 0.89
2019-01-12 04:40:48,729:    |^^^^^^^^^^^^^^^^^^^^^^^^^^^^^^^^^^^^^^^^
2019-01-12 04:41:42,993:    |Epoch: 181, train acc: 0.93, test acc: 0.88
2019-01-12 04:41:42,994:    |^^^^^^^^^^^^^^^^^^^^^^^^^^^^^^^^^^^^^^^^
2019-01-12 04:42:37,520:    |Epoch: 182, train acc: 0.93, test acc: 0.89
2019-01-12 04:42:37,521:    |^^^^^^^^^^^^^^^^^^^^^^^^^^^^^^^^^^^^^^^^
2019-01-12 04:43:31,652:    |Epoch: 183, train acc: 0.93, test acc: 0.89
2019-01-12 04:43:31,652:    |^^^^^^^^^^^^^^^^^^^^^^^^^^^^^^^^^^^^^^^^
2019-01-12 04:44:26,000:    |Epoch: 184, train acc: 0.93, test acc: 0.89
2019-01-12 04:44:26,000:    |^^^^^^^^^^^^^^^^^^^^^^^^^^^^^^^^^^^^^^^^
2019-01-12 04:45:20,195:    |Epoch: 185, train acc: 0.93, test acc: 0.89
2019-01-12 04:45:20,195:    |^^^^^^^^^^^^^^^^^^^^^^^^^^^^^^^^^^^^^^^^
2019-01-12 04:46:14,982:    |Epoch: 186, train acc: 0.93, test acc: 0.89
2019-01-12 04:46:14,983:    |^^^^^^^^^^^^^^^^^^^^^^^^^^^^^^^^^^^^^^^^
2019-01-12 04:47:09,040:    |Epoch: 187, train acc: 0.93, test acc: 0.89
2019-01-12 04:47:09,041:    |^^^^^^^^^^^^^^^^^^^^^^^^^^^^^^^^^^^^^^^^
2019-01-12 04:48:03,606:    |Epoch: 188, train acc: 0.93, test acc: 0.89
2019-01-12 04:48:03,607:    |^^^^^^^^^^^^^^^^^^^^^^^^^^^^^^^^^^^^^^^^
2019-01-12 04:48:57,956:    |Epoch: 189, train acc: 0.93, test acc: 0.87
2019-01-12 04:48:57,956:    |^^^^^^^^^^^^^^^^^^^^^^^^^^^^^^^^^^^^^^^^
2019-01-12 04:49:52,738:    |Epoch: 190, train acc: 0.93, test acc: 0.89
2019-01-12 04:49:52,739:    |^^^^^^^^^^^^^^^^^^^^^^^^^^^^^^^^^^^^^^^^
2019-01-12 04:50:47,077:    |Epoch: 191, train acc: 0.93, test acc: 0.89
2019-01-12 04:50:47,077:    |^^^^^^^^^^^^^^^^^^^^^^^^^^^^^^^^^^^^^^^^
2019-01-12 04:51:42,090:    |Epoch: 192, train acc: 0.93, test acc: 0.88
2019-01-12 04:51:42,091:    |^^^^^^^^^^^^^^^^^^^^^^^^^^^^^^^^^^^^^^^^
2019-01-12 04:52:36,730:    |Epoch: 193, train acc: 0.93, test acc: 0.90
2019-01-12 04:52:36,730:    |^^^^^^^^^^^^^^^^^^^^^^^^^^^^^^^^^^^^^^^^
2019-01-12 04:53:30,961:    |Epoch: 194, train acc: 0.93, test acc: 0.89
2019-01-12 04:53:30,961:    |^^^^^^^^^^^^^^^^^^^^^^^^^^^^^^^^^^^^^^^^
2019-01-12 04:54:25,508:    |Epoch: 195, train acc: 0.93, test acc: 0.86
2019-01-12 04:54:25,508:    |^^^^^^^^^^^^^^^^^^^^^^^^^^^^^^^^^^^^^^^^
2019-01-12 04:55:19,824:    |Epoch: 196, train acc: 0.93, test acc: 0.89
2019-01-12 04:55:19,824:    |^^^^^^^^^^^^^^^^^^^^^^^^^^^^^^^^^^^^^^^^
2019-01-12 04:56:14,056:    |Epoch: 197, train acc: 0.93, test acc: 0.89
2019-01-12 04:56:14,057:    |^^^^^^^^^^^^^^^^^^^^^^^^^^^^^^^^^^^^^^^^
2019-01-12 04:57:08,439:    |Epoch: 198, train acc: 0.93, test acc: 0.88
2019-01-12 04:57:08,439:    |^^^^^^^^^^^^^^^^^^^^^^^^^^^^^^^^^^^^^^^^
2019-01-12 04:58:02,723:    |Epoch: 199, train acc: 0.93, test acc: 0.89
2019-01-12 04:58:02,723:    |Saving...
2019-01-12 04:58:02,798:    |^^^^^^^^^^^^^^^^^^^^^^^^^^^^^^^^^^^^^^^^
